2025-08-04 22:47:23,864 - INFO - ==============================
TRAINING CONFIGURATION
==============================
2025-08-04 22:47:23,864 - INFO - data_dir: data/bending
2025-08-04 22:47:23,864 - INFO - batch_size: 4
2025-08-04 22:47:23,864 - INFO - lr: 0.001
2025-08-04 22:47:23,864 - INFO - epochs: 100
2025-08-04 22:47:23,864 - INFO - sensor_dim: 512
2025-08-04 22:47:23,864 - INFO - cage_res: [15, 15, 15]
2025-08-04 22:47:23,864 - INFO - num_workers: 4
2025-08-04 22:47:23,864 - INFO - out_dir: outputs/bending
2025-08-04 22:47:23,864 - INFO - num_fourier_bands: 8
2025-08-04 22:47:23,864 - INFO - num_time_bands: 6
2025-08-04 22:47:23,864 - INFO - sensor_res: [10, 10]
2025-08-04 22:47:23,864 - INFO - device: cuda
2025-08-04 22:47:23,864 - INFO - ==============================
2025-08-04 22:47:26,213 - INFO - Training started! Dataset size: 774, Batch size: 4, Epochs: 100, Model params: 2650755
2025-08-04 22:48:14,706 - INFO - Epoch 1 | Avg Loss: 0.095264 | Min Loss: 0.007654 | Max Loss: 0.385636
2025-08-04 22:49:02,923 - INFO - Epoch 2 | Avg Loss: 0.075322 | Min Loss: 0.005954 | Max Loss: 0.248448
2025-08-04 22:49:50,762 - INFO - Epoch 3 | Avg Loss: 0.071146 | Min Loss: 0.005303 | Max Loss: 0.298292
2025-08-04 22:50:38,554 - INFO - Epoch 4 | Avg Loss: 0.066116 | Min Loss: 0.004978 | Max Loss: 0.220696
2025-08-04 22:51:26,264 - INFO - Epoch 5 | Avg Loss: 0.071001 | Min Loss: 0.005814 | Max Loss: 0.355205
2025-08-04 22:52:13,793 - INFO - Epoch 6 | Avg Loss: 0.066994 | Min Loss: 0.003163 | Max Loss: 0.216504
2025-08-04 22:53:02,434 - INFO - Epoch 7 | Avg Loss: 0.062736 | Min Loss: 0.003292 | Max Loss: 0.187330
2025-08-04 22:53:50,348 - INFO - Epoch 8 | Avg Loss: 0.062108 | Min Loss: 0.005079 | Max Loss: 0.180717
2025-08-04 22:54:38,214 - INFO - Epoch 9 | Avg Loss: 0.064199 | Min Loss: 0.003426 | Max Loss: 0.284498
2025-08-04 22:55:26,102 - INFO - Epoch 10 | Avg Loss: 0.062787 | Min Loss: 0.002792 | Max Loss: 0.178832
2025-08-04 22:56:14,340 - INFO - Epoch 11 | Avg Loss: 0.061510 | Min Loss: 0.005786 | Max Loss: 0.193289
2025-08-04 22:57:02,165 - INFO - Epoch 12 | Avg Loss: 0.060583 | Min Loss: 0.004052 | Max Loss: 0.171732
2025-08-04 22:57:50,145 - INFO - Epoch 13 | Avg Loss: 0.062307 | Min Loss: 0.004578 | Max Loss: 0.174927
2025-08-04 22:58:37,894 - INFO - Epoch 14 | Avg Loss: 0.061540 | Min Loss: 0.003372 | Max Loss: 0.186317
2025-08-04 22:59:26,408 - INFO - Epoch 15 | Avg Loss: 0.061498 | Min Loss: 0.006108 | Max Loss: 0.171263
2025-08-04 23:00:13,784 - INFO - Epoch 16 | Avg Loss: 0.061633 | Min Loss: 0.004483 | Max Loss: 0.185026
2025-08-04 23:01:01,831 - INFO - Epoch 17 | Avg Loss: 0.062971 | Min Loss: 0.003173 | Max Loss: 0.182761
2025-08-04 23:01:50,145 - INFO - Epoch 18 | Avg Loss: 0.058775 | Min Loss: 0.005540 | Max Loss: 0.174306
2025-08-04 23:02:37,772 - INFO - Epoch 19 | Avg Loss: 0.060519 | Min Loss: 0.003054 | Max Loss: 0.181462
2025-08-04 23:03:25,789 - INFO - Epoch 20 | Avg Loss: 0.060107 | Min Loss: 0.006447 | Max Loss: 0.195526
2025-08-04 23:04:14,050 - INFO - Epoch 21 | Avg Loss: 0.058822 | Min Loss: 0.005292 | Max Loss: 0.159923
2025-08-04 23:05:01,658 - INFO - Epoch 22 | Avg Loss: 0.060624 | Min Loss: 0.005978 | Max Loss: 0.206703
2025-08-04 23:05:49,311 - INFO - Epoch 23 | Avg Loss: 0.058808 | Min Loss: 0.005555 | Max Loss: 0.172435
2025-08-04 23:06:37,231 - INFO - Epoch 24 | Avg Loss: 0.059763 | Min Loss: 0.003016 | Max Loss: 0.169060
2025-08-04 23:07:25,152 - INFO - Epoch 25 | Avg Loss: 0.059817 | Min Loss: 0.002451 | Max Loss: 0.142712
2025-08-04 23:08:13,013 - INFO - Epoch 26 | Avg Loss: 0.059766 | Min Loss: 0.002261 | Max Loss: 0.200603
2025-08-04 23:09:00,993 - INFO - Epoch 27 | Avg Loss: 0.059412 | Min Loss: 0.003222 | Max Loss: 0.152591
2025-08-04 23:09:48,966 - INFO - Epoch 28 | Avg Loss: 0.058317 | Min Loss: 0.005706 | Max Loss: 0.164366
2025-08-04 23:10:37,005 - INFO - Epoch 29 | Avg Loss: 0.062017 | Min Loss: 0.002176 | Max Loss: 0.239181
2025-08-04 23:11:24,754 - INFO - Epoch 30 | Avg Loss: 0.062011 | Min Loss: 0.004078 | Max Loss: 0.168609
2025-08-04 23:12:12,792 - INFO - Epoch 31 | Avg Loss: 0.058203 | Min Loss: 0.004798 | Max Loss: 0.168080
2025-08-04 23:13:00,539 - INFO - Epoch 32 | Avg Loss: 0.058343 | Min Loss: 0.004832 | Max Loss: 0.186622
2025-08-04 23:13:48,883 - INFO - Epoch 33 | Avg Loss: 0.059335 | Min Loss: 0.002305 | Max Loss: 0.187162
2025-08-04 23:14:36,930 - INFO - Epoch 34 | Avg Loss: 0.064267 | Min Loss: 0.004112 | Max Loss: 0.264982
2025-08-04 23:15:24,851 - INFO - Epoch 35 | Avg Loss: 0.060078 | Min Loss: 0.001728 | Max Loss: 0.174187
2025-08-04 23:16:12,467 - INFO - Epoch 36 | Avg Loss: 0.057808 | Min Loss: 0.002394 | Max Loss: 0.149507
2025-08-04 23:17:00,616 - INFO - Epoch 37 | Avg Loss: 0.058492 | Min Loss: 0.005223 | Max Loss: 0.209389
2025-08-04 23:17:48,400 - INFO - Epoch 38 | Avg Loss: 0.059782 | Min Loss: 0.003646 | Max Loss: 0.172818
2025-08-04 23:18:35,972 - INFO - Epoch 39 | Avg Loss: 0.061045 | Min Loss: 0.004306 | Max Loss: 0.161869
2025-08-04 23:19:24,193 - INFO - Epoch 40 | Avg Loss: 0.059716 | Min Loss: 0.003428 | Max Loss: 0.170635
2025-08-04 23:20:11,910 - INFO - Epoch 41 | Avg Loss: 0.060783 | Min Loss: 0.004672 | Max Loss: 0.152834
2025-08-04 23:20:59,692 - INFO - Epoch 42 | Avg Loss: 0.060657 | Min Loss: 0.007416 | Max Loss: 0.159687
2025-08-04 23:21:47,865 - INFO - Epoch 43 | Avg Loss: 0.059310 | Min Loss: 0.004748 | Max Loss: 0.146594
2025-08-04 23:22:35,861 - INFO - Epoch 44 | Avg Loss: 0.058591 | Min Loss: 0.001141 | Max Loss: 0.225752
2025-08-04 23:23:24,407 - INFO - Epoch 45 | Avg Loss: 0.058650 | Min Loss: 0.004268 | Max Loss: 0.162847
2025-08-04 23:24:12,535 - INFO - Epoch 46 | Avg Loss: 0.056248 | Min Loss: 0.002143 | Max Loss: 0.160611
2025-08-04 23:24:59,987 - INFO - Epoch 47 | Avg Loss: 0.059190 | Min Loss: 0.006712 | Max Loss: 0.171819
2025-08-04 23:25:48,071 - INFO - Epoch 48 | Avg Loss: 0.056432 | Min Loss: 0.004824 | Max Loss: 0.198525
2025-08-04 23:26:36,634 - INFO - Epoch 49 | Avg Loss: 0.056394 | Min Loss: 0.003009 | Max Loss: 0.151224
2025-08-04 23:27:24,789 - INFO - Epoch 50 | Avg Loss: 0.056766 | Min Loss: 0.001586 | Max Loss: 0.203393
2025-08-04 23:28:12,369 - INFO - Epoch 51 | Avg Loss: 0.061164 | Min Loss: 0.004775 | Max Loss: 0.206000
2025-08-04 23:29:00,071 - INFO - Epoch 52 | Avg Loss: 0.057281 | Min Loss: 0.002438 | Max Loss: 0.167082
2025-08-04 23:29:48,045 - INFO - Epoch 53 | Avg Loss: 0.058828 | Min Loss: 0.003421 | Max Loss: 0.155393
2025-08-04 23:30:35,751 - INFO - Epoch 54 | Avg Loss: 0.056515 | Min Loss: 0.004086 | Max Loss: 0.203624
2025-08-04 23:31:23,301 - INFO - Epoch 55 | Avg Loss: 0.058048 | Min Loss: 0.004340 | Max Loss: 0.166236
2025-08-04 23:32:11,349 - INFO - Epoch 56 | Avg Loss: 0.060715 | Min Loss: 0.003129 | Max Loss: 0.180833
2025-08-04 23:32:58,891 - INFO - Epoch 57 | Avg Loss: 0.059091 | Min Loss: 0.003387 | Max Loss: 0.161641
2025-08-04 23:33:46,621 - INFO - Epoch 58 | Avg Loss: 0.056365 | Min Loss: 0.004090 | Max Loss: 0.165373
2025-08-04 23:34:34,492 - INFO - Epoch 59 | Avg Loss: 0.057462 | Min Loss: 0.005623 | Max Loss: 0.148003
2025-08-04 23:35:22,410 - INFO - Epoch 60 | Avg Loss: 0.058033 | Min Loss: 0.003676 | Max Loss: 0.171118
2025-08-04 23:36:10,276 - INFO - Epoch 61 | Avg Loss: 0.057449 | Min Loss: 0.005211 | Max Loss: 0.162186
2025-08-04 23:36:57,734 - INFO - Epoch 62 | Avg Loss: 0.057810 | Min Loss: 0.005225 | Max Loss: 0.182198
2025-08-04 23:37:45,226 - INFO - Epoch 63 | Avg Loss: 0.058405 | Min Loss: 0.004509 | Max Loss: 0.158370
2025-08-04 23:38:33,128 - INFO - Epoch 64 | Avg Loss: 0.056797 | Min Loss: 0.003902 | Max Loss: 0.194802
2025-08-04 23:39:20,868 - INFO - Epoch 65 | Avg Loss: 0.056859 | Min Loss: 0.005349 | Max Loss: 0.176788
2025-08-04 23:40:08,928 - INFO - Epoch 66 | Avg Loss: 0.057832 | Min Loss: 0.001734 | Max Loss: 0.233048
2025-08-04 23:40:57,050 - INFO - Epoch 67 | Avg Loss: 0.055531 | Min Loss: 0.004857 | Max Loss: 0.184929
2025-08-04 23:41:44,936 - INFO - Epoch 68 | Avg Loss: 0.065013 | Min Loss: 0.007730 | Max Loss: 0.455002
2025-08-04 23:42:32,884 - INFO - Epoch 69 | Avg Loss: 0.062183 | Min Loss: 0.007434 | Max Loss: 0.431969
2025-08-04 23:43:20,787 - INFO - Epoch 70 | Avg Loss: 0.058449 | Min Loss: 0.005264 | Max Loss: 0.182843
2025-08-04 23:44:09,280 - INFO - Epoch 71 | Avg Loss: 0.056811 | Min Loss: 0.006217 | Max Loss: 0.185897
2025-08-04 23:44:57,037 - INFO - Epoch 72 | Avg Loss: 0.049865 | Min Loss: 0.003926 | Max Loss: 0.181961
2025-08-04 23:45:45,282 - INFO - Epoch 73 | Avg Loss: 0.037205 | Min Loss: 0.001119 | Max Loss: 0.141112
2025-08-04 23:46:33,136 - INFO - Epoch 74 | Avg Loss: 0.037184 | Min Loss: 0.001641 | Max Loss: 0.123593
2025-08-04 23:47:21,133 - INFO - Epoch 75 | Avg Loss: 0.036050 | Min Loss: 0.003157 | Max Loss: 0.171706
2025-08-04 23:48:09,311 - INFO - Epoch 76 | Avg Loss: 0.037789 | Min Loss: 0.002977 | Max Loss: 0.125738
2025-08-04 23:48:57,406 - INFO - Epoch 77 | Avg Loss: 0.034579 | Min Loss: 0.002827 | Max Loss: 0.137706
2025-08-04 23:49:45,489 - INFO - Epoch 78 | Avg Loss: 0.027168 | Min Loss: 0.003063 | Max Loss: 0.101770
2025-08-04 23:50:33,282 - INFO - Epoch 79 | Avg Loss: 0.036728 | Min Loss: 0.002379 | Max Loss: 0.190963
2025-08-04 23:51:21,193 - INFO - Epoch 80 | Avg Loss: 0.030946 | Min Loss: 0.001809 | Max Loss: 0.114653
2025-08-04 23:52:08,978 - INFO - Epoch 81 | Avg Loss: 0.022975 | Min Loss: 0.003682 | Max Loss: 0.068581
2025-08-04 23:52:56,892 - INFO - Epoch 82 | Avg Loss: 0.021848 | Min Loss: 0.002545 | Max Loss: 0.059497
2025-08-04 23:53:45,283 - INFO - Epoch 83 | Avg Loss: 0.020650 | Min Loss: 0.001978 | Max Loss: 0.054591
2025-08-04 23:54:33,018 - INFO - Epoch 84 | Avg Loss: 0.020668 | Min Loss: 0.001936 | Max Loss: 0.061904
2025-08-04 23:55:21,512 - INFO - Epoch 85 | Avg Loss: 0.020530 | Min Loss: 0.000988 | Max Loss: 0.060917
2025-08-04 23:56:09,387 - INFO - Epoch 86 | Avg Loss: 0.020744 | Min Loss: 0.001427 | Max Loss: 0.064102
2025-08-04 23:56:57,498 - INFO - Epoch 87 | Avg Loss: 0.021052 | Min Loss: 0.002191 | Max Loss: 0.055769
2025-08-04 23:57:45,414 - INFO - Epoch 88 | Avg Loss: 0.019861 | Min Loss: 0.001042 | Max Loss: 0.056699
2025-08-04 23:58:33,329 - INFO - Epoch 89 | Avg Loss: 0.020838 | Min Loss: 0.002211 | Max Loss: 0.059096
2025-08-04 23:59:21,251 - INFO - Epoch 90 | Avg Loss: 0.067013 | Min Loss: 0.004574 | Max Loss: 0.254312
2025-08-05 00:00:09,385 - INFO - Epoch 91 | Avg Loss: 0.060969 | Min Loss: 0.004501 | Max Loss: 0.171808
2025-08-05 00:00:57,917 - INFO - Epoch 92 | Avg Loss: 0.059542 | Min Loss: 0.001376 | Max Loss: 0.207597
2025-08-05 00:01:46,090 - INFO - Epoch 93 | Avg Loss: 0.056672 | Min Loss: 0.005541 | Max Loss: 0.197169
2025-08-05 00:02:33,968 - INFO - Epoch 94 | Avg Loss: 0.056558 | Min Loss: 0.001598 | Max Loss: 0.151980
2025-08-05 00:03:22,124 - INFO - Epoch 95 | Avg Loss: 0.058932 | Min Loss: 0.007179 | Max Loss: 0.178378
2025-08-05 00:04:09,736 - INFO - Epoch 96 | Avg Loss: 0.057580 | Min Loss: 0.004107 | Max Loss: 0.200378
2025-08-05 00:04:57,514 - INFO - Epoch 97 | Avg Loss: 0.056245 | Min Loss: 0.002431 | Max Loss: 0.151180
2025-08-05 00:05:45,484 - INFO - Epoch 98 | Avg Loss: 0.054732 | Min Loss: 0.004312 | Max Loss: 0.172673
2025-08-05 00:06:33,602 - INFO - Epoch 99 | Avg Loss: 0.056455 | Min Loss: 0.002576 | Max Loss: 0.159960
2025-08-05 00:07:21,249 - INFO - Epoch 100 | Avg Loss: 0.055922 | Min Loss: 0.007811 | Max Loss: 0.165912
2025-08-05 00:12:18,517 - INFO - Starting inference phase...
2025-08-05 00:17:18,791 - INFO - Training complete! Model saved to: outputs/bending/deform_model_final.pth
2025-08-05 00:17:18,792 - INFO -   - Generated 774 cage_files files
2025-08-05 00:17:18,792 - INFO -   - Generated 774 object_files files
2025-08-05 00:17:18,795 - INFO - Metrics saved to logs/cage_model/bending/training_metrics.json
