2025-07-31 02:00:26,736 - cage_model_bending - INFO - 配置已保存到: /users/zchen27/SensorReconstruction/logs/cage_model/bending/config_20250731_020026.json
2025-07-31 02:00:27,793 - cage_model_bending - INFO - 🚀 cage_model 训练开始
2025-07-31 02:00:27,793 - cage_model_bending - INFO - 实验名称: bending
2025-07-31 02:00:27,793 - cage_model_bending - INFO - dataset_size: 258
2025-07-31 02:00:27,793 - cage_model_bending - INFO - batch_size: 4
2025-07-31 02:00:27,793 - cage_model_bending - INFO - total_epochs: 100
2025-07-31 02:00:27,793 - cage_model_bending - INFO - model_parameters: 2650755
2025-07-31 02:02:44,374 - cage_model_bending - INFO - Epoch 1 - avg_loss: 0.05012776765685815, min_loss: 0.01256602443754673, max_loss: 0.2747572064399719, total_batches: 65
2025-07-31 02:03:06,059 - cage_model_bending - INFO - Epoch 2 - avg_loss: 0.02983065743285876, min_loss: 0.006444192957133055, max_loss: 0.07580472528934479, total_batches: 65
2025-07-31 02:03:27,928 - cage_model_bending - INFO - Epoch 3 - avg_loss: 0.027909078599455264, min_loss: 0.00575258769094944, max_loss: 0.055230528116226196, total_batches: 65
2025-07-31 02:03:49,601 - cage_model_bending - INFO - Epoch 4 - avg_loss: 0.027200861275196074, min_loss: 0.0046370988711714745, max_loss: 0.05950178578495979, total_batches: 65
2025-07-31 02:04:11,343 - cage_model_bending - INFO - Epoch 5 - avg_loss: 0.027142624521198182, min_loss: 0.0042329407297074795, max_loss: 0.06656643748283386, total_batches: 65
2025-07-31 02:04:32,864 - cage_model_bending - INFO - Epoch 6 - avg_loss: 0.026463669606556113, min_loss: 0.0030253767035901546, max_loss: 0.058411192148923874, total_batches: 65
2025-07-31 02:04:54,479 - cage_model_bending - INFO - Epoch 7 - avg_loss: 0.02678677750070794, min_loss: 0.0016769204521551728, max_loss: 0.05997036024928093, total_batches: 65
2025-07-31 02:05:16,010 - cage_model_bending - INFO - Epoch 8 - avg_loss: 0.026429965232427303, min_loss: 0.0029933585319668055, max_loss: 0.05665549635887146, total_batches: 65
2025-07-31 02:05:38,069 - cage_model_bending - INFO - Epoch 9 - avg_loss: 0.026018523826048925, min_loss: 0.002159910276532173, max_loss: 0.05923541262745857, total_batches: 65
2025-07-31 02:05:59,528 - cage_model_bending - INFO - Epoch 10 - avg_loss: 0.025987442403745193, min_loss: 0.004589866381138563, max_loss: 0.05735394358634949, total_batches: 65
2025-07-31 02:06:20,963 - cage_model_bending - INFO - Epoch 11 - avg_loss: 0.026212450159856907, min_loss: 0.0034121284261345863, max_loss: 0.06278761476278305, total_batches: 65
2025-07-31 02:06:42,437 - cage_model_bending - INFO - Epoch 12 - avg_loss: 0.025991358876658172, min_loss: 0.0019960282370448112, max_loss: 0.07645697146654129, total_batches: 65
2025-07-31 02:07:03,959 - cage_model_bending - INFO - Epoch 13 - avg_loss: 0.02732776145522411, min_loss: 0.00450899638235569, max_loss: 0.06042063236236572, total_batches: 65
2025-07-31 02:07:25,329 - cage_model_bending - INFO - Epoch 14 - avg_loss: 0.025377858677305853, min_loss: 0.0019444453064352274, max_loss: 0.04946984350681305, total_batches: 65
2025-07-31 02:07:46,807 - cage_model_bending - INFO - Epoch 15 - avg_loss: 0.02707248735599793, min_loss: 0.0025974558666348457, max_loss: 0.05742649361491203, total_batches: 65
2025-07-31 02:08:08,329 - cage_model_bending - INFO - Epoch 16 - avg_loss: 0.02559017144286862, min_loss: 0.002110150409862399, max_loss: 0.06314192712306976, total_batches: 65
2025-07-31 02:08:29,831 - cage_model_bending - INFO - Epoch 17 - avg_loss: 0.028436998936992426, min_loss: 0.003397776046767831, max_loss: 0.067145437002182, total_batches: 65
2025-07-31 02:08:51,276 - cage_model_bending - INFO - Epoch 18 - avg_loss: 0.025156835140660406, min_loss: 0.002616812475025654, max_loss: 0.05888228118419647, total_batches: 65
2025-07-31 02:09:12,921 - cage_model_bending - INFO - Epoch 19 - avg_loss: 0.026507547691177864, min_loss: 0.0021881454158574343, max_loss: 0.057752497494220734, total_batches: 65
2025-07-31 02:09:34,433 - cage_model_bending - INFO - Epoch 20 - avg_loss: 0.025177433524424066, min_loss: 0.0021462980657815933, max_loss: 0.0599999837577343, total_batches: 65
2025-07-31 02:09:56,071 - cage_model_bending - INFO - Epoch 21 - avg_loss: 0.0252634453945435, min_loss: 0.0008301772177219391, max_loss: 0.05502694472670555, total_batches: 65
2025-07-31 02:10:17,596 - cage_model_bending - INFO - Epoch 22 - avg_loss: 0.02668969974351617, min_loss: 0.005627342965453863, max_loss: 0.05879044160246849, total_batches: 65
2025-07-31 02:10:39,221 - cage_model_bending - INFO - Epoch 23 - avg_loss: 0.024812339926854922, min_loss: 0.0016847066581249237, max_loss: 0.07108957320451736, total_batches: 65
2025-07-31 02:11:00,722 - cage_model_bending - INFO - Epoch 24 - avg_loss: 0.02399335036842296, min_loss: 0.00264662760309875, max_loss: 0.047221459448337555, total_batches: 65
2025-07-31 02:11:22,174 - cage_model_bending - INFO - Epoch 25 - avg_loss: 0.024597618574849687, min_loss: 0.0026764627546072006, max_loss: 0.06250576674938202, total_batches: 65
2025-07-31 02:11:43,629 - cage_model_bending - INFO - Epoch 26 - avg_loss: 0.024748787548966134, min_loss: 0.004463900811970234, max_loss: 0.053895872086286545, total_batches: 65
2025-07-31 02:12:05,055 - cage_model_bending - INFO - Epoch 27 - avg_loss: 0.024520655741127065, min_loss: 0.0018515408737584949, max_loss: 0.04900379478931427, total_batches: 65
2025-07-31 02:12:26,658 - cage_model_bending - INFO - Epoch 28 - avg_loss: 0.0233923909934954, min_loss: 0.0027902747970074415, max_loss: 0.06372187286615372, total_batches: 65
2025-07-31 02:12:48,156 - cage_model_bending - INFO - Epoch 29 - avg_loss: 0.022579926372362443, min_loss: 0.0017857482889667153, max_loss: 0.05733262002468109, total_batches: 65
2025-07-31 02:13:09,760 - cage_model_bending - INFO - Epoch 30 - avg_loss: 0.025483543873549654, min_loss: 0.0016440779436379671, max_loss: 0.07101763039827347, total_batches: 65
2025-07-31 02:13:31,337 - cage_model_bending - INFO - Epoch 31 - avg_loss: 0.02615924475965305, min_loss: 0.0016794913681223989, max_loss: 0.05329019948840141, total_batches: 65
2025-07-31 02:13:52,956 - cage_model_bending - INFO - Epoch 32 - avg_loss: 0.02577789520773177, min_loss: 0.0035181359853595495, max_loss: 0.05555880069732666, total_batches: 65
2025-07-31 02:14:14,688 - cage_model_bending - INFO - Epoch 33 - avg_loss: 0.027525491840564287, min_loss: 0.0006175870075821877, max_loss: 0.06833738088607788, total_batches: 65
2025-07-31 02:14:36,150 - cage_model_bending - INFO - Epoch 34 - avg_loss: 0.02638938027845982, min_loss: 0.0006126416265033185, max_loss: 0.05348433554172516, total_batches: 65
2025-07-31 02:14:57,742 - cage_model_bending - INFO - Epoch 35 - avg_loss: 0.02585349349448314, min_loss: 0.0020219830330461264, max_loss: 0.061216216534376144, total_batches: 65
2025-07-31 02:15:19,363 - cage_model_bending - INFO - Epoch 36 - avg_loss: 0.026073875792252902, min_loss: 0.0017938766395673156, max_loss: 0.061217375099658966, total_batches: 65
2025-07-31 02:15:40,911 - cage_model_bending - INFO - Epoch 37 - avg_loss: 0.024925838206679776, min_loss: 0.0024024471640586853, max_loss: 0.05620903521776199, total_batches: 65
2025-07-31 02:16:02,562 - cage_model_bending - INFO - Epoch 38 - avg_loss: 0.024873660841526892, min_loss: 0.002673998475074768, max_loss: 0.04815402254462242, total_batches: 65
2025-07-31 02:16:23,994 - cage_model_bending - INFO - Epoch 39 - avg_loss: 0.024069490871177268, min_loss: 0.0020046329591423273, max_loss: 0.04551216587424278, total_batches: 65
2025-07-31 02:16:45,539 - cage_model_bending - INFO - Epoch 40 - avg_loss: 0.024365148686159115, min_loss: 0.002660144818946719, max_loss: 0.053077880293130875, total_batches: 65
2025-07-31 02:17:07,055 - cage_model_bending - INFO - Epoch 41 - avg_loss: 0.025143963161211175, min_loss: 0.0019364849431440234, max_loss: 0.05812528356909752, total_batches: 65
2025-07-31 02:17:28,620 - cage_model_bending - INFO - Epoch 42 - avg_loss: 0.02284856254521471, min_loss: 0.004910556133836508, max_loss: 0.05134081467986107, total_batches: 65
2025-07-31 02:17:50,414 - cage_model_bending - INFO - Epoch 43 - avg_loss: 0.023148417240008712, min_loss: 0.002402727957814932, max_loss: 0.05315903201699257, total_batches: 65
2025-07-31 02:18:11,779 - cage_model_bending - INFO - Epoch 44 - avg_loss: 0.02457720430639501, min_loss: 0.0020030243322253227, max_loss: 0.05364111810922623, total_batches: 65
2025-07-31 02:18:33,395 - cage_model_bending - INFO - Epoch 45 - avg_loss: 0.0226820226937819, min_loss: 0.0018941578455269337, max_loss: 0.04949568212032318, total_batches: 65
2025-07-31 02:18:54,981 - cage_model_bending - INFO - Epoch 46 - avg_loss: 0.02248183599529931, min_loss: 0.0015304978005588055, max_loss: 0.05595104396343231, total_batches: 65
2025-07-31 02:19:16,543 - cage_model_bending - INFO - Epoch 47 - avg_loss: 0.020794960086305554, min_loss: 0.002471293555572629, max_loss: 0.050685908645391464, total_batches: 65
2025-07-31 02:19:38,095 - cage_model_bending - INFO - Epoch 48 - avg_loss: 0.021793646023322184, min_loss: 0.0018131312681362033, max_loss: 0.05010475590825081, total_batches: 65
2025-07-31 02:19:59,521 - cage_model_bending - INFO - Epoch 49 - avg_loss: 0.01973323656174426, min_loss: 0.002197875874117017, max_loss: 0.045765917748212814, total_batches: 65
2025-07-31 02:20:21,147 - cage_model_bending - INFO - Epoch 50 - avg_loss: 0.029257024810291254, min_loss: 0.0038618375547230244, max_loss: 0.07398803532123566, total_batches: 65
2025-07-31 02:20:42,826 - cage_model_bending - INFO - Epoch 51 - avg_loss: 0.02961513840665038, min_loss: 0.005433828104287386, max_loss: 0.07234577089548111, total_batches: 65
2025-07-31 02:21:04,295 - cage_model_bending - INFO - Epoch 52 - avg_loss: 0.022872200024385864, min_loss: 0.0021536184940487146, max_loss: 0.05073731392621994, total_batches: 65
2025-07-31 02:21:25,972 - cage_model_bending - INFO - Epoch 53 - avg_loss: 0.021987002067124613, min_loss: 0.0022789568174630404, max_loss: 0.05542007461190224, total_batches: 65
2025-07-31 02:21:47,481 - cage_model_bending - INFO - Epoch 54 - avg_loss: 0.020115152329134828, min_loss: 0.001465509762056172, max_loss: 0.05287427082657814, total_batches: 65
2025-07-31 02:22:09,161 - cage_model_bending - INFO - Epoch 55 - avg_loss: 0.019028017583947916, min_loss: 0.004583799745887518, max_loss: 0.038846299052238464, total_batches: 65
2025-07-31 02:22:30,756 - cage_model_bending - INFO - Epoch 56 - avg_loss: 0.019533185882923694, min_loss: 0.002106158994138241, max_loss: 0.04532108083367348, total_batches: 65
2025-07-31 02:22:52,361 - cage_model_bending - INFO - Epoch 57 - avg_loss: 0.019449760326041052, min_loss: 0.0017240396700799465, max_loss: 0.04209813103079796, total_batches: 65
2025-07-31 02:23:14,083 - cage_model_bending - INFO - Epoch 58 - avg_loss: 0.01822516960091889, min_loss: 0.0018431695643812418, max_loss: 0.0435880683362484, total_batches: 65
2025-07-31 02:23:35,633 - cage_model_bending - INFO - Epoch 59 - avg_loss: 0.018494266300247267, min_loss: 0.003270339220762253, max_loss: 0.036700837314128876, total_batches: 65
2025-07-31 02:23:57,377 - cage_model_bending - INFO - Epoch 60 - avg_loss: 0.016534449418003742, min_loss: 0.004981027450412512, max_loss: 0.03081386350095272, total_batches: 65
2025-07-31 02:24:18,896 - cage_model_bending - INFO - Epoch 61 - avg_loss: 0.02024198738284982, min_loss: 0.004826040472835302, max_loss: 0.04480389505624771, total_batches: 65
2025-07-31 02:24:40,382 - cage_model_bending - INFO - Epoch 62 - avg_loss: 0.017143979582649013, min_loss: 0.0039948453195393085, max_loss: 0.03877648711204529, total_batches: 65
2025-07-31 02:25:02,267 - cage_model_bending - INFO - Epoch 63 - avg_loss: 0.01851579687701395, min_loss: 0.0022097721230238676, max_loss: 0.04018661379814148, total_batches: 65
2025-07-31 02:25:23,800 - cage_model_bending - INFO - Epoch 64 - avg_loss: 0.017289531202270433, min_loss: 0.0021255521569401026, max_loss: 0.035981498658657074, total_batches: 65
2025-07-31 02:25:45,355 - cage_model_bending - INFO - Epoch 65 - avg_loss: 0.016949461572445357, min_loss: 0.0014081846456974745, max_loss: 0.046300988644361496, total_batches: 65
2025-07-31 02:26:07,004 - cage_model_bending - INFO - Epoch 66 - avg_loss: 0.017469114541577607, min_loss: 0.0008488970343023539, max_loss: 0.05049987882375717, total_batches: 65
2025-07-31 02:26:28,511 - cage_model_bending - INFO - Epoch 67 - avg_loss: 0.016131013726743942, min_loss: 0.0014625178882852197, max_loss: 0.04529247432947159, total_batches: 65
2025-07-31 02:26:50,103 - cage_model_bending - INFO - Epoch 68 - avg_loss: 0.01665043128797641, min_loss: 0.0020409398712217808, max_loss: 0.04381730780005455, total_batches: 65
2025-07-31 02:27:11,574 - cage_model_bending - INFO - Epoch 69 - avg_loss: 0.013928792260300655, min_loss: 0.0023408152628690004, max_loss: 0.028948312625288963, total_batches: 65
2025-07-31 02:27:33,145 - cage_model_bending - INFO - Epoch 70 - avg_loss: 0.015404772128050144, min_loss: 0.0023555057123303413, max_loss: 0.03945401310920715, total_batches: 65
2025-07-31 02:27:54,694 - cage_model_bending - INFO - Epoch 71 - avg_loss: 0.015161983582835931, min_loss: 0.004197168629616499, max_loss: 0.04099109396338463, total_batches: 65
2025-07-31 02:28:16,160 - cage_model_bending - INFO - Epoch 72 - avg_loss: 0.014419695537967177, min_loss: 0.00272293365560472, max_loss: 0.03992209956049919, total_batches: 65
2025-07-31 02:28:37,770 - cage_model_bending - INFO - Epoch 73 - avg_loss: 0.017030459173166982, min_loss: 0.003248972585424781, max_loss: 0.042810820043087006, total_batches: 65
2025-07-31 02:28:59,348 - cage_model_bending - INFO - Epoch 74 - avg_loss: 0.015734985805689716, min_loss: 0.001738733728416264, max_loss: 0.03869512304663658, total_batches: 65
2025-07-31 02:29:20,845 - cage_model_bending - INFO - Epoch 75 - avg_loss: 0.016147451303326166, min_loss: 0.002132733818143606, max_loss: 0.046722106635570526, total_batches: 65
2025-07-31 02:29:42,461 - cage_model_bending - INFO - Epoch 76 - avg_loss: 0.016205448392205512, min_loss: 0.001340488437563181, max_loss: 0.05350348725914955, total_batches: 65
2025-07-31 02:30:03,965 - cage_model_bending - INFO - Epoch 77 - avg_loss: 0.017486929542456682, min_loss: 0.002511040773242712, max_loss: 0.04908424988389015, total_batches: 65
2025-07-31 02:30:25,538 - cage_model_bending - INFO - Epoch 78 - avg_loss: 0.01497080073548624, min_loss: 0.0018098549917340279, max_loss: 0.04052237793803215, total_batches: 65
2025-07-31 02:30:47,251 - cage_model_bending - INFO - Epoch 79 - avg_loss: 0.014038009459797579, min_loss: 0.0016644528368487954, max_loss: 0.028841201215982437, total_batches: 65
2025-07-31 02:31:08,791 - cage_model_bending - INFO - Epoch 80 - avg_loss: 0.012617011576031264, min_loss: 0.0021901477593928576, max_loss: 0.02941705286502838, total_batches: 65
2025-07-31 02:31:30,449 - cage_model_bending - INFO - Epoch 81 - avg_loss: 0.016484750230581713, min_loss: 0.001828545704483986, max_loss: 0.04156520217657089, total_batches: 65
2025-07-31 02:31:52,097 - cage_model_bending - INFO - Epoch 82 - avg_loss: 0.01965384129076623, min_loss: 0.0025527705438435078, max_loss: 0.06801243871450424, total_batches: 65
2025-07-31 02:32:13,918 - cage_model_bending - INFO - Epoch 83 - avg_loss: 0.017147330354111125, min_loss: 0.000846755807287991, max_loss: 0.04359115660190582, total_batches: 65
2025-07-31 02:32:35,881 - cage_model_bending - INFO - Epoch 84 - avg_loss: 0.014279049430758908, min_loss: 0.0016990343574434519, max_loss: 0.052866529673337936, total_batches: 65
2025-07-31 02:32:57,439 - cage_model_bending - INFO - Epoch 85 - avg_loss: 0.017531418116190113, min_loss: 0.0021440875716507435, max_loss: 0.03839622065424919, total_batches: 65
2025-07-31 02:33:18,981 - cage_model_bending - INFO - Epoch 86 - avg_loss: 0.014445473114028573, min_loss: 0.0013018399477005005, max_loss: 0.033704448491334915, total_batches: 65
2025-07-31 02:33:40,844 - cage_model_bending - INFO - Epoch 87 - avg_loss: 0.0157850647972037, min_loss: 0.001132229925133288, max_loss: 0.03763880208134651, total_batches: 65
2025-07-31 02:34:02,389 - cage_model_bending - INFO - Epoch 88 - avg_loss: 0.013490459917543026, min_loss: 0.0020775883458554745, max_loss: 0.030578846111893654, total_batches: 65
2025-07-31 02:34:23,872 - cage_model_bending - INFO - Epoch 89 - avg_loss: 0.01161522725955225, min_loss: 0.0012309416197240353, max_loss: 0.022398358210921288, total_batches: 65
2025-07-31 02:34:45,563 - cage_model_bending - INFO - Epoch 90 - avg_loss: 0.011796599511916821, min_loss: 0.0028537989128381014, max_loss: 0.023389752954244614, total_batches: 65
2025-07-31 02:35:07,192 - cage_model_bending - INFO - Epoch 91 - avg_loss: 0.01307961566803547, min_loss: 0.0014244774356484413, max_loss: 0.028721731156110764, total_batches: 65
2025-07-31 02:35:28,647 - cage_model_bending - INFO - Epoch 92 - avg_loss: 0.01149669443615354, min_loss: 0.0022334076929837465, max_loss: 0.023260874673724174, total_batches: 65
2025-07-31 02:35:50,345 - cage_model_bending - INFO - Epoch 93 - avg_loss: 0.012329518039209338, min_loss: 0.001854695612564683, max_loss: 0.02656744420528412, total_batches: 65
2025-07-31 02:36:11,857 - cage_model_bending - INFO - Epoch 94 - avg_loss: 0.011030635914693658, min_loss: 0.003078213892877102, max_loss: 0.022784868255257607, total_batches: 65
2025-07-31 02:36:33,423 - cage_model_bending - INFO - Epoch 95 - avg_loss: 0.015348303461304077, min_loss: 0.001399403903633356, max_loss: 0.04468178376555443, total_batches: 65
2025-07-31 02:36:54,992 - cage_model_bending - INFO - Epoch 96 - avg_loss: 0.014594821472508976, min_loss: 0.0010632850462570786, max_loss: 0.04569307342171669, total_batches: 65
2025-07-31 02:37:16,514 - cage_model_bending - INFO - Epoch 97 - avg_loss: 0.01190028995848619, min_loss: 0.002225968288257718, max_loss: 0.025943206623196602, total_batches: 65
2025-07-31 02:37:38,113 - cage_model_bending - INFO - Epoch 98 - avg_loss: 0.010494344248078191, min_loss: 0.003141628345474601, max_loss: 0.020235033705830574, total_batches: 65
2025-07-31 02:37:59,689 - cage_model_bending - INFO - Epoch 99 - avg_loss: 0.012964683029657373, min_loss: 0.0029858623165637255, max_loss: 0.04184998571872711, total_batches: 65
2025-07-31 02:38:21,199 - cage_model_bending - INFO - Epoch 100 - avg_loss: 0.011024896893650294, min_loss: 0.0018429954070597887, max_loss: 0.024287128821015358, total_batches: 65
2025-07-31 02:38:21,231 - cage_model_bending - INFO - 🔄 开始推理阶段，生成PLY文件
2025-07-31 02:40:53,627 - cage_model_bending - INFO - ✅ cage_model 训练完成
2025-07-31 02:40:53,628 - cage_model_bending - INFO - model_save_path: outputs/bending/deform_model_final.pth
2025-07-31 02:40:53,628 - cage_model_bending - INFO - output_directories: {'bbox_dir': 'outputs/bending/cropped_bbox', 'cages_dir': 'outputs/bending/cages_pred', 'objects_dir': 'outputs/bending/objects_world'}
2025-07-31 02:40:53,628 - cage_model_bending - INFO - inference_stats: {'bbox_files': 258, 'cage_files': 258, 'object_files': 258}
2025-07-31 02:40:53,641 - cage_model_bending - INFO - 性能指标已保存到: /users/zchen27/SensorReconstruction/logs/cage_model/bending/metrics_20250731_020026.json
