2025-08-04 18:23:21,093 - 4DGaussians_dnerf/static_bending - INFO - 配置已保存到: logs/4DGaussians/dnerf/static_bending/config_20250804_182321.json
2025-08-04 18:23:21,093 - 4DGaussians_dnerf/static_bending - INFO - 🚀 4DGaussians 训练开始
2025-08-04 18:23:21,093 - 4DGaussians_dnerf/static_bending - INFO - 实验名称: dnerf/static_bending
2025-08-04 18:23:21,093 - 4DGaussians_dnerf/static_bending - INFO - expname: dnerf/static_bending
2025-08-04 18:23:21,093 - 4DGaussians_dnerf/static_bending - INFO - model_path: ./output/dnerf/static_bending
2025-08-04 18:23:21,093 - 4DGaussians_dnerf/static_bending - INFO - coarse_iterations: 3000
2025-08-04 18:23:21,093 - 4DGaussians_dnerf/static_bending - INFO - fine_iterations: 20000
2025-08-04 18:23:42,982 - 4DGaussians_dnerf/static_bending - INFO - 🔄 开始粗糙训练阶段
2025-08-04 18:23:45,072 - 4DGaussians_dnerf/static_bending - INFO - Iteration 100 - stage: coarse, loss: 0.06662202626466751, ema_loss: 0.07039210640358758, psnr: 16.918943405151367, ema_psnr: 16.614278688868854, total_points: 2000, l1_loss: 0.06662202626466751, elapsed_time: 4.588543891906738
2025-08-04 18:23:45,553 - 4DGaussians_dnerf/static_bending - INFO - Iteration 200 - stage: coarse, loss: 0.04146066680550575, ema_loss: 0.035307094401005615, psnr: 17.509849548339844, ema_psnr: 18.987230517202967, total_points: 2000, l1_loss: 0.04146066680550575, elapsed_time: 3.290112018585205
2025-08-04 18:23:45,994 - 4DGaussians_dnerf/static_bending - INFO - Iteration 300 - stage: coarse, loss: 0.0213779266923666, ema_loss: 0.03021252005731727, psnr: 20.980976104736328, ema_psnr: 19.293193187785114, total_points: 2000, l1_loss: 0.0213779266923666, elapsed_time: 3.0412800312042236
2025-08-04 18:23:46,431 - 4DGaussians_dnerf/static_bending - INFO - Iteration 400 - stage: coarse, loss: 0.02343597449362278, ema_loss: 0.02034554615037447, psnr: 19.1412353515625, ema_psnr: 21.05065556169847, total_points: 2000, l1_loss: 0.02343597449362278, elapsed_time: 2.979840040206909
2025-08-04 18:23:46,860 - 4DGaussians_dnerf/static_bending - INFO - Iteration 500 - stage: coarse, loss: 0.03911389037966728, ema_loss: 0.034801195250252825, psnr: 17.447965621948242, ema_psnr: 18.3523024623849, total_points: 2000, l1_loss: 0.03911389037966728, elapsed_time: 3.492608070373535
2025-08-04 18:23:47,288 - 4DGaussians_dnerf/static_bending - INFO - Iteration 600 - stage: coarse, loss: 0.0386221669614315, ema_loss: 0.03159186138170123, psnr: 16.936979293823242, ema_psnr: 18.79690115211536, total_points: 2000, l1_loss: 0.0386221669614315, elapsed_time: 3.2481279373168945
2025-08-04 18:23:47,891 - 4DGaussians_dnerf/static_bending - INFO - Iteration 700 - stage: coarse, loss: 0.036083951592445374, ema_loss: 0.02498552485243727, psnr: 17.7269344329834, ema_psnr: 20.22086549420956, total_points: 2061, l1_loss: 0.036083951592445374, elapsed_time: 4.583392143249512
2025-08-04 18:23:48,325 - 4DGaussians_dnerf/static_bending - INFO - Iteration 800 - stage: coarse, loss: 0.03519747033715248, ema_loss: 0.028428239390428926, psnr: 17.419492721557617, ema_psnr: 18.845126735856148, total_points: 2166, l1_loss: 0.03519747033715248, elapsed_time: 3.6237120628356934
2025-08-04 18:23:48,730 - 4DGaussians_dnerf/static_bending - INFO - Iteration 900 - stage: coarse, loss: 0.05905495956540108, ema_loss: 0.03177092535913459, psnr: 14.762788772583008, ema_psnr: 19.407988196023922, total_points: 2352, l1_loss: 0.05905495956540108, elapsed_time: 2.933759927749634
2025-08-04 18:23:49,136 - 4DGaussians_dnerf/static_bending - INFO - Iteration 1000 - stage: coarse, loss: 0.015244216658174992, ema_loss: 0.021788932704249628, psnr: 20.644826889038086, ema_psnr: 20.646052319508577, total_points: 2696, l1_loss: 0.015244216658174992, elapsed_time: 2.939903974533081
2025-08-04 18:23:50,879 - 4DGaussians_dnerf/static_bending - INFO - Iteration 1100 - stage: coarse, loss: 0.03231334313750267, ema_loss: 0.033227018395909275, psnr: 17.990718841552734, ema_psnr: 18.105813435861016, total_points: 3272, l1_loss: 0.03231334313750267, elapsed_time: 2.9573121070861816
2025-08-04 18:23:51,298 - 4DGaussians_dnerf/static_bending - INFO - Iteration 1200 - stage: coarse, loss: 0.029851000756025314, ema_loss: 0.027132799058325607, psnr: 18.33126449584961, ema_psnr: 19.183163085935014, total_points: 4120, l1_loss: 0.029851000756025314, elapsed_time: 3.0179200172424316
2025-08-04 18:23:51,718 - 4DGaussians_dnerf/static_bending - INFO - Iteration 1300 - stage: coarse, loss: 0.037007082253694534, ema_loss: 0.027603546730853037, psnr: 16.84893035888672, ema_psnr: 19.7133899832689, total_points: 5002, l1_loss: 0.037007082253694534, elapsed_time: 3.0553600788116455
2025-08-04 18:23:52,141 - 4DGaussians_dnerf/static_bending - INFO - Iteration 1400 - stage: coarse, loss: 0.011083182878792286, ema_loss: 0.0203971733080557, psnr: 22.9923038482666, ema_psnr: 21.03707583745137, total_points: 5767, l1_loss: 0.011083182878792286, elapsed_time: 2.982912063598633
2025-08-04 18:23:52,566 - 4DGaussians_dnerf/static_bending - INFO - Iteration 1500 - stage: coarse, loss: 0.007205576170235872, ema_loss: 0.02244137908317105, psnr: 26.767969131469727, ema_psnr: 21.990763481355216, total_points: 6536, l1_loss: 0.007205576170235872, elapsed_time: 3.017728090286255
2025-08-04 18:23:53,001 - 4DGaussians_dnerf/static_bending - INFO - Iteration 1600 - stage: coarse, loss: 0.02798997238278389, ema_loss: 0.02631943474868286, psnr: 18.7322940826416, ema_psnr: 20.024241615832846, total_points: 7211, l1_loss: 0.02798997238278389, elapsed_time: 3.121151924133301
2025-08-04 18:23:53,437 - 4DGaussians_dnerf/static_bending - INFO - Iteration 1700 - stage: coarse, loss: 0.05835259333252907, ema_loss: 0.04286228901488024, psnr: 14.944104194641113, ema_psnr: 17.04836955634921, total_points: 7836, l1_loss: 0.05835259333252907, elapsed_time: 3.2734720706939697
2025-08-04 18:23:53,881 - 4DGaussians_dnerf/static_bending - INFO - Iteration 1800 - stage: coarse, loss: 0.028883537277579308, ema_loss: 0.027728102056949467, psnr: 18.255117416381836, ema_psnr: 18.597777134567895, total_points: 8446, l1_loss: 0.028883537277579308, elapsed_time: 3.265536069869995
2025-08-04 18:23:54,329 - 4DGaussians_dnerf/static_bending - INFO - Iteration 1900 - stage: coarse, loss: 0.013150750659406185, ema_loss: 0.025830712089552565, psnr: 22.54610824584961, ema_psnr: 20.08943476256878, total_points: 9005, l1_loss: 0.013150750659406185, elapsed_time: 3.0904319286346436
2025-08-04 18:23:54,781 - 4DGaussians_dnerf/static_bending - INFO - Iteration 2000 - stage: coarse, loss: 0.05277552455663681, ema_loss: 0.032779614242626674, psnr: 15.352930068969727, ema_psnr: 18.942528502749532, total_points: 9550, l1_loss: 0.05277552455663681, elapsed_time: 3.4252800941467285
2025-08-04 18:23:55,238 - 4DGaussians_dnerf/static_bending - INFO - Iteration 2100 - stage: coarse, loss: 0.02784012444317341, ema_loss: 0.02123867089198722, psnr: 18.640798568725586, ema_psnr: 20.170464819143664, total_points: 10062, l1_loss: 0.02784012444317341, elapsed_time: 3.2933120727539062
2025-08-04 18:23:55,717 - 4DGaussians_dnerf/static_bending - INFO - Iteration 2200 - stage: coarse, loss: 0.02731630951166153, ema_loss: 0.022642759716914256, psnr: 18.503053665161133, ema_psnr: 19.686266990536406, total_points: 10609, l1_loss: 0.02731630951166153, elapsed_time: 3.756864070892334
2025-08-04 18:23:56,186 - 4DGaussians_dnerf/static_bending - INFO - Iteration 2300 - stage: coarse, loss: 0.01563943549990654, ema_loss: 0.023081699225140202, psnr: 21.11668586730957, ema_psnr: 19.716631560595903, total_points: 11153, l1_loss: 0.01563943549990654, elapsed_time: 3.343264102935791
2025-08-04 18:23:56,656 - 4DGaussians_dnerf/static_bending - INFO - Iteration 2400 - stage: coarse, loss: 0.04787154495716095, ema_loss: 0.03205897487655455, psnr: 15.640902519226074, ema_psnr: 18.257395957049418, total_points: 11609, l1_loss: 0.04787154495716095, elapsed_time: 3.4900479316711426
2025-08-04 18:23:57,138 - 4DGaussians_dnerf/static_bending - INFO - Iteration 2500 - stage: coarse, loss: 0.023240024223923683, ema_loss: 0.02029902733265839, psnr: 19.478300094604492, ema_psnr: 21.342124971928314, total_points: 12048, l1_loss: 0.023240024223923683, elapsed_time: 3.5462400913238525
2025-08-04 18:23:57,616 - 4DGaussians_dnerf/static_bending - INFO - Iteration 2600 - stage: coarse, loss: 0.01196240447461605, ema_loss: 0.0161003459295563, psnr: 21.469844818115234, ema_psnr: 21.98955321557716, total_points: 12490, l1_loss: 0.01196240447461605, elapsed_time: 3.605504035949707
2025-08-04 18:23:58,092 - 4DGaussians_dnerf/static_bending - INFO - Iteration 2700 - stage: coarse, loss: 0.012173445895314217, ema_loss: 0.024278332731023405, psnr: 21.238019943237305, ema_psnr: 19.500705888944275, total_points: 12835, l1_loss: 0.012173445895314217, elapsed_time: 3.6464641094207764
2025-08-04 18:23:58,573 - 4DGaussians_dnerf/static_bending - INFO - Iteration 2800 - stage: coarse, loss: 0.03801519423723221, ema_loss: 0.0269828544943237, psnr: 16.76023292541504, ema_psnr: 19.856897685611617, total_points: 13213, l1_loss: 0.03801519423723221, elapsed_time: 3.5881919860839844
2025-08-04 18:23:59,055 - 4DGaussians_dnerf/static_bending - INFO - Iteration 2900 - stage: coarse, loss: 0.04013972356915474, ema_loss: 0.034467753938144836, psnr: 16.5489559173584, ema_psnr: 17.760338874437753, total_points: 13556, l1_loss: 0.04013972356915474, elapsed_time: 3.561471939086914
2025-08-04 18:23:59,542 - 4DGaussians_dnerf/static_bending - INFO - Iteration 3000 - stage: coarse, loss: 0.05074942111968994, ema_loss: 0.036718283819004154, psnr: 15.345884323120117, ema_psnr: 17.76820443883164, total_points: 13919, l1_loss: 0.05074942111968994, elapsed_time: 3.6649599075317383
2025-08-04 18:24:00,260 - 4DGaussians_dnerf/static_bending - INFO - 🔄 开始精细训练阶段
2025-08-04 18:24:25,153 - 4DGaussians_dnerf/static_bending - INFO - Iteration 100 - stage: fine, loss: 0.03190913051366806, ema_loss: 0.03218211738113547, psnr: 18.076398849487305, ema_psnr: 18.298614460253503, total_points: 14240, l1_loss: 0.03190913051366806, elapsed_time: 183.58067321777344
2025-08-04 18:24:49,306 - 4DGaussians_dnerf/static_bending - INFO - Iteration 200 - stage: fine, loss: 0.014329694211483002, ema_loss: 0.02005711727169458, psnr: 20.735931396484375, ema_psnr: 20.350421330413937, total_points: 14240, l1_loss: 0.014329694211483002, elapsed_time: 183.97491455078125
2025-08-04 18:25:13,403 - 4DGaussians_dnerf/static_bending - INFO - Iteration 300 - stage: fine, loss: 0.03488954156637192, ema_loss: 0.026741200741453964, psnr: 17.329071044921875, ema_psnr: 18.752724607113006, total_points: 14240, l1_loss: 0.03488954156637192, elapsed_time: 182.3672332763672
2025-08-04 18:25:37,498 - 4DGaussians_dnerf/static_bending - INFO - Iteration 400 - stage: fine, loss: 0.0074225375428795815, ema_loss: 0.0248024732915722, psnr: 25.852754592895508, ema_psnr: 20.872619235853918, total_points: 14240, l1_loss: 0.0074225375428795815, elapsed_time: 182.5392608642578
2025-08-04 18:26:01,582 - 4DGaussians_dnerf/static_bending - INFO - Iteration 500 - stage: fine, loss: 0.01088941190391779, ema_loss: 0.012931256750656182, psnr: 24.467884063720703, ema_psnr: 23.28402195539431, total_points: 14240, l1_loss: 0.01088941190391779, elapsed_time: 183.2716827392578
2025-08-04 18:26:25,650 - 4DGaussians_dnerf/static_bending - INFO - Iteration 600 - stage: fine, loss: 0.03744025155901909, ema_loss: 0.02910761617089377, psnr: 17.584491729736328, ema_psnr: 20.231173391787948, total_points: 14240, l1_loss: 0.03744025155901909, elapsed_time: 182.62322998046875
2025-08-04 18:26:49,661 - 4DGaussians_dnerf/static_bending - INFO - Iteration 700 - stage: fine, loss: 0.03711463510990143, ema_loss: 0.029218047730689853, psnr: 17.236146926879883, ema_psnr: 19.225964654017666, total_points: 14261, l1_loss: 0.03711463510990143, elapsed_time: 181.25106811523438
2025-08-04 18:27:13,728 - 4DGaussians_dnerf/static_bending - INFO - Iteration 800 - stage: fine, loss: 0.008982674218714237, ema_loss: 0.02069360227221908, psnr: 25.540430068969727, ema_psnr: 21.69038435054945, total_points: 14375, l1_loss: 0.008982674218714237, elapsed_time: 181.97708129882812
2025-08-04 18:27:37,783 - 4DGaussians_dnerf/static_bending - INFO - Iteration 900 - stage: fine, loss: 0.01239061914384365, ema_loss: 0.026170856628918777, psnr: 21.717863082885742, ema_psnr: 19.53998116562935, total_points: 14809, l1_loss: 0.01239061914384365, elapsed_time: 182.6385955810547
2025-08-04 18:28:01,797 - 4DGaussians_dnerf/static_bending - INFO - Iteration 1000 - stage: fine, loss: 0.0132638830691576, ema_loss: 0.02047932110203783, psnr: 21.02919578552246, ema_psnr: 20.775694369400615, total_points: 15268, l1_loss: 0.0132638830691576, elapsed_time: 181.3607635498047
2025-08-04 18:28:27,683 - 4DGaussians_dnerf/static_bending - INFO - Iteration 1100 - stage: fine, loss: 0.0108641367405653, ema_loss: 0.018516367163340666, psnr: 23.425912857055664, ema_psnr: 21.47572945868883, total_points: 15695, l1_loss: 0.0108641367405653, elapsed_time: 182.04159545898438
2025-08-04 18:28:51,820 - 4DGaussians_dnerf/static_bending - INFO - Iteration 1200 - stage: fine, loss: 0.015268655493855476, ema_loss: 0.013977014562015524, psnr: 21.55785369873047, ema_psnr: 22.543362482194834, total_points: 16322, l1_loss: 0.015268655493855476, elapsed_time: 182.47576904296875
2025-08-04 18:29:15,975 - 4DGaussians_dnerf/static_bending - INFO - Iteration 1300 - stage: fine, loss: 0.04275676980614662, ema_loss: 0.03075639501007363, psnr: 16.889196395874023, ema_psnr: 18.820775552518064, total_points: 16750, l1_loss: 0.04275676980614662, elapsed_time: 182.96730041503906
2025-08-04 18:29:40,177 - 4DGaussians_dnerf/static_bending - INFO - Iteration 1400 - stage: fine, loss: 0.03948142006993294, ema_loss: 0.024489497986168056, psnr: 16.465679168701172, ema_psnr: 19.56981860714569, total_points: 17239, l1_loss: 0.03948142006993294, elapsed_time: 183.1383056640625
2025-08-04 18:30:04,401 - 4DGaussians_dnerf/static_bending - INFO - Iteration 1500 - stage: fine, loss: 0.032933309674263, ema_loss: 0.03030050097152239, psnr: 17.570823669433594, ema_psnr: 18.22087385751795, total_points: 17672, l1_loss: 0.032933309674263, elapsed_time: 184.66712951660156
2025-08-04 18:30:28,652 - 4DGaussians_dnerf/static_bending - INFO - Iteration 1600 - stage: fine, loss: 0.031022483482956886, ema_loss: 0.03383165414298421, psnr: 17.594310760498047, ema_psnr: 18.205535867445292, total_points: 18029, l1_loss: 0.031022483482956886, elapsed_time: 183.32057189941406
2025-08-04 18:30:52,921 - 4DGaussians_dnerf/static_bending - INFO - Iteration 1700 - stage: fine, loss: 0.03494327515363693, ema_loss: 0.030527922166913288, psnr: 17.17457389831543, ema_psnr: 18.396062647787655, total_points: 18280, l1_loss: 0.03494327515363693, elapsed_time: 183.63494873046875
2025-08-04 18:31:17,258 - 4DGaussians_dnerf/static_bending - INFO - Iteration 1800 - stage: fine, loss: 0.03761526942253113, ema_loss: 0.025697357820821276, psnr: 17.371593475341797, ema_psnr: 19.37757188681261, total_points: 18514, l1_loss: 0.03761526942253113, elapsed_time: 184.80032348632812
2025-08-04 18:31:41,672 - 4DGaussians_dnerf/static_bending - INFO - Iteration 1900 - stage: fine, loss: 0.016019461676478386, ema_loss: 0.02086065013714218, psnr: 20.03128433227539, ema_psnr: 20.24363379632885, total_points: 18856, l1_loss: 0.016019461676478386, elapsed_time: 186.7704315185547
2025-08-04 18:32:06,134 - 4DGaussians_dnerf/static_bending - INFO - Iteration 2000 - stage: fine, loss: 0.025640157982707024, ema_loss: 0.03222135470199673, psnr: 18.983930587768555, ema_psnr: 18.073023773225028, total_points: 19176, l1_loss: 0.025640157982707024, elapsed_time: 186.4110107421875
2025-08-04 18:32:30,617 - 4DGaussians_dnerf/static_bending - INFO - Iteration 2100 - stage: fine, loss: 0.055489759892225266, ema_loss: 0.03871817383607348, psnr: 15.157694816589355, ema_psnr: 17.71524574728698, total_points: 19597, l1_loss: 0.055489759892225266, elapsed_time: 187.77293395996094
2025-08-04 18:32:55,568 - 4DGaussians_dnerf/static_bending - INFO - Iteration 2200 - stage: fine, loss: 0.03626568987965584, ema_loss: 0.031220125675985748, psnr: 17.341690063476562, ema_psnr: 18.681918544589998, total_points: 20104, l1_loss: 0.03626568987965584, elapsed_time: 187.77606201171875
2025-08-04 18:33:20,143 - 4DGaussians_dnerf/static_bending - INFO - Iteration 2300 - stage: fine, loss: 0.04103683680295944, ema_loss: 0.030581023686905875, psnr: 17.133804321289062, ema_psnr: 18.844415450652725, total_points: 20721, l1_loss: 0.04103683680295944, elapsed_time: 188.10675048828125
2025-08-04 18:33:44,766 - 4DGaussians_dnerf/static_bending - INFO - Iteration 2400 - stage: fine, loss: 0.012612678110599518, ema_loss: 0.017493328649848684, psnr: 21.507089614868164, ema_psnr: 20.725927276980208, total_points: 21291, l1_loss: 0.012612678110599518, elapsed_time: 189.27410888671875
2025-08-04 18:34:09,471 - 4DGaussians_dnerf/static_bending - INFO - Iteration 2500 - stage: fine, loss: 0.032160717993974686, ema_loss: 0.028002923651539197, psnr: 18.02118682861328, ema_psnr: 19.382991700479476, total_points: 21698, l1_loss: 0.032160717993974686, elapsed_time: 189.8270721435547
2025-08-04 18:34:34,240 - 4DGaussians_dnerf/static_bending - INFO - Iteration 2600 - stage: fine, loss: 0.030535325407981873, ema_loss: 0.022207203989717112, psnr: 18.129337310791016, ema_psnr: 20.218219200814016, total_points: 22306, l1_loss: 0.030535325407981873, elapsed_time: 189.13279724121094
2025-08-04 18:34:59,011 - 4DGaussians_dnerf/static_bending - INFO - Iteration 2700 - stage: fine, loss: 0.032218992710113525, ema_loss: 0.02779567834172845, psnr: 17.967121124267578, ema_psnr: 18.824824124485076, total_points: 23007, l1_loss: 0.032218992710113525, elapsed_time: 190.0482635498047
2025-08-04 18:35:23,844 - 4DGaussians_dnerf/static_bending - INFO - Iteration 2800 - stage: fine, loss: 0.013007800094783306, ema_loss: 0.01939381540979483, psnr: 22.545791625976562, ema_psnr: 20.79346722226328, total_points: 23334, l1_loss: 0.013007800094783306, elapsed_time: 189.30563354492188
2025-08-04 18:35:48,725 - 4DGaussians_dnerf/static_bending - INFO - Iteration 2900 - stage: fine, loss: 0.028279472142457962, ema_loss: 0.02063009189970337, psnr: 18.416385650634766, ema_psnr: 20.82176457137888, total_points: 23785, l1_loss: 0.028279472142457962, elapsed_time: 189.74925231933594
2025-08-04 18:36:13,615 - 4DGaussians_dnerf/static_bending - INFO - Iteration 3000 - stage: fine, loss: 0.047861699014902115, ema_loss: 0.03131790380122776, psnr: 15.630928039550781, ema_psnr: 18.821345962689456, total_points: 24328, l1_loss: 0.047861699014902115, elapsed_time: 190.8961944580078
2025-08-04 18:36:39,609 - 4DGaussians_dnerf/static_bending - INFO - Iteration 3100 - stage: fine, loss: 0.062274668365716934, ema_loss: 0.036092094654206555, psnr: 14.448616027832031, ema_psnr: 18.40744432431446, total_points: 24600, l1_loss: 0.062274668365716934, elapsed_time: 190.0789794921875
2025-08-04 18:37:04,542 - 4DGaussians_dnerf/static_bending - INFO - Iteration 3200 - stage: fine, loss: 0.025384720414876938, ema_loss: 0.023942788332532314, psnr: 18.926467895507812, ema_psnr: 19.76163265734661, total_points: 24650, l1_loss: 0.025384720414876938, elapsed_time: 190.0359649658203
2025-08-04 18:37:29,475 - 4DGaussians_dnerf/static_bending - INFO - Iteration 3300 - stage: fine, loss: 0.03265348821878433, ema_loss: 0.027771646837039476, psnr: 17.88532257080078, ema_psnr: 19.547825147051878, total_points: 24724, l1_loss: 0.03265348821878433, elapsed_time: 191.56069946289062
2025-08-04 18:37:54,422 - 4DGaussians_dnerf/static_bending - INFO - Iteration 3400 - stage: fine, loss: 0.03796953335404396, ema_loss: 0.02951447195703217, psnr: 17.378480911254883, ema_psnr: 18.634969718483564, total_points: 24815, l1_loss: 0.03796953335404396, elapsed_time: 191.63853454589844
2025-08-04 18:38:19,378 - 4DGaussians_dnerf/static_bending - INFO - Iteration 3500 - stage: fine, loss: 0.014279213733971119, ema_loss: 0.020347748073153385, psnr: 21.72290802001953, ema_psnr: 20.961465521627908, total_points: 24900, l1_loss: 0.014279213733971119, elapsed_time: 190.3267822265625
2025-08-04 18:38:44,343 - 4DGaussians_dnerf/static_bending - INFO - Iteration 3600 - stage: fine, loss: 0.0366588719189167, ema_loss: 0.028643213772632844, psnr: 17.397537231445312, ema_psnr: 18.929225156823005, total_points: 25238, l1_loss: 0.0366588719189167, elapsed_time: 192.6973419189453
2025-08-04 18:39:09,369 - 4DGaussians_dnerf/static_bending - INFO - Iteration 3700 - stage: fine, loss: 0.011908669956028461, ema_loss: 0.01896056330493355, psnr: 21.77342987060547, ema_psnr: 20.601547450038503, total_points: 25640, l1_loss: 0.011908669956028461, elapsed_time: 192.90623474121094
2025-08-04 18:39:34,484 - 4DGaussians_dnerf/static_bending - INFO - Iteration 3800 - stage: fine, loss: 0.03401041775941849, ema_loss: 0.028958523957433265, psnr: 17.551660537719727, ema_psnr: 18.631599250941495, total_points: 26316, l1_loss: 0.03401041775941849, elapsed_time: 192.08499145507812
2025-08-04 18:39:59,649 - 4DGaussians_dnerf/static_bending - INFO - Iteration 3900 - stage: fine, loss: 0.022459354251623154, ema_loss: 0.019917417469064037, psnr: 19.176271438598633, ema_psnr: 20.6117297504088, total_points: 27064, l1_loss: 0.022459354251623154, elapsed_time: 193.95379638671875
2025-08-04 18:40:24,971 - 4DGaussians_dnerf/static_bending - INFO - Iteration 4000 - stage: fine, loss: 0.06000371277332306, ema_loss: 0.04450324667678868, psnr: 14.513004302978516, ema_psnr: 17.205895409278735, total_points: 27906, l1_loss: 0.06000371277332306, elapsed_time: 195.90553283691406
2025-08-04 18:40:50,292 - 4DGaussians_dnerf/static_bending - INFO - Iteration 4100 - stage: fine, loss: 0.021834153681993484, ema_loss: 0.025230889611203892, psnr: 19.702533721923828, ema_psnr: 19.430408433419377, total_points: 28128, l1_loss: 0.021834153681993484, elapsed_time: 193.94866943359375
2025-08-04 18:41:15,643 - 4DGaussians_dnerf/static_bending - INFO - Iteration 4200 - stage: fine, loss: 0.012414632365107536, ema_loss: 0.026597571592714565, psnr: 22.79819679260254, ema_psnr: 19.526260022570696, total_points: 28324, l1_loss: 0.012414632365107536, elapsed_time: 194.31817626953125
2025-08-04 18:41:41,058 - 4DGaussians_dnerf/static_bending - INFO - Iteration 4300 - stage: fine, loss: 0.0390385240316391, ema_loss: 0.033146200525526415, psnr: 17.23593521118164, ema_psnr: 17.878245407921042, total_points: 28447, l1_loss: 0.0390385240316391, elapsed_time: 195.0054473876953
2025-08-04 18:42:06,530 - 4DGaussians_dnerf/static_bending - INFO - Iteration 4400 - stage: fine, loss: 0.025730902329087257, ema_loss: 0.019797640093764824, psnr: 18.85668182373047, ema_psnr: 20.612333059330304, total_points: 28878, l1_loss: 0.025730902329087257, elapsed_time: 195.0750732421875
2025-08-04 18:42:32,063 - 4DGaussians_dnerf/static_bending - INFO - Iteration 4500 - stage: fine, loss: 0.014436015859246254, ema_loss: 0.016222879581573, psnr: 20.939308166503906, ema_psnr: 21.066913204634925, total_points: 29549, l1_loss: 0.014436015859246254, elapsed_time: 195.8297576904297
2025-08-04 18:42:57,690 - 4DGaussians_dnerf/static_bending - INFO - Iteration 4600 - stage: fine, loss: 0.034348323941230774, ema_loss: 0.028262094409539917, psnr: 17.575490951538086, ema_psnr: 18.69631674599186, total_points: 30305, l1_loss: 0.034348323941230774, elapsed_time: 199.1710662841797
2025-08-04 18:43:23,388 - 4DGaussians_dnerf/static_bending - INFO - Iteration 4700 - stage: fine, loss: 0.030927883461117744, ema_loss: 0.026924363498134738, psnr: 17.57988739013672, ema_psnr: 18.935560879195755, total_points: 31068, l1_loss: 0.030927883461117744, elapsed_time: 198.9099578857422
2025-08-04 18:43:49,125 - 4DGaussians_dnerf/static_bending - INFO - Iteration 4800 - stage: fine, loss: 0.011715395376086235, ema_loss: 0.01885136865369642, psnr: 22.995498657226562, ema_psnr: 21.430190573360193, total_points: 31772, l1_loss: 0.011715395376086235, elapsed_time: 198.1071319580078
2025-08-04 18:44:14,936 - 4DGaussians_dnerf/static_bending - INFO - Iteration 4900 - stage: fine, loss: 0.023947209119796753, ema_loss: 0.02975510176115025, psnr: 19.194477081298828, ema_psnr: 18.573206860165023, total_points: 32546, l1_loss: 0.023947209119796753, elapsed_time: 198.74118041992188
2025-08-04 18:44:40,748 - 4DGaussians_dnerf/static_bending - INFO - Iteration 5000 - stage: fine, loss: 0.03736250847578049, ema_loss: 0.03624097420621879, psnr: 17.043638229370117, ema_psnr: 17.489939433974207, total_points: 33292, l1_loss: 0.03736250847578049, elapsed_time: 198.61708068847656
2025-08-04 18:45:07,752 - 4DGaussians_dnerf/static_bending - INFO - Iteration 5100 - stage: fine, loss: 0.021483173593878746, ema_loss: 0.028303452665172018, psnr: 19.84023666381836, ema_psnr: 18.766201688091137, total_points: 33441, l1_loss: 0.021483173593878746, elapsed_time: 198.7379150390625
2025-08-04 18:45:33,617 - 4DGaussians_dnerf/static_bending - INFO - Iteration 5200 - stage: fine, loss: 0.009203681722283363, ema_loss: 0.02037705490819934, psnr: 24.760568618774414, ema_psnr: 21.194898016067164, total_points: 33718, l1_loss: 0.009203681722283363, elapsed_time: 201.87750244140625
2025-08-04 18:45:59,544 - 4DGaussians_dnerf/static_bending - INFO - Iteration 5300 - stage: fine, loss: 0.007200453896075487, ema_loss: 0.019292788421169667, psnr: 26.047401428222656, ema_psnr: 21.931811421325627, total_points: 34132, l1_loss: 0.007200453896075487, elapsed_time: 200.61695861816406
2025-08-04 18:46:25,514 - 4DGaussians_dnerf/static_bending - INFO - Iteration 5400 - stage: fine, loss: 0.009162314236164093, ema_loss: 0.017991451631438185, psnr: 24.45766258239746, ema_psnr: 21.64456423169374, total_points: 34490, l1_loss: 0.009162314236164093, elapsed_time: 202.24327087402344
2025-08-04 18:46:51,486 - 4DGaussians_dnerf/static_bending - INFO - Iteration 5500 - stage: fine, loss: 0.01380784809589386, ema_loss: 0.01367755990347315, psnr: 21.229480743408203, ema_psnr: 22.374582666199483, total_points: 35003, l1_loss: 0.01380784809589386, elapsed_time: 201.0021514892578
2025-08-04 18:47:17,460 - 4DGaussians_dnerf/static_bending - INFO - Iteration 5600 - stage: fine, loss: 0.009948848746716976, ema_loss: 0.019923360056945318, psnr: 24.11661148071289, ema_psnr: 21.009033277298137, total_points: 35504, l1_loss: 0.009948848746716976, elapsed_time: 200.47462463378906
2025-08-04 18:47:43,459 - 4DGaussians_dnerf/static_bending - INFO - Iteration 5700 - stage: fine, loss: 0.00939905270934105, ema_loss: 0.020742193634533154, psnr: 24.942007064819336, ema_psnr: 21.38822649676292, total_points: 35708, l1_loss: 0.00939905270934105, elapsed_time: 200.86373901367188
2025-08-04 18:48:09,480 - 4DGaussians_dnerf/static_bending - INFO - Iteration 5800 - stage: fine, loss: 0.032456401735544205, ema_loss: 0.03274073941670356, psnr: 17.892972946166992, ema_psnr: 18.280749403263062, total_points: 35874, l1_loss: 0.032456401735544205, elapsed_time: 203.03257751464844
2025-08-04 18:48:35,526 - 4DGaussians_dnerf/static_bending - INFO - Iteration 5900 - stage: fine, loss: 0.010400568135082722, ema_loss: 0.019631361050459966, psnr: 22.720436096191406, ema_psnr: 21.43968454734236, total_points: 36367, l1_loss: 0.010400568135082722, elapsed_time: 203.6307830810547
2025-08-04 18:49:01,573 - 4DGaussians_dnerf/static_bending - INFO - Iteration 6000 - stage: fine, loss: 0.01081436313688755, ema_loss: 0.012073202244839699, psnr: 23.87630844116211, ema_psnr: 23.350722730624042, total_points: 36866, l1_loss: 0.01081436313688755, elapsed_time: 200.84632873535156
2025-08-04 18:49:27,793 - 4DGaussians_dnerf/static_bending - INFO - Iteration 6100 - stage: fine, loss: 0.03512255847454071, ema_loss: 0.029016228558498253, psnr: 17.716575622558594, ema_psnr: 19.13917376516752, total_points: 37344, l1_loss: 0.03512255847454071, elapsed_time: 202.25840759277344
2025-08-04 18:49:53,988 - 4DGaussians_dnerf/static_bending - INFO - Iteration 6200 - stage: fine, loss: 0.010117567144334316, ema_loss: 0.025044536785371073, psnr: 24.323238372802734, ema_psnr: 20.58528780649379, total_points: 37486, l1_loss: 0.010117567144334316, elapsed_time: 202.93017578125
2025-08-04 18:50:20,268 - 4DGaussians_dnerf/static_bending - INFO - Iteration 6300 - stage: fine, loss: 0.007681176532059908, ema_loss: 0.014872696437075908, psnr: 25.770015716552734, ema_psnr: 23.601753516109127, total_points: 37838, l1_loss: 0.007681176532059908, elapsed_time: 203.71763610839844
2025-08-04 18:50:46,544 - 4DGaussians_dnerf/static_bending - INFO - Iteration 6400 - stage: fine, loss: 0.009618417359888554, ema_loss: 0.021456153154388983, psnr: 24.525850296020508, ema_psnr: 21.12040327514298, total_points: 38160, l1_loss: 0.009618417359888554, elapsed_time: 205.65402221679688
2025-08-04 18:51:12,878 - 4DGaussians_dnerf/static_bending - INFO - Iteration 6500 - stage: fine, loss: 0.02610558457672596, ema_loss: 0.026862960550320357, psnr: 19.14114761352539, ema_psnr: 19.445937784724958, total_points: 38415, l1_loss: 0.02610558457672596, elapsed_time: 203.2332763671875
2025-08-04 18:51:39,234 - 4DGaussians_dnerf/static_bending - INFO - Iteration 6600 - stage: fine, loss: 0.021624086424708366, ema_loss: 0.01917733418228701, psnr: 19.662330627441406, ema_psnr: 20.697414085517607, total_points: 38680, l1_loss: 0.021624086424708366, elapsed_time: 203.77395629882812
2025-08-04 18:52:05,635 - 4DGaussians_dnerf/static_bending - INFO - Iteration 6700 - stage: fine, loss: 0.00938665121793747, ema_loss: 0.025577773595190496, psnr: 24.058340072631836, ema_psnr: 20.233422874195604, total_points: 39012, l1_loss: 0.00938665121793747, elapsed_time: 207.11526489257812
2025-08-04 18:52:32,077 - 4DGaussians_dnerf/static_bending - INFO - Iteration 6800 - stage: fine, loss: 0.03488226234912872, ema_loss: 0.028323294677665926, psnr: 17.586748123168945, ema_psnr: 19.500136223899965, total_points: 39269, l1_loss: 0.03488226234912872, elapsed_time: 205.11949157714844
2025-08-04 18:52:58,573 - 4DGaussians_dnerf/static_bending - INFO - Iteration 6900 - stage: fine, loss: 0.012852855026721954, ema_loss: 0.026173156754252584, psnr: 22.385385513305664, ema_psnr: 19.92431735818943, total_points: 39559, l1_loss: 0.012852855026721954, elapsed_time: 207.71737670898438
2025-08-04 18:53:25,132 - 4DGaussians_dnerf/static_bending - INFO - Iteration 7000 - stage: fine, loss: 0.006707117427140474, ema_loss: 0.019008646678921357, psnr: 26.140432357788086, ema_psnr: 22.06255954553181, total_points: 40027, l1_loss: 0.006707117427140474, elapsed_time: 206.25503540039062
2025-08-04 18:53:53,154 - 4DGaussians_dnerf/static_bending - INFO - Iteration 7100 - stage: fine, loss: 0.035748377442359924, ema_loss: 0.029112774032151525, psnr: 17.06954574584961, ema_psnr: 19.210171535779686, total_points: 40755, l1_loss: 0.035748377442359924, elapsed_time: 205.80157470703125
2025-08-04 18:54:19,803 - 4DGaussians_dnerf/static_bending - INFO - Iteration 7200 - stage: fine, loss: 0.020630603656172752, ema_loss: 0.02376715262977238, psnr: 19.91176414489746, ema_psnr: 19.509356935600344, total_points: 41331, l1_loss: 0.020630603656172752, elapsed_time: 208.8079376220703
2025-08-04 18:54:46,557 - 4DGaussians_dnerf/static_bending - INFO - Iteration 7300 - stage: fine, loss: 0.010841300711035728, ema_loss: 0.017606304978089325, psnr: 22.242944717407227, ema_psnr: 21.34340551262143, total_points: 41732, l1_loss: 0.010841300711035728, elapsed_time: 208.76390075683594
2025-08-04 18:55:13,347 - 4DGaussians_dnerf/static_bending - INFO - Iteration 7400 - stage: fine, loss: 0.037735432386398315, ema_loss: 0.030439349152968507, psnr: 17.107250213623047, ema_psnr: 18.59208431192686, total_points: 42443, l1_loss: 0.037735432386398315, elapsed_time: 209.93638610839844
2025-08-04 18:55:40,229 - 4DGaussians_dnerf/static_bending - INFO - Iteration 7500 - stage: fine, loss: 0.02338436432182789, ema_loss: 0.021365695376867794, psnr: 19.074304580688477, ema_psnr: 20.375244326220752, total_points: 42993, l1_loss: 0.02338436432182789, elapsed_time: 211.60140991210938
2025-08-04 18:56:07,141 - 4DGaussians_dnerf/static_bending - INFO - Iteration 7600 - stage: fine, loss: 0.014261067844927311, ema_loss: 0.025923805644932404, psnr: 22.084449768066406, ema_psnr: 20.43668996067313, total_points: 43776, l1_loss: 0.014261067844927311, elapsed_time: 212.25164794921875
2025-08-04 18:56:34,152 - 4DGaussians_dnerf/static_bending - INFO - Iteration 7700 - stage: fine, loss: 0.023333940654993057, ema_loss: 0.020851212305689145, psnr: 19.175153732299805, ema_psnr: 20.05153721386381, total_points: 44572, l1_loss: 0.023333940654993057, elapsed_time: 210.54360961914062
2025-08-04 18:57:01,239 - 4DGaussians_dnerf/static_bending - INFO - Iteration 7800 - stage: fine, loss: 0.04905548319220543, ema_loss: 0.03374355046577861, psnr: 15.591076850891113, ema_psnr: 18.046833534064813, total_points: 44845, l1_loss: 0.04905548319220543, elapsed_time: 212.97970581054688
2025-08-04 18:57:28,352 - 4DGaussians_dnerf/static_bending - INFO - Iteration 7900 - stage: fine, loss: 0.00992807187139988, ema_loss: 0.01520881218611861, psnr: 24.372833251953125, ema_psnr: 21.841604639012143, total_points: 45491, l1_loss: 0.00992807187139988, elapsed_time: 211.5563507080078
2025-08-04 18:57:55,503 - 4DGaussians_dnerf/static_bending - INFO - Iteration 8000 - stage: fine, loss: 0.03658665716648102, ema_loss: 0.026928728059445135, psnr: 17.45083999633789, ema_psnr: 19.438397773563267, total_points: 45954, l1_loss: 0.03658665716648102, elapsed_time: 214.31289672851562
2025-08-04 18:58:22,804 - 4DGaussians_dnerf/static_bending - INFO - Iteration 8100 - stage: fine, loss: 0.02362738735973835, ema_loss: 0.030593481331260053, psnr: 19.453693389892578, ema_psnr: 18.313911157255717, total_points: 46270, l1_loss: 0.02362738735973835, elapsed_time: 215.31443786621094
2025-08-04 18:58:50,184 - 4DGaussians_dnerf/static_bending - INFO - Iteration 8200 - stage: fine, loss: 0.033970169723033905, ema_loss: 0.02537894154272747, psnr: 17.48093032836914, ema_psnr: 19.299896782204183, total_points: 46700, l1_loss: 0.033970169723033905, elapsed_time: 216.0906219482422
2025-08-04 18:59:17,651 - 4DGaussians_dnerf/static_bending - INFO - Iteration 8300 - stage: fine, loss: 0.021751562133431435, ema_loss: 0.023743436086047676, psnr: 19.48939323425293, ema_psnr: 19.47952925161711, total_points: 47425, l1_loss: 0.021751562133431435, elapsed_time: 217.19654846191406
2025-08-04 18:59:45,125 - 4DGaussians_dnerf/static_bending - INFO - Iteration 8400 - stage: fine, loss: 0.026945240795612335, ema_loss: 0.028415266626118436, psnr: 18.677288055419922, ema_psnr: 19.026651653604816, total_points: 48248, l1_loss: 0.026945240795612335, elapsed_time: 216.8924102783203
2025-08-04 19:00:12,701 - 4DGaussians_dnerf/static_bending - INFO - Iteration 8500 - stage: fine, loss: 0.009953523986041546, ema_loss: 0.025503203328649252, psnr: 23.645366668701172, ema_psnr: 20.061394639000447, total_points: 48518, l1_loss: 0.009953523986041546, elapsed_time: 218.88204956054688
2025-08-04 19:00:40,340 - 4DGaussians_dnerf/static_bending - INFO - Iteration 8600 - stage: fine, loss: 0.00881409365683794, ema_loss: 0.016730528577001788, psnr: 24.891042709350586, ema_psnr: 22.483436545920284, total_points: 49117, l1_loss: 0.00881409365683794, elapsed_time: 216.8924102783203
2025-08-04 19:01:08,112 - 4DGaussians_dnerf/static_bending - INFO - Iteration 8700 - stage: fine, loss: 0.03335243836045265, ema_loss: 0.02485127680730736, psnr: 17.574722290039062, ema_psnr: 19.433780084745536, total_points: 49935, l1_loss: 0.03335243836045265, elapsed_time: 219.97669982910156
2025-08-04 19:01:35,933 - 4DGaussians_dnerf/static_bending - INFO - Iteration 8800 - stage: fine, loss: 0.016167964786291122, ema_loss: 0.014451271652827726, psnr: 21.39397430419922, ema_psnr: 22.51148361347024, total_points: 50780, l1_loss: 0.016167964786291122, elapsed_time: 218.49497985839844
2025-08-04 19:02:03,839 - 4DGaussians_dnerf/static_bending - INFO - Iteration 8900 - stage: fine, loss: 0.021071309223771095, ema_loss: 0.018814157792166636, psnr: 19.724729537963867, ema_psnr: 20.844870537734998, total_points: 51642, l1_loss: 0.021071309223771095, elapsed_time: 221.1584014892578
2025-08-04 19:02:31,776 - 4DGaussians_dnerf/static_bending - INFO - Iteration 9000 - stage: fine, loss: 0.017066823318600655, ema_loss: 0.02500158426062634, psnr: 20.901382446289062, ema_psnr: 19.65080352694761, total_points: 52490, l1_loss: 0.017066823318600655, elapsed_time: 219.0766143798828
2025-08-04 19:02:59,728 - 4DGaussians_dnerf/static_bending - INFO - Iteration 9100 - stage: fine, loss: 0.038545478135347366, ema_loss: 0.036539051450581894, psnr: 16.903345108032227, ema_psnr: 17.72846546560085, total_points: 52667, l1_loss: 0.038545478135347366, elapsed_time: 219.58245849609375
2025-08-04 19:03:27,639 - 4DGaussians_dnerf/static_bending - INFO - Iteration 9200 - stage: fine, loss: 0.03894126042723656, ema_loss: 0.035191198082637876, psnr: 16.70110511779785, ema_psnr: 17.506508071075377, total_points: 52688, l1_loss: 0.03894126042723656, elapsed_time: 221.363037109375
2025-08-04 19:03:55,579 - 4DGaussians_dnerf/static_bending - INFO - Iteration 9300 - stage: fine, loss: 0.017481129616498947, ema_loss: 0.02575040441782398, psnr: 20.704744338989258, ema_psnr: 19.15417934266446, total_points: 52738, l1_loss: 0.017481129616498947, elapsed_time: 220.93209838867188
2025-08-04 19:04:23,494 - 4DGaussians_dnerf/static_bending - INFO - Iteration 9400 - stage: fine, loss: 0.018243735656142235, ema_loss: 0.02508165335820711, psnr: 20.537837982177734, ema_psnr: 19.3373707872352, total_points: 52809, l1_loss: 0.018243735656142235, elapsed_time: 221.6847381591797
2025-08-04 19:04:51,407 - 4DGaussians_dnerf/static_bending - INFO - Iteration 9500 - stage: fine, loss: 0.02260458655655384, ema_loss: 0.0232525740565186, psnr: 19.415451049804688, ema_psnr: 19.755022752892287, total_points: 52876, l1_loss: 0.02260458655655384, elapsed_time: 219.2427215576172
2025-08-04 19:05:19,351 - 4DGaussians_dnerf/static_bending - INFO - Iteration 9600 - stage: fine, loss: 0.03897455334663391, ema_loss: 0.03384139533289875, psnr: 16.718738555908203, ema_psnr: 17.776180699477685, total_points: 52951, l1_loss: 0.03897455334663391, elapsed_time: 218.86566162109375
2025-08-04 19:05:47,280 - 4DGaussians_dnerf/static_bending - INFO - Iteration 9700 - stage: fine, loss: 0.01679711788892746, ema_loss: 0.024005632176090048, psnr: 20.8175106048584, ema_psnr: 19.34660401398527, total_points: 53009, l1_loss: 0.01679711788892746, elapsed_time: 218.94143676757812
2025-08-04 19:06:15,221 - 4DGaussians_dnerf/static_bending - INFO - Iteration 9800 - stage: fine, loss: 0.015015591867268085, ema_loss: 0.022545145499181924, psnr: 21.202274322509766, ema_psnr: 19.704437667942432, total_points: 53061, l1_loss: 0.015015591867268085, elapsed_time: 219.1216583251953
2025-08-04 19:06:43,214 - 4DGaussians_dnerf/static_bending - INFO - Iteration 9900 - stage: fine, loss: 0.036760251969099045, ema_loss: 0.02933698468787111, psnr: 17.055383682250977, ema_psnr: 19.038083253155733, total_points: 53108, l1_loss: 0.036760251969099045, elapsed_time: 221.89773559570312
2025-08-04 19:07:11,174 - 4DGaussians_dnerf/static_bending - INFO - Iteration 10000 - stage: fine, loss: 0.014608874917030334, ema_loss: 0.018829161366051193, psnr: 21.78313446044922, ema_psnr: 20.95866370748191, total_points: 53436, l1_loss: 0.014608874917030334, elapsed_time: 219.9552001953125
2025-08-04 19:07:40,776 - 4DGaussians_dnerf/static_bending - INFO - Iteration 10100 - stage: fine, loss: 0.011287253350019455, ema_loss: 0.02630175569989371, psnr: 22.048635482788086, ema_psnr: 19.81475496756981, total_points: 54155, l1_loss: 0.011287253350019455, elapsed_time: 221.47503662109375
2025-08-04 19:08:08,845 - 4DGaussians_dnerf/static_bending - INFO - Iteration 10200 - stage: fine, loss: 0.010387107729911804, ema_loss: 0.018318566829768842, psnr: 22.474061965942383, ema_psnr: 20.9985581889651, total_points: 54944, l1_loss: 0.010387107729911804, elapsed_time: 223.55552673339844
2025-08-04 19:08:37,206 - 4DGaussians_dnerf/static_bending - INFO - Iteration 10300 - stage: fine, loss: 0.020272476598620415, ema_loss: 0.02781837035224615, psnr: 19.91136932373047, ema_psnr: 18.984965830675495, total_points: 55809, l1_loss: 0.020272476598620415, elapsed_time: 225.91693115234375
2025-08-04 19:09:05,709 - 4DGaussians_dnerf/static_bending - INFO - Iteration 10400 - stage: fine, loss: 0.014670432545244694, ema_loss: 0.018898587491443658, psnr: 21.460935592651367, ema_psnr: 20.764327986593123, total_points: 56721, l1_loss: 0.014670432545244694, elapsed_time: 224.12696838378906
2025-08-04 19:09:34,298 - 4DGaussians_dnerf/static_bending - INFO - Iteration 10500 - stage: fine, loss: 0.02563706412911415, ema_loss: 0.029414915016231252, psnr: 18.914955139160156, ema_psnr: 18.47056740629473, total_points: 57623, l1_loss: 0.02563706412911415, elapsed_time: 228.44313049316406
2025-08-04 19:10:03,037 - 4DGaussians_dnerf/static_bending - INFO - Iteration 10600 - stage: fine, loss: 0.03665073588490486, ema_loss: 0.027439617721810708, psnr: 17.556489944458008, ema_psnr: 19.469453777080755, total_points: 58587, l1_loss: 0.03665073588490486, elapsed_time: 230.68255615234375
2025-08-04 19:10:31,803 - 4DGaussians_dnerf/static_bending - INFO - Iteration 10700 - stage: fine, loss: 0.009110167622566223, ema_loss: 0.02603786171532471, psnr: 24.46603012084961, ema_psnr: 20.071863835741972, total_points: 59512, l1_loss: 0.009110167622566223, elapsed_time: 230.4532470703125
2025-08-04 19:11:00,586 - 4DGaussians_dnerf/static_bending - INFO - Iteration 10800 - stage: fine, loss: 0.018833061680197716, ema_loss: 0.016782398804755544, psnr: 20.277650833129883, ema_psnr: 20.896222532492178, total_points: 59729, l1_loss: 0.018833061680197716, elapsed_time: 230.96421813964844
2025-08-04 19:11:29,383 - 4DGaussians_dnerf/static_bending - INFO - Iteration 10900 - stage: fine, loss: 0.028447464108467102, ema_loss: 0.024318110860435227, psnr: 18.37262725830078, ema_psnr: 19.62047686250142, total_points: 59829, l1_loss: 0.028447464108467102, elapsed_time: 227.46214294433594
2025-08-04 19:11:58,184 - 4DGaussians_dnerf/static_bending - INFO - Iteration 11000 - stage: fine, loss: 0.036631979048252106, ema_loss: 0.020124992832489075, psnr: 17.326095581054688, ema_psnr: 21.800214198857585, total_points: 59956, l1_loss: 0.036631979048252106, elapsed_time: 228.14413452148438
2025-08-04 19:12:27,044 - 4DGaussians_dnerf/static_bending - INFO - Iteration 11100 - stage: fine, loss: 0.012290429323911667, ema_loss: 0.019270334627051033, psnr: 21.650793075561523, ema_psnr: 20.31902763814731, total_points: 60005, l1_loss: 0.012290429323911667, elapsed_time: 232.20530700683594
2025-08-04 19:12:55,911 - 4DGaussians_dnerf/static_bending - INFO - Iteration 11200 - stage: fine, loss: 0.05065211281180382, ema_loss: 0.03668094755383519, psnr: 15.571049690246582, ema_psnr: 17.62688707434106, total_points: 60059, l1_loss: 0.05065211281180382, elapsed_time: 228.0755157470703
2025-08-04 19:13:24,720 - 4DGaussians_dnerf/static_bending - INFO - Iteration 11300 - stage: fine, loss: 0.034384939819574356, ema_loss: 0.028135666988799143, psnr: 17.424354553222656, ema_psnr: 18.57988927541398, total_points: 60096, l1_loss: 0.034384939819574356, elapsed_time: 227.6741180419922
2025-08-04 19:13:53,535 - 4DGaussians_dnerf/static_bending - INFO - Iteration 11400 - stage: fine, loss: 0.016597729176282883, ema_loss: 0.0163746454252071, psnr: 21.067157745361328, ema_psnr: 20.888825146928927, total_points: 60131, l1_loss: 0.016597729176282883, elapsed_time: 227.5020751953125
2025-08-04 19:14:22,382 - 4DGaussians_dnerf/static_bending - INFO - Iteration 11500 - stage: fine, loss: 0.013943986035883427, ema_loss: 0.020811978250017647, psnr: 21.892526626586914, ema_psnr: 20.22850615511709, total_points: 60166, l1_loss: 0.013943986035883427, elapsed_time: 231.0328369140625
2025-08-04 19:14:51,229 - 4DGaussians_dnerf/static_bending - INFO - Iteration 11600 - stage: fine, loss: 0.03527335450053215, ema_loss: 0.03293602287394653, psnr: 17.180225372314453, ema_psnr: 17.91716402121893, total_points: 60206, l1_loss: 0.03527335450053215, elapsed_time: 227.76336669921875
2025-08-04 19:15:20,114 - 4DGaussians_dnerf/static_bending - INFO - Iteration 11700 - stage: fine, loss: 0.009271885268390179, ema_loss: 0.012358194408323664, psnr: 24.43779754638672, ema_psnr: 22.894738057577626, total_points: 60510, l1_loss: 0.009271885268390179, elapsed_time: 232.6456298828125
2025-08-04 19:15:48,996 - 4DGaussians_dnerf/static_bending - INFO - Iteration 11800 - stage: fine, loss: 0.02909245155751705, ema_loss: 0.021162072987574145, psnr: 18.65350914001465, ema_psnr: 20.75125477481061, total_points: 60586, l1_loss: 0.02909245155751705, elapsed_time: 232.26368713378906
2025-08-04 19:16:17,891 - 4DGaussians_dnerf/static_bending - INFO - Iteration 11900 - stage: fine, loss: 0.03651043400168419, ema_loss: 0.03623575846431831, psnr: 16.81204605102539, ema_psnr: 17.265884279977936, total_points: 60666, l1_loss: 0.03651043400168419, elapsed_time: 230.41944885253906
2025-08-04 19:16:46,771 - 4DGaussians_dnerf/static_bending - INFO - Iteration 12000 - stage: fine, loss: 0.009169214405119419, ema_loss: 0.021053021643856307, psnr: 23.765926361083984, ema_psnr: 20.568706400048896, total_points: 60717, l1_loss: 0.009169214405119419, elapsed_time: 233.28973388671875
2025-08-04 19:17:15,682 - 4DGaussians_dnerf/static_bending - INFO - Iteration 12100 - stage: fine, loss: 0.012700002640485764, ema_loss: 0.02121042310113738, psnr: 22.457181930541992, ema_psnr: 20.839946746405904, total_points: 60750, l1_loss: 0.012700002640485764, elapsed_time: 229.26243591308594
2025-08-04 19:17:44,576 - 4DGaussians_dnerf/static_bending - INFO - Iteration 12200 - stage: fine, loss: 0.04830339178442955, ema_loss: 0.038509122747109825, psnr: 15.666045188903809, ema_psnr: 17.471582950540245, total_points: 60758, l1_loss: 0.04830339178442955, elapsed_time: 228.33978271484375
2025-08-04 19:18:13,489 - 4DGaussians_dnerf/static_bending - INFO - Iteration 12300 - stage: fine, loss: 0.026259485632181168, ema_loss: 0.02447708128885994, psnr: 18.876264572143555, ema_psnr: 19.68026872070056, total_points: 60790, l1_loss: 0.026259485632181168, elapsed_time: 232.01084899902344
2025-08-04 19:18:42,375 - 4DGaussians_dnerf/static_bending - INFO - Iteration 12400 - stage: fine, loss: 0.011418878100812435, ema_loss: 0.031196060445531092, psnr: 21.975631713867188, ema_psnr: 18.51616651976878, total_points: 60818, l1_loss: 0.011418878100812435, elapsed_time: 230.57408142089844
2025-08-04 19:19:11,252 - 4DGaussians_dnerf/static_bending - INFO - Iteration 12500 - stage: fine, loss: 0.011746334843337536, ema_loss: 0.01931280045961802, psnr: 21.76396942138672, ema_psnr: 20.46255528665731, total_points: 60844, l1_loss: 0.011746334843337536, elapsed_time: 232.9722900390625
2025-08-04 19:19:40,178 - 4DGaussians_dnerf/static_bending - INFO - Iteration 12600 - stage: fine, loss: 0.03447804972529411, ema_loss: 0.022653240106971624, psnr: 17.510221481323242, ema_psnr: 20.212518108463975, total_points: 60973, l1_loss: 0.03447804972529411, elapsed_time: 228.7441864013672
2025-08-04 19:20:09,206 - 4DGaussians_dnerf/static_bending - INFO - Iteration 12700 - stage: fine, loss: 0.026029236614704132, ema_loss: 0.02249789235812022, psnr: 18.846805572509766, ema_psnr: 20.033948720890162, total_points: 61558, l1_loss: 0.026029236614704132, elapsed_time: 233.34092712402344
2025-08-04 19:20:38,307 - 4DGaussians_dnerf/static_bending - INFO - Iteration 12800 - stage: fine, loss: 0.038523729890584946, ema_loss: 0.02795124054719117, psnr: 17.30410385131836, ema_psnr: 18.879440385924074, total_points: 62364, l1_loss: 0.038523729890584946, elapsed_time: 230.72154235839844
2025-08-04 19:21:07,496 - 4DGaussians_dnerf/static_bending - INFO - Iteration 12900 - stage: fine, loss: 0.027447663247585297, ema_loss: 0.02544871123809066, psnr: 18.619701385498047, ema_psnr: 19.32126896223022, total_points: 63135, l1_loss: 0.027447663247585297, elapsed_time: 231.8039093017578
2025-08-04 19:21:36,772 - 4DGaussians_dnerf/static_bending - INFO - Iteration 13000 - stage: fine, loss: 0.03655605763196945, ema_loss: 0.021716525342451456, psnr: 16.788616180419922, ema_psnr: 20.83314114508788, total_points: 63972, l1_loss: 0.03655605763196945, elapsed_time: 232.48704528808594
2025-08-04 19:22:06,262 - 4DGaussians_dnerf/static_bending - INFO - Iteration 13100 - stage: fine, loss: 0.03195735439658165, ema_loss: 0.02335552128128871, psnr: 17.73088836669922, ema_psnr: 19.904084718184507, total_points: 64876, l1_loss: 0.03195735439658165, elapsed_time: 234.3362579345703
2025-08-04 19:22:35,815 - 4DGaussians_dnerf/static_bending - INFO - Iteration 13200 - stage: fine, loss: 0.009433544240891933, ema_loss: 0.01916978573334094, psnr: 23.709566116333008, ema_psnr: 21.364348311096304, total_points: 65770, l1_loss: 0.009433544240891933, elapsed_time: 239.1050262451172
2025-08-04 19:23:05,417 - 4DGaussians_dnerf/static_bending - INFO - Iteration 13300 - stage: fine, loss: 0.0112140579149127, ema_loss: 0.027753430482004963, psnr: 23.021240234375, ema_psnr: 19.4329299358877, total_points: 65946, l1_loss: 0.0112140579149127, elapsed_time: 235.2384033203125
2025-08-04 19:23:35,054 - 4DGaussians_dnerf/static_bending - INFO - Iteration 13400 - stage: fine, loss: 0.037430405616760254, ema_loss: 0.02117786360429529, psnr: 17.270065307617188, ema_psnr: 21.686728891219364, total_points: 66353, l1_loss: 0.037430405616760254, elapsed_time: 238.73023986816406
2025-08-04 19:24:04,762 - 4DGaussians_dnerf/static_bending - INFO - Iteration 13500 - stage: fine, loss: 0.0085824616253376, ema_loss: 0.015197355295708669, psnr: 24.34204864501953, ema_psnr: 22.329274073530144, total_points: 66975, l1_loss: 0.0085824616253376, elapsed_time: 236.9772491455078
2025-08-04 19:24:34,468 - 4DGaussians_dnerf/static_bending - INFO - Iteration 13600 - stage: fine, loss: 0.020370513200759888, ema_loss: 0.019906478506843614, psnr: 19.773405075073242, ema_psnr: 20.44936039379749, total_points: 67700, l1_loss: 0.020370513200759888, elapsed_time: 240.44851684570312
2025-08-04 19:25:04,266 - 4DGaussians_dnerf/static_bending - INFO - Iteration 13700 - stage: fine, loss: 0.012293818406760693, ema_loss: 0.022695422918654243, psnr: 21.57183074951172, ema_psnr: 20.653534334904457, total_points: 68607, l1_loss: 0.012293818406760693, elapsed_time: 241.93740844726562
2025-08-04 19:25:34,034 - 4DGaussians_dnerf/static_bending - INFO - Iteration 13800 - stage: fine, loss: 0.028051534667611122, ema_loss: 0.03305087750383439, psnr: 18.397157669067383, ema_psnr: 17.89457444329496, total_points: 68774, l1_loss: 0.028051534667611122, elapsed_time: 240.55923461914062
2025-08-04 19:26:03,827 - 4DGaussians_dnerf/static_bending - INFO - Iteration 13900 - stage: fine, loss: 0.015236292965710163, ema_loss: 0.02693475614609079, psnr: 20.280864715576172, ema_psnr: 18.80966912698753, total_points: 68845, l1_loss: 0.015236292965710163, elapsed_time: 241.49606323242188
2025-08-04 19:26:33,565 - 4DGaussians_dnerf/static_bending - INFO - Iteration 14000 - stage: fine, loss: 0.034655097872018814, ema_loss: 0.0364165075377416, psnr: 16.92030143737793, ema_psnr: 17.105597360191055, total_points: 68907, l1_loss: 0.034655097872018814, elapsed_time: 239.49107360839844
2025-08-04 19:27:03,371 - 4DGaussians_dnerf/static_bending - INFO - Iteration 14100 - stage: fine, loss: 0.013570171780884266, ema_loss: 0.028755440778519728, psnr: 21.91872787475586, ema_psnr: 19.49138957675828, total_points: 68954, l1_loss: 0.013570171780884266, elapsed_time: 237.91632080078125
2025-08-04 19:27:33,172 - 4DGaussians_dnerf/static_bending - INFO - Iteration 14200 - stage: fine, loss: 0.02034957893192768, ema_loss: 0.02769194442103165, psnr: 20.933246612548828, ema_psnr: 19.295914968982053, total_points: 68981, l1_loss: 0.02034957893192768, elapsed_time: 240.29592895507812
2025-08-04 19:28:02,985 - 4DGaussians_dnerf/static_bending - INFO - Iteration 14300 - stage: fine, loss: 0.0089332927018404, ema_loss: 0.017674907931621395, psnr: 24.90258026123047, ema_psnr: 22.283466682861338, total_points: 69010, l1_loss: 0.0089332927018404, elapsed_time: 241.19705200195312
2025-08-04 19:28:32,740 - 4DGaussians_dnerf/static_bending - INFO - Iteration 14400 - stage: fine, loss: 0.03331349045038223, ema_loss: 0.03266072739471994, psnr: 17.866710662841797, ema_psnr: 18.99761302406001, total_points: 69056, l1_loss: 0.03331349045038223, elapsed_time: 239.95904541015625
2025-08-04 19:29:02,535 - 4DGaussians_dnerf/static_bending - INFO - Iteration 14500 - stage: fine, loss: 0.016507405787706375, ema_loss: 0.019242916190978433, psnr: 20.83118438720703, ema_psnr: 20.79794455301733, total_points: 69077, l1_loss: 0.016507405787706375, elapsed_time: 240.57958984375
2025-08-04 19:29:32,303 - 4DGaussians_dnerf/static_bending - INFO - Iteration 14600 - stage: fine, loss: 0.009052598848938942, ema_loss: 0.01473457617954629, psnr: 24.612428665161133, ema_psnr: 22.122168733450344, total_points: 69098, l1_loss: 0.009052598848938942, elapsed_time: 237.94175720214844
2025-08-04 19:30:02,120 - 4DGaussians_dnerf/static_bending - INFO - Iteration 14700 - stage: fine, loss: 0.02649623714387417, ema_loss: 0.025368857793692412, psnr: 18.72581672668457, ema_psnr: 19.42814886369313, total_points: 69109, l1_loss: 0.02649623714387417, elapsed_time: 238.32269287109375
2025-08-04 19:30:31,957 - 4DGaussians_dnerf/static_bending - INFO - Iteration 14800 - stage: fine, loss: 0.037631358951330185, ema_loss: 0.025361562069468938, psnr: 17.52679443359375, ema_psnr: 19.773738246286058, total_points: 69131, l1_loss: 0.037631358951330185, elapsed_time: 241.2657928466797
2025-08-04 19:31:01,803 - 4DGaussians_dnerf/static_bending - INFO - Iteration 14900 - stage: fine, loss: 0.027867164462804794, ema_loss: 0.03045737409422424, psnr: 18.525310516357422, ema_psnr: 18.622874943834255, total_points: 69515, l1_loss: 0.027867164462804794, elapsed_time: 240.64102172851562
2025-08-04 19:31:31,711 - 4DGaussians_dnerf/static_bending - INFO - Iteration 15000 - stage: fine, loss: 0.009384775534272194, ema_loss: 0.019350220419027734, psnr: 24.560392379760742, ema_psnr: 21.82745942352869, total_points: 69942, l1_loss: 0.009384775534272194, elapsed_time: 242.33676147460938
2025-08-04 19:32:03,282 - 4DGaussians_dnerf/static_bending - INFO - Iteration 15100 - stage: fine, loss: 0.033780183643102646, ema_loss: 0.028087189539460503, psnr: 17.813323974609375, ema_psnr: 19.133404682467507, total_points: 69942, l1_loss: 0.033780183643102646, elapsed_time: 242.123779296875
2025-08-04 19:32:33,109 - 4DGaussians_dnerf/static_bending - INFO - Iteration 15200 - stage: fine, loss: 0.03597628325223923, ema_loss: 0.023676344581023183, psnr: 17.03740882873535, ema_psnr: 20.138004588368272, total_points: 69942, l1_loss: 0.03597628325223923, elapsed_time: 240.80079650878906
2025-08-04 19:33:02,957 - 4DGaussians_dnerf/static_bending - INFO - Iteration 15300 - stage: fine, loss: 0.05490771308541298, ema_loss: 0.03320236483500294, psnr: 15.266361236572266, ema_psnr: 18.427831165761347, total_points: 69942, l1_loss: 0.05490771308541298, elapsed_time: 237.67141723632812
2025-08-04 19:33:32,786 - 4DGaussians_dnerf/static_bending - INFO - Iteration 15400 - stage: fine, loss: 0.0304845180362463, ema_loss: 0.024933435997322125, psnr: 18.162681579589844, ema_psnr: 19.495381964429576, total_points: 69942, l1_loss: 0.0304845180362463, elapsed_time: 237.78509521484375
2025-08-04 19:34:02,624 - 4DGaussians_dnerf/static_bending - INFO - Iteration 15500 - stage: fine, loss: 0.05101484805345535, ema_loss: 0.035827113130568335, psnr: 15.226349830627441, ema_psnr: 17.693200180103403, total_points: 69942, l1_loss: 0.05101484805345535, elapsed_time: 241.75001525878906
2025-08-04 19:34:32,460 - 4DGaussians_dnerf/static_bending - INFO - Iteration 15600 - stage: fine, loss: 0.008339405059814453, ema_loss: 0.01729045615283053, psnr: 25.256473541259766, ema_psnr: 21.956412073252118, total_points: 69942, l1_loss: 0.008339405059814453, elapsed_time: 238.8152313232422
2025-08-04 19:35:02,294 - 4DGaussians_dnerf/static_bending - INFO - Iteration 15700 - stage: fine, loss: 0.032826583832502365, ema_loss: 0.027675959645698224, psnr: 17.91322898864746, ema_psnr: 19.720013513685252, total_points: 69942, l1_loss: 0.032826583832502365, elapsed_time: 237.54342651367188
2025-08-04 19:35:32,120 - 4DGaussians_dnerf/static_bending - INFO - Iteration 15800 - stage: fine, loss: 0.03189521282911301, ema_loss: 0.01995957877398296, psnr: 17.73927879333496, ema_psnr: 20.985450158154894, total_points: 69942, l1_loss: 0.03189521282911301, elapsed_time: 237.42691040039062
2025-08-04 19:36:01,944 - 4DGaussians_dnerf/static_bending - INFO - Iteration 15900 - stage: fine, loss: 0.027491573244333267, ema_loss: 0.02549036498051201, psnr: 18.443357467651367, ema_psnr: 19.206426761761634, total_points: 69942, l1_loss: 0.027491573244333267, elapsed_time: 238.19879150390625
2025-08-04 19:36:31,768 - 4DGaussians_dnerf/static_bending - INFO - Iteration 16000 - stage: fine, loss: 0.010387638583779335, ema_loss: 0.020536465012333725, psnr: 22.61617660522461, ema_psnr: 21.186060168574617, total_points: 69942, l1_loss: 0.010387638583779335, elapsed_time: 243.12217712402344
2025-08-04 19:37:01,581 - 4DGaussians_dnerf/static_bending - INFO - Iteration 16100 - stage: fine, loss: 0.007276878226548433, ema_loss: 0.01578597717204465, psnr: 25.861099243164062, ema_psnr: 22.99222911013782, total_points: 69942, l1_loss: 0.007276878226548433, elapsed_time: 241.3446044921875
2025-08-04 19:37:31,406 - 4DGaussians_dnerf/static_bending - INFO - Iteration 16200 - stage: fine, loss: 0.0347701832652092, ema_loss: 0.030572609844875576, psnr: 17.346622467041016, ema_psnr: 18.180103939163892, total_points: 69942, l1_loss: 0.0347701832652092, elapsed_time: 237.4983673095703
2025-08-04 19:38:01,238 - 4DGaussians_dnerf/static_bending - INFO - Iteration 16300 - stage: fine, loss: 0.013680994510650635, ema_loss: 0.020218011285884165, psnr: 20.640535354614258, ema_psnr: 20.16260106596884, total_points: 69942, l1_loss: 0.013680994510650635, elapsed_time: 242.76377868652344
2025-08-04 19:38:31,061 - 4DGaussians_dnerf/static_bending - INFO - Iteration 16400 - stage: fine, loss: 0.01813649944961071, ema_loss: 0.018048543663829603, psnr: 19.07735252380371, ema_psnr: 19.79879337747113, total_points: 69942, l1_loss: 0.01813649944961071, elapsed_time: 242.95526123046875
2025-08-04 19:39:00,865 - 4DGaussians_dnerf/static_bending - INFO - Iteration 16500 - stage: fine, loss: 0.010115069337189198, ema_loss: 0.019638645708896268, psnr: 22.695175170898438, ema_psnr: 20.76103021593841, total_points: 69942, l1_loss: 0.010115069337189198, elapsed_time: 239.89144897460938
2025-08-04 19:39:30,693 - 4DGaussians_dnerf/static_bending - INFO - Iteration 16600 - stage: fine, loss: 0.012369958683848381, ema_loss: 0.01730447164347006, psnr: 22.40290069580078, ema_psnr: 21.52975237956118, total_points: 69942, l1_loss: 0.012369958683848381, elapsed_time: 241.99679565429688
2025-08-04 19:40:00,496 - 4DGaussians_dnerf/static_bending - INFO - Iteration 16700 - stage: fine, loss: 0.018733728677034378, ema_loss: 0.01937936577328014, psnr: 20.070955276489258, ema_psnr: 20.581936804369622, total_points: 69942, l1_loss: 0.018733728677034378, elapsed_time: 237.15533447265625
2025-08-04 19:40:30,302 - 4DGaussians_dnerf/static_bending - INFO - Iteration 16800 - stage: fine, loss: 0.03359806165099144, ema_loss: 0.03949336206712356, psnr: 17.77851676940918, ema_psnr: 17.048537376694693, total_points: 69942, l1_loss: 0.03359806165099144, elapsed_time: 237.8087615966797
2025-08-04 19:41:00,114 - 4DGaussians_dnerf/static_bending - INFO - Iteration 16900 - stage: fine, loss: 0.036786314100027084, ema_loss: 0.027972258867253026, psnr: 17.507116317749023, ema_psnr: 18.94614716988454, total_points: 69942, l1_loss: 0.036786314100027084, elapsed_time: 241.53692626953125
2025-08-04 19:41:29,916 - 4DGaussians_dnerf/static_bending - INFO - Iteration 17000 - stage: fine, loss: 0.005767357535660267, ema_loss: 0.018172111615866852, psnr: 27.092275619506836, ema_psnr: 22.101594167289075, total_points: 69942, l1_loss: 0.005767357535660267, elapsed_time: 238.83897399902344
2025-08-04 19:41:59,728 - 4DGaussians_dnerf/static_bending - INFO - Iteration 17100 - stage: fine, loss: 0.013683821074664593, ema_loss: 0.01650884427597115, psnr: 22.044981002807617, ema_psnr: 21.59500918214713, total_points: 69942, l1_loss: 0.013683821074664593, elapsed_time: 238.2039031982422
2025-08-04 19:42:29,550 - 4DGaussians_dnerf/static_bending - INFO - Iteration 17200 - stage: fine, loss: 0.015357495285570621, ema_loss: 0.02674114038420433, psnr: 21.632230758666992, ema_psnr: 19.95585043923377, total_points: 69942, l1_loss: 0.015357495285570621, elapsed_time: 237.5187530517578
2025-08-04 19:42:59,344 - 4DGaussians_dnerf/static_bending - INFO - Iteration 17300 - stage: fine, loss: 0.021301353350281715, ema_loss: 0.028515969484516818, psnr: 19.429759979248047, ema_psnr: 18.508685202832766, total_points: 69942, l1_loss: 0.021301353350281715, elapsed_time: 241.3272247314453
2025-08-04 19:43:29,161 - 4DGaussians_dnerf/static_bending - INFO - Iteration 17400 - stage: fine, loss: 0.03618954122066498, ema_loss: 0.0298470190706455, psnr: 17.571943283081055, ema_psnr: 18.574407998454824, total_points: 69942, l1_loss: 0.03618954122066498, elapsed_time: 241.50119018554688
2025-08-04 19:43:58,960 - 4DGaussians_dnerf/static_bending - INFO - Iteration 17500 - stage: fine, loss: 0.03589179739356041, ema_loss: 0.02759371711113021, psnr: 17.425142288208008, ema_psnr: 18.88297811091527, total_points: 69942, l1_loss: 0.03589179739356041, elapsed_time: 237.5004119873047
2025-08-04 19:44:28,757 - 4DGaussians_dnerf/static_bending - INFO - Iteration 17600 - stage: fine, loss: 0.01480997633188963, ema_loss: 0.019257910465833646, psnr: 21.460893630981445, ema_psnr: 20.551124894426216, total_points: 69942, l1_loss: 0.01480997633188963, elapsed_time: 237.8321990966797
2025-08-04 19:44:58,561 - 4DGaussians_dnerf/static_bending - INFO - Iteration 17700 - stage: fine, loss: 0.006939938757568598, ema_loss: 0.025486178760576003, psnr: 26.575942993164062, ema_psnr: 21.066118830418482, total_points: 69942, l1_loss: 0.006939938757568598, elapsed_time: 237.89773559570312
2025-08-04 19:45:28,358 - 4DGaussians_dnerf/static_bending - INFO - Iteration 17800 - stage: fine, loss: 0.014455906115472317, ema_loss: 0.019375179162297064, psnr: 21.559541702270508, ema_psnr: 21.76727531576777, total_points: 69942, l1_loss: 0.014455906115472317, elapsed_time: 237.6418914794922
2025-08-04 19:45:58,160 - 4DGaussians_dnerf/static_bending - INFO - Iteration 17900 - stage: fine, loss: 0.014905066229403019, ema_loss: 0.023395731604565432, psnr: 21.581201553344727, ema_psnr: 19.975306626075778, total_points: 69942, l1_loss: 0.014905066229403019, elapsed_time: 241.67535400390625
2025-08-04 19:46:27,973 - 4DGaussians_dnerf/static_bending - INFO - Iteration 18000 - stage: fine, loss: 0.015831204131245613, ema_loss: 0.02423327763286514, psnr: 21.19367790222168, ema_psnr: 19.773862145823664, total_points: 69942, l1_loss: 0.015831204131245613, elapsed_time: 242.03173828125
2025-08-04 19:46:57,772 - 4DGaussians_dnerf/static_bending - INFO - Iteration 18100 - stage: fine, loss: 0.0377640500664711, ema_loss: 0.03174548230606344, psnr: 16.424867630004883, ema_psnr: 17.643807747532286, total_points: 69942, l1_loss: 0.0377640500664711, elapsed_time: 241.31173706054688
2025-08-04 19:47:27,577 - 4DGaussians_dnerf/static_bending - INFO - Iteration 18200 - stage: fine, loss: 0.031736064702272415, ema_loss: 0.024870151656625004, psnr: 17.622034072875977, ema_psnr: 19.39724875533858, total_points: 69942, l1_loss: 0.031736064702272415, elapsed_time: 240.487548828125
2025-08-04 19:47:57,379 - 4DGaussians_dnerf/static_bending - INFO - Iteration 18300 - stage: fine, loss: 0.03251388296484947, ema_loss: 0.02690912610455878, psnr: 17.53803062438965, ema_psnr: 18.786506191831478, total_points: 69942, l1_loss: 0.03251388296484947, elapsed_time: 240.625732421875
2025-08-04 19:48:27,170 - 4DGaussians_dnerf/static_bending - INFO - Iteration 18400 - stage: fine, loss: 0.009463058784604073, ema_loss: 0.01689125698076954, psnr: 23.07122802734375, ema_psnr: 21.592044819970837, total_points: 69942, l1_loss: 0.009463058784604073, elapsed_time: 243.0074920654297
2025-08-04 19:48:56,978 - 4DGaussians_dnerf/static_bending - INFO - Iteration 18500 - stage: fine, loss: 0.033853307366371155, ema_loss: 0.02775772243008813, psnr: 17.45559310913086, ema_psnr: 19.066468677155004, total_points: 69942, l1_loss: 0.033853307366371155, elapsed_time: 241.4817352294922
2025-08-04 19:49:26,779 - 4DGaussians_dnerf/static_bending - INFO - Iteration 18600 - stage: fine, loss: 0.024353213608264923, ema_loss: 0.02395382048606229, psnr: 18.966461181640625, ema_psnr: 20.36636498456251, total_points: 69942, l1_loss: 0.024353213608264923, elapsed_time: 241.44691467285156
2025-08-04 19:49:56,564 - 4DGaussians_dnerf/static_bending - INFO - Iteration 18700 - stage: fine, loss: 0.007245310116559267, ema_loss: 0.01955268056908237, psnr: 26.457279205322266, ema_psnr: 21.821881954957878, total_points: 69942, l1_loss: 0.007245310116559267, elapsed_time: 237.98272705078125
2025-08-04 19:50:26,374 - 4DGaussians_dnerf/static_bending - INFO - Iteration 18800 - stage: fine, loss: 0.01137892622500658, ema_loss: 0.013716653533796586, psnr: 22.075027465820312, ema_psnr: 22.674247427710277, total_points: 69942, l1_loss: 0.01137892622500658, elapsed_time: 243.3454132080078
2025-08-04 19:50:56,169 - 4DGaussians_dnerf/static_bending - INFO - Iteration 18900 - stage: fine, loss: 0.05389881879091263, ema_loss: 0.03488377789839142, psnr: 15.330475807189941, ema_psnr: 18.747086008768914, total_points: 69942, l1_loss: 0.05389881879091263, elapsed_time: 241.51040649414062
2025-08-04 19:51:25,960 - 4DGaussians_dnerf/static_bending - INFO - Iteration 19000 - stage: fine, loss: 0.03657916560769081, ema_loss: 0.031950336651230885, psnr: 16.467702865600586, ema_psnr: 17.859578792519475, total_points: 69942, l1_loss: 0.03657916560769081, elapsed_time: 241.1868133544922
2025-08-04 19:51:55,761 - 4DGaussians_dnerf/static_bending - INFO - Iteration 19100 - stage: fine, loss: 0.046044617891311646, ema_loss: 0.029242709930573152, psnr: 15.681544303894043, ema_psnr: 19.735480157478058, total_points: 69942, l1_loss: 0.046044617891311646, elapsed_time: 240.73951721191406
2025-08-04 19:52:25,552 - 4DGaussians_dnerf/static_bending - INFO - Iteration 19200 - stage: fine, loss: 0.015553949400782585, ema_loss: 0.027826584187732886, psnr: 19.998323440551758, ema_psnr: 18.672011758649887, total_points: 69942, l1_loss: 0.015553949400782585, elapsed_time: 239.35897827148438
2025-08-04 19:52:55,337 - 4DGaussians_dnerf/static_bending - INFO - Iteration 19300 - stage: fine, loss: 0.05038538947701454, ema_loss: 0.030919199956546954, psnr: 15.51521110534668, ema_psnr: 19.647927785310245, total_points: 69942, l1_loss: 0.05038538947701454, elapsed_time: 240.91357421875
2025-08-04 19:53:25,130 - 4DGaussians_dnerf/static_bending - INFO - Iteration 19400 - stage: fine, loss: 0.03369433060288429, ema_loss: 0.02655775531388456, psnr: 17.892526626586914, ema_psnr: 19.33032707180316, total_points: 69942, l1_loss: 0.03369433060288429, elapsed_time: 237.7471923828125
2025-08-04 19:53:54,925 - 4DGaussians_dnerf/static_bending - INFO - Iteration 19500 - stage: fine, loss: 0.027032364159822464, ema_loss: 0.030074048305517118, psnr: 18.516956329345703, ema_psnr: 18.31876173319995, total_points: 69942, l1_loss: 0.027032364159822464, elapsed_time: 237.09373474121094
2025-08-04 19:54:24,714 - 4DGaussians_dnerf/static_bending - INFO - Iteration 19600 - stage: fine, loss: 0.010627638548612595, ema_loss: 0.017185453563672314, psnr: 23.508193969726562, ema_psnr: 21.800191571170693, total_points: 69942, l1_loss: 0.010627638548612595, elapsed_time: 238.6677703857422
2025-08-04 19:54:54,500 - 4DGaussians_dnerf/static_bending - INFO - Iteration 19700 - stage: fine, loss: 0.025172827765345573, ema_loss: 0.02567671516117683, psnr: 19.00775718688965, ema_psnr: 18.94578825902961, total_points: 69942, l1_loss: 0.025172827765345573, elapsed_time: 238.1844482421875
2025-08-04 19:55:24,289 - 4DGaussians_dnerf/static_bending - INFO - Iteration 19800 - stage: fine, loss: 0.024725044146180153, ema_loss: 0.02311672059128173, psnr: 18.988008499145508, ema_psnr: 19.581965305585936, total_points: 69942, l1_loss: 0.024725044146180153, elapsed_time: 240.7024688720703
2025-08-04 19:55:54,075 - 4DGaussians_dnerf/static_bending - INFO - Iteration 19900 - stage: fine, loss: 0.015385128557682037, ema_loss: 0.019846479906400333, psnr: 21.040285110473633, ema_psnr: 20.24319528011167, total_points: 69942, l1_loss: 0.015385128557682037, elapsed_time: 241.3342742919922
2025-08-04 19:56:23,868 - 4DGaussians_dnerf/static_bending - INFO - Iteration 20000 - stage: fine, loss: 0.011359179392457008, ema_loss: 0.014963444583143148, psnr: 23.185501098632812, ema_psnr: 22.530445691401468, total_points: 69942, l1_loss: 0.011359179392457008, elapsed_time: 237.085693359375
2025-08-04 19:56:29,566 - 4DGaussians_dnerf/static_bending - INFO - ✅ 4DGaussians 训练完成
2025-08-04 19:56:29,567 - 4DGaussians_dnerf/static_bending - INFO - final_point_count: 69942
2025-08-04 19:56:29,567 - 4DGaussians_dnerf/static_bending - INFO - model_path: ./output/dnerf/static_bending
2025-08-04 19:56:29,701 - 4DGaussians_dnerf/static_bending - INFO - 性能指标已保存到: logs/4DGaussians/dnerf/static_bending/metrics_20250804_182321.json
