000 (2086.000.000) 2025-07-19 16:41:59 Job submitted from host: <10.32.85.47:9618?addrs=10.32.85.47-9618&alias=crcfe01.crc.nd.edu&noUDP&sock=schedd_4213_5896>
...
001 (2086.000.000) 2025-07-19 16:42:01 Job executing on host: <10.32.93.210:9618?addrs=10.32.93.210-9618&alias=qa-l40s-003.crc.nd.edu&noUDP&sock=startd_3846_9d55>
	SlotName: slot1_4@qa-l40s-003.crc.nd.edu
	AvailableGPUs = { GPUs_GPU_3c2d6f67 }
	CondorScratchDir = "/var/condor/execute/dir_278896"
	Cpus = 8
	Disk = 52430526
	GPUs = 1
	GPUs_GPU_3c2d6f67 = [ Id = "GPU-3c2d6f67"; Capability = 8.9; DeviceName = "NVIDIA L40S"; DeviceUuid = "3c2d6f67-aca0-9dbb-eb7a-fabc42e00e98"; ECCEnabled = true; DriverVersion = 12.8; DevicePciBusId = "0000:01:00.0"; GlobalMemoryMb = 45468; MaxSupportedVersion = 12080 ]
	Memory = 32768
...
006 (2086.000.000) 2025-07-19 16:42:09 Image size of job updated: 552
	1  -  MemoryUsage of job (MB)
	244  -  ResidentSetSize of job (KB)
...
006 (2086.000.000) 2025-07-19 16:57:10 Image size of job updated: 81800
	48  -  MemoryUsage of job (MB)
	48788  -  ResidentSetSize of job (KB)
...
004 (2086.000.000) 2025-07-19 17:07:33 Job was evicted.
	(0) CPU times
		Usr 0 00:00:00, Sys 0 00:00:00  -  Run Remote Usage
		Usr 0 00:00:00, Sys 0 00:00:00  -  Run Local Usage
	0  -  Run Bytes Sent By Job
	0  -  Run Bytes Received By Job
	Partitionable Resources :    Usage  Request Allocated Assigned
	   Cpus                 :        0        8         8 
	   Disk (KB)            :       37 52428800  52430526 
	   GPUs                 :                 1         1 "GPU-3c2d6f67"
	   Memory (MB)          :       48    32768     32768 
	   TimeExecute (s)      :     1532                    
	   TimeSlotBusy (s)     :     1533                    
...
009 (2086.000.000) 2025-07-19 17:07:33 Job was aborted.
	via condor_rm (by user zchen27)
...
