2025-07-30 22:49:15,503 - 4DGaussians_dnerf/bending - INFO - 配置已保存到: logs/4DGaussians/dnerf/bending/config_20250730_224915.json
2025-07-30 22:49:15,503 - 4DGaussians_dnerf/bending - INFO - 🚀 4DGaussians 训练开始
2025-07-30 22:49:15,503 - 4DGaussians_dnerf/bending - INFO - 实验名称: dnerf/bending
2025-07-30 22:49:15,503 - 4DGaussians_dnerf/bending - INFO - expname: dnerf/bending
2025-07-30 22:49:15,503 - 4DGaussians_dnerf/bending - INFO - model_path: ./output/dnerf/bending
2025-07-30 22:49:15,503 - 4DGaussians_dnerf/bending - INFO - coarse_iterations: 3000
2025-07-30 22:49:15,503 - 4DGaussians_dnerf/bending - INFO - fine_iterations: 20000
2025-07-30 22:55:03,648 - 4DGaussians_dnerf/bending - INFO - 🔄 开始粗糙训练阶段
2025-07-30 22:55:22,843 - 4DGaussians_dnerf/bending - INFO - Iteration 100 - stage: coarse, loss: 0.05070694163441658, ema_loss: 0.055522503005962745, psnr: 19.83990478515625, ema_psnr: 19.093646113497392, total_points: 2000, l1_loss: 0.05070694163441658, elapsed_time: 4.473663806915283
2025-07-30 22:55:23,376 - 4DGaussians_dnerf/bending - INFO - Iteration 200 - stage: coarse, loss: 0.030526312068104744, ema_loss: 0.028485142097663396, psnr: 18.907438278198242, ema_psnr: 19.74477094947807, total_points: 2000, l1_loss: 0.030526312068104744, elapsed_time: 3.1938560009002686
2025-07-30 22:55:23,816 - 4DGaussians_dnerf/bending - INFO - Iteration 300 - stage: coarse, loss: 0.03464890271425247, ema_loss: 0.030378697266159535, psnr: 17.15533447265625, ema_psnr: 18.65231927079047, total_points: 2000, l1_loss: 0.03464890271425247, elapsed_time: 3.1231040954589844
2025-07-30 22:55:24,254 - 4DGaussians_dnerf/bending - INFO - Iteration 400 - stage: coarse, loss: 0.020396079868078232, ema_loss: 0.021943626660490306, psnr: 20.620323181152344, ema_psnr: 20.61587754771032, total_points: 2000, l1_loss: 0.020396079868078232, elapsed_time: 3.041088104248047
2025-07-30 22:55:24,689 - 4DGaussians_dnerf/bending - INFO - Iteration 500 - stage: coarse, loss: 0.020205212756991386, ema_loss: 0.028692369853027824, psnr: 20.511768341064453, ema_psnr: 19.562635826468068, total_points: 2000, l1_loss: 0.020205212756991386, elapsed_time: 3.046367883682251
2025-07-30 22:55:25,118 - 4DGaussians_dnerf/bending - INFO - Iteration 600 - stage: coarse, loss: 0.01760871522128582, ema_loss: 0.022788434833268794, psnr: 21.417583465576172, ema_psnr: 20.311600267076056, total_points: 2000, l1_loss: 0.01760871522128582, elapsed_time: 3.0217599868774414
2025-07-30 22:55:25,687 - 4DGaussians_dnerf/bending - INFO - Iteration 700 - stage: coarse, loss: 0.01802770234644413, ema_loss: 0.02032096241224304, psnr: 20.62627601623535, ema_psnr: 20.68000667161917, total_points: 2059, l1_loss: 0.01802770234644413, elapsed_time: 3.658751964569092
2025-07-30 22:55:26,133 - 4DGaussians_dnerf/bending - INFO - Iteration 800 - stage: coarse, loss: 0.01663752645254135, ema_loss: 0.027627803421005702, psnr: 21.63949966430664, ema_psnr: 19.205487324488935, total_points: 2164, l1_loss: 0.01663752645254135, elapsed_time: 3.4007039070129395
2025-07-30 22:55:26,560 - 4DGaussians_dnerf/bending - INFO - Iteration 900 - stage: coarse, loss: 0.021054431796073914, ema_loss: 0.02455618707047942, psnr: 19.7958984375, ema_psnr: 19.161681049570667, total_points: 2347, l1_loss: 0.021054431796073914, elapsed_time: 2.9521920680999756
2025-07-30 22:55:26,973 - 4DGaussians_dnerf/bending - INFO - Iteration 1000 - stage: coarse, loss: 0.03546625375747681, ema_loss: 0.030100958891680792, psnr: 16.87772560119629, ema_psnr: 18.10314506348733, total_points: 2671, l1_loss: 0.03546625375747681, elapsed_time: 2.854912042617798
2025-07-30 22:55:28,752 - 4DGaussians_dnerf/bending - INFO - Iteration 1100 - stage: coarse, loss: 0.040647994726896286, ema_loss: 0.039956357058813695, psnr: 16.222332000732422, ema_psnr: 16.780101511626192, total_points: 3224, l1_loss: 0.040647994726896286, elapsed_time: 3.304447889328003
2025-07-30 22:55:29,176 - 4DGaussians_dnerf/bending - INFO - Iteration 1200 - stage: coarse, loss: 0.023812511935830116, ema_loss: 0.027612399847571793, psnr: 19.057510375976562, ema_psnr: 18.547020140169938, total_points: 3982, l1_loss: 0.023812511935830116, elapsed_time: 2.9040639400482178
2025-07-30 22:55:29,611 - 4DGaussians_dnerf/bending - INFO - Iteration 1300 - stage: coarse, loss: 0.05673513934016228, ema_loss: 0.039098887580340025, psnr: 14.219270706176758, ema_psnr: 16.801635921673125, total_points: 4753, l1_loss: 0.05673513934016228, elapsed_time: 3.1979520320892334
2025-07-30 22:55:30,051 - 4DGaussians_dnerf/bending - INFO - Iteration 1400 - stage: coarse, loss: 0.04234500229358673, ema_loss: 0.02794986326958425, psnr: 16.63739013671875, ema_psnr: 19.314707123315948, total_points: 5427, l1_loss: 0.04234500229358673, elapsed_time: 3.1498239040374756
2025-07-30 22:55:30,497 - 4DGaussians_dnerf/bending - INFO - Iteration 1500 - stage: coarse, loss: 0.03227058798074722, ema_loss: 0.03267569856433296, psnr: 17.303024291992188, ema_psnr: 17.519731131006825, total_points: 6092, l1_loss: 0.03227058798074722, elapsed_time: 3.1733760833740234
2025-07-30 22:55:30,952 - 4DGaussians_dnerf/bending - INFO - Iteration 1600 - stage: coarse, loss: 0.018026303499937057, ema_loss: 0.02169543519680154, psnr: 21.473575592041016, ema_psnr: 20.13940305764005, total_points: 6739, l1_loss: 0.018026303499937057, elapsed_time: 3.3032960891723633
2025-07-30 22:55:31,412 - 4DGaussians_dnerf/bending - INFO - Iteration 1700 - stage: coarse, loss: 0.018670544028282166, ema_loss: 0.025263791749416637, psnr: 19.89448356628418, ema_psnr: 18.962188370058303, total_points: 7368, l1_loss: 0.018670544028282166, elapsed_time: 3.4887681007385254
2025-07-30 22:55:31,873 - 4DGaussians_dnerf/bending - INFO - Iteration 1800 - stage: coarse, loss: 0.01225193776190281, ema_loss: 0.019214248011313904, psnr: 23.553964614868164, ema_psnr: 21.238650187065506, total_points: 7920, l1_loss: 0.01225193776190281, elapsed_time: 3.3515520095825195
2025-07-30 22:55:32,344 - 4DGaussians_dnerf/bending - INFO - Iteration 1900 - stage: coarse, loss: 0.042730662971735, ema_loss: 0.04061570320040547, psnr: 15.89015007019043, ema_psnr: 16.298369736408013, total_points: 8454, l1_loss: 0.042730662971735, elapsed_time: 3.4314239025115967
2025-07-30 22:55:32,823 - 4DGaussians_dnerf/bending - INFO - Iteration 2000 - stage: coarse, loss: 0.01923963986337185, ema_loss: 0.02323037724732078, psnr: 20.670747756958008, ema_psnr: 19.441734062286322, total_points: 8964, l1_loss: 0.01923963986337185, elapsed_time: 3.4242560863494873
2025-07-30 22:55:33,304 - 4DGaussians_dnerf/bending - INFO - Iteration 2100 - stage: coarse, loss: 0.027824565768241882, ema_loss: 0.02878503754711342, psnr: 17.726713180541992, ema_psnr: 17.80577876268135, total_points: 9440, l1_loss: 0.027824565768241882, elapsed_time: 3.579904079437256
2025-07-30 22:55:33,792 - 4DGaussians_dnerf/bending - INFO - Iteration 2200 - stage: coarse, loss: 0.012276532128453255, ema_loss: 0.01967011028685821, psnr: 22.622074127197266, ema_psnr: 20.48533665327275, total_points: 9900, l1_loss: 0.012276532128453255, elapsed_time: 3.4611198902130127
2025-07-30 22:55:34,283 - 4DGaussians_dnerf/bending - INFO - Iteration 2300 - stage: coarse, loss: 0.018313754349946976, ema_loss: 0.026204683071465004, psnr: 20.116395950317383, ema_psnr: 18.68743397715864, total_points: 10333, l1_loss: 0.018313754349946976, elapsed_time: 3.792896032333374
2025-07-30 22:55:34,802 - 4DGaussians_dnerf/bending - INFO - Iteration 2400 - stage: coarse, loss: 0.04981071129441261, ema_loss: 0.03392551106416178, psnr: 15.074806213378906, ema_psnr: 18.132544455828132, total_points: 10789, l1_loss: 0.04981071129441261, elapsed_time: 3.965951919555664
2025-07-30 22:55:35,302 - 4DGaussians_dnerf/bending - INFO - Iteration 2500 - stage: coarse, loss: 0.04626110941171646, ema_loss: 0.038026585411742225, psnr: 15.437369346618652, ema_psnr: 17.047142014480993, total_points: 11219, l1_loss: 0.04626110941171646, elapsed_time: 3.9188480377197266
2025-07-30 22:55:35,802 - 4DGaussians_dnerf/bending - INFO - Iteration 2600 - stage: coarse, loss: 0.022627931088209152, ema_loss: 0.02358760819111369, psnr: 19.418235778808594, ema_psnr: 19.085857976070955, total_points: 11582, l1_loss: 0.022627931088209152, elapsed_time: 3.6177918910980225
2025-07-30 22:55:36,308 - 4DGaussians_dnerf/bending - INFO - Iteration 2700 - stage: coarse, loss: 0.031106919050216675, ema_loss: 0.02547681667902689, psnr: 17.618690490722656, ema_psnr: 19.248530373632867, total_points: 11909, l1_loss: 0.031106919050216675, elapsed_time: 3.792896032333374
2025-07-30 22:55:36,818 - 4DGaussians_dnerf/bending - INFO - Iteration 2800 - stage: coarse, loss: 0.02689923532307148, ema_loss: 0.02632868454153792, psnr: 18.705894470214844, ema_psnr: 18.971847555473545, total_points: 12254, l1_loss: 0.02689923532307148, elapsed_time: 3.7804160118103027
2025-07-30 22:55:37,331 - 4DGaussians_dnerf/bending - INFO - Iteration 2900 - stage: coarse, loss: 0.015071235597133636, ema_loss: 0.029559503056657922, psnr: 23.326473236083984, ema_psnr: 19.391368575183066, total_points: 12753, l1_loss: 0.015071235597133636, elapsed_time: 3.8627519607543945
2025-07-30 22:55:37,837 - 4DGaussians_dnerf/bending - INFO - Iteration 3000 - stage: coarse, loss: 0.017523039132356644, ema_loss: 0.019087894037695945, psnr: 20.36054229736328, ema_psnr: 20.371618083922215, total_points: 13043, l1_loss: 0.017523039132356644, elapsed_time: 3.9045119285583496
2025-07-30 22:55:38,667 - 4DGaussians_dnerf/bending - INFO - 🔄 开始精细训练阶段
2025-07-30 22:56:15,734 - 4DGaussians_dnerf/bending - INFO - Iteration 100 - stage: fine, loss: 0.026525545865297318, ema_loss: 0.02771691309144371, psnr: 18.6153621673584, ema_psnr: 18.359401633529735, total_points: 13383, l1_loss: 0.026525545865297318, elapsed_time: 183.4660186767578
2025-07-30 22:56:39,842 - 4DGaussians_dnerf/bending - INFO - Iteration 200 - stage: fine, loss: 0.013182045891880989, ema_loss: 0.02196165831710231, psnr: 22.52079963684082, ema_psnr: 20.160278782491893, total_points: 13383, l1_loss: 0.013182045891880989, elapsed_time: 182.4225311279297
2025-07-30 22:57:03,972 - 4DGaussians_dnerf/bending - INFO - Iteration 300 - stage: fine, loss: 0.0157860666513443, ema_loss: 0.01984934166550572, psnr: 21.90346908569336, ema_psnr: 20.493337663942448, total_points: 13383, l1_loss: 0.0157860666513443, elapsed_time: 183.20077514648438
2025-07-30 22:57:28,084 - 4DGaussians_dnerf/bending - INFO - Iteration 400 - stage: fine, loss: 0.017660191282629967, ema_loss: 0.0221682280946226, psnr: 19.933284759521484, ema_psnr: 19.44036307802249, total_points: 13383, l1_loss: 0.017660191282629967, elapsed_time: 182.4849853515625
2025-07-30 22:57:52,195 - 4DGaussians_dnerf/bending - INFO - Iteration 500 - stage: fine, loss: 0.029557742178440094, ema_loss: 0.024650487487104668, psnr: 17.528480529785156, ema_psnr: 18.824099484474672, total_points: 13383, l1_loss: 0.029557742178440094, elapsed_time: 183.14137268066406
2025-07-30 22:58:16,286 - 4DGaussians_dnerf/bending - INFO - Iteration 600 - stage: fine, loss: 0.03131859004497528, ema_loss: 0.03450248200605613, psnr: 17.641881942749023, ema_psnr: 17.63608308381809, total_points: 13383, l1_loss: 0.03131859004497528, elapsed_time: 183.02053833007812
2025-07-30 22:58:40,373 - 4DGaussians_dnerf/bending - INFO - Iteration 700 - stage: fine, loss: 0.03695245087146759, ema_loss: 0.03222448849614491, psnr: 16.78609275817871, ema_psnr: 18.05654037493919, total_points: 13383, l1_loss: 0.03695245087146759, elapsed_time: 183.00006103515625
2025-07-30 22:59:04,460 - 4DGaussians_dnerf/bending - INFO - Iteration 800 - stage: fine, loss: 0.011882944963872433, ema_loss: 0.017649305518074223, psnr: 22.925533294677734, ema_psnr: 20.956780453116217, total_points: 13407, l1_loss: 0.011882944963872433, elapsed_time: 183.0697021484375
2025-07-30 22:59:28,530 - 4DGaussians_dnerf/bending - INFO - Iteration 900 - stage: fine, loss: 0.021263061091303825, ema_loss: 0.023016295321810747, psnr: 20.00523567199707, ema_psnr: 19.835494134705037, total_points: 13439, l1_loss: 0.021263061091303825, elapsed_time: 182.68984985351562
2025-07-30 22:59:52,640 - 4DGaussians_dnerf/bending - INFO - Iteration 1000 - stage: fine, loss: 0.015586473979055882, ema_loss: 0.01714397688136315, psnr: 20.73477554321289, ema_psnr: 20.84608443886983, total_points: 13509, l1_loss: 0.015586473979055882, elapsed_time: 182.02642822265625
2025-07-30 23:00:18,426 - 4DGaussians_dnerf/bending - INFO - Iteration 1100 - stage: fine, loss: 0.03672477602958679, ema_loss: 0.02714029826333954, psnr: 16.6008243560791, ema_psnr: 18.91327812056805, total_points: 13839, l1_loss: 0.03672477602958679, elapsed_time: 182.93350219726562
2025-07-30 23:00:42,510 - 4DGaussians_dnerf/bending - INFO - Iteration 1200 - stage: fine, loss: 0.041367873549461365, ema_loss: 0.028175245596828165, psnr: 16.274887084960938, ema_psnr: 19.242198556105564, total_points: 14034, l1_loss: 0.041367873549461365, elapsed_time: 182.02828979492188
2025-07-30 23:01:06,615 - 4DGaussians_dnerf/bending - INFO - Iteration 1300 - stage: fine, loss: 0.014569881372153759, ema_loss: 0.021989750760196936, psnr: 22.664308547973633, ema_psnr: 20.736286124106947, total_points: 14159, l1_loss: 0.014569881372153759, elapsed_time: 182.2494659423828
2025-07-30 23:01:30,731 - 4DGaussians_dnerf/bending - INFO - Iteration 1400 - stage: fine, loss: 0.031951941549777985, ema_loss: 0.022753423534276396, psnr: 17.6331844329834, ema_psnr: 20.136888105924417, total_points: 14291, l1_loss: 0.031951941549777985, elapsed_time: 182.9416961669922
2025-07-30 23:01:54,921 - 4DGaussians_dnerf/bending - INFO - Iteration 1500 - stage: fine, loss: 0.03418295830488205, ema_loss: 0.027542033133155345, psnr: 17.47903823852539, ema_psnr: 18.76038803344005, total_points: 14401, l1_loss: 0.03418295830488205, elapsed_time: 183.74656677246094
2025-07-30 23:02:19,078 - 4DGaussians_dnerf/bending - INFO - Iteration 1600 - stage: fine, loss: 0.021413471549749374, ema_loss: 0.026126370653916382, psnr: 20.06952476501465, ema_psnr: 19.722413878315393, total_points: 14731, l1_loss: 0.021413471549749374, elapsed_time: 182.72256469726562
2025-07-30 23:02:43,257 - 4DGaussians_dnerf/bending - INFO - Iteration 1700 - stage: fine, loss: 0.010966675356030464, ema_loss: 0.020233019457124704, psnr: 24.387636184692383, ema_psnr: 21.246226065154033, total_points: 14996, l1_loss: 0.010966675356030464, elapsed_time: 184.30361938476562
2025-07-30 23:03:07,438 - 4DGaussians_dnerf/bending - INFO - Iteration 1800 - stage: fine, loss: 0.02347683534026146, ema_loss: 0.02766898061311385, psnr: 19.62466812133789, ema_psnr: 18.766880072230876, total_points: 15472, l1_loss: 0.02347683534026146, elapsed_time: 183.16799926757812
2025-07-30 23:03:31,689 - 4DGaussians_dnerf/bending - INFO - Iteration 1900 - stage: fine, loss: 0.03727644681930542, ema_loss: 0.037635845474965214, psnr: 16.932985305786133, ema_psnr: 17.311267533726266, total_points: 15805, l1_loss: 0.03727644681930542, elapsed_time: 184.16249084472656
2025-07-30 23:03:56,017 - 4DGaussians_dnerf/bending - INFO - Iteration 2000 - stage: fine, loss: 0.02553834766149521, ema_loss: 0.020768938749711825, psnr: 18.68230628967285, ema_psnr: 20.518940501981103, total_points: 16248, l1_loss: 0.02553834766149521, elapsed_time: 185.38006591796875
2025-07-30 23:04:20,348 - 4DGaussians_dnerf/bending - INFO - Iteration 2100 - stage: fine, loss: 0.012586596421897411, ema_loss: 0.02148007134554389, psnr: 23.867456436157227, ema_psnr: 21.406481118280787, total_points: 16758, l1_loss: 0.012586596421897411, elapsed_time: 183.89913940429688
2025-07-30 23:04:44,683 - 4DGaussians_dnerf/bending - INFO - Iteration 2200 - stage: fine, loss: 0.03521958738565445, ema_loss: 0.0240292380387091, psnr: 16.97270965576172, ema_psnr: 20.34536012458176, total_points: 17228, l1_loss: 0.03521958738565445, elapsed_time: 185.01426696777344
2025-07-30 23:05:09,061 - 4DGaussians_dnerf/bending - INFO - Iteration 2300 - stage: fine, loss: 0.02107778936624527, ema_loss: 0.020793799161061128, psnr: 20.015220642089844, ema_psnr: 20.226356693595932, total_points: 17574, l1_loss: 0.02107778936624527, elapsed_time: 185.51303100585938
2025-07-30 23:05:33,437 - 4DGaussians_dnerf/bending - INFO - Iteration 2400 - stage: fine, loss: 0.009889123030006886, ema_loss: 0.013995499582712756, psnr: 25.394487380981445, ema_psnr: 23.470493308636332, total_points: 17876, l1_loss: 0.009889123030006886, elapsed_time: 185.61532592773438
2025-07-30 23:05:57,876 - 4DGaussians_dnerf/bending - INFO - Iteration 2500 - stage: fine, loss: 0.012523283250629902, ema_loss: 0.01878446453238771, psnr: 22.711837768554688, ema_psnr: 20.920146449309065, total_points: 18149, l1_loss: 0.012523283250629902, elapsed_time: 185.47097778320312
2025-07-30 23:06:22,373 - 4DGaussians_dnerf/bending - INFO - Iteration 2600 - stage: fine, loss: 0.011361148208379745, ema_loss: 0.01628258352594614, psnr: 23.718473434448242, ema_psnr: 22.33257032389696, total_points: 18592, l1_loss: 0.011361148208379745, elapsed_time: 186.19187927246094
2025-07-30 23:06:46,952 - 4DGaussians_dnerf/bending - INFO - Iteration 2700 - stage: fine, loss: 0.021430158987641335, ema_loss: 0.02248193718779605, psnr: 19.76994514465332, ema_psnr: 20.21057763003389, total_points: 18894, l1_loss: 0.021430158987641335, elapsed_time: 187.8856658935547
2025-07-30 23:07:11,575 - 4DGaussians_dnerf/bending - INFO - Iteration 2800 - stage: fine, loss: 0.017711209133267403, ema_loss: 0.01442746992459784, psnr: 21.050113677978516, ema_psnr: 22.50877992003695, total_points: 19372, l1_loss: 0.017711209133267403, elapsed_time: 187.5773468017578
2025-07-30 23:07:36,223 - 4DGaussians_dnerf/bending - INFO - Iteration 2900 - stage: fine, loss: 0.013706893660128117, ema_loss: 0.023874305260250517, psnr: 22.03559684753418, ema_psnr: 19.77035249029788, total_points: 19895, l1_loss: 0.013706893660128117, elapsed_time: 188.75698852539062
2025-07-30 23:08:00,899 - 4DGaussians_dnerf/bending - INFO - Iteration 3000 - stage: fine, loss: 0.04813865199685097, ema_loss: 0.031827583265545516, psnr: 15.435379028320312, ema_psnr: 19.38105811819233, total_points: 20419, l1_loss: 0.04813865199685097, elapsed_time: 188.14784240722656
2025-07-30 23:08:26,878 - 4DGaussians_dnerf/bending - INFO - Iteration 3100 - stage: fine, loss: 0.01871882937848568, ema_loss: 0.020135154100366655, psnr: 20.48717498779297, ema_psnr: 20.639485248564384, total_points: 20924, l1_loss: 0.01871882937848568, elapsed_time: 188.72933959960938
2025-07-30 23:08:51,619 - 4DGaussians_dnerf/bending - INFO - Iteration 3200 - stage: fine, loss: 0.04521005228161812, ema_loss: 0.035257239967014256, psnr: 16.283735275268555, ema_psnr: 17.8100531933789, total_points: 21154, l1_loss: 0.04521005228161812, elapsed_time: 188.69151306152344
2025-07-30 23:09:16,392 - 4DGaussians_dnerf/bending - INFO - Iteration 3300 - stage: fine, loss: 0.03559807687997818, ema_loss: 0.02422825224970588, psnr: 17.169208526611328, ema_psnr: 20.490600211592074, total_points: 21443, l1_loss: 0.03559807687997818, elapsed_time: 189.61203002929688
2025-07-30 23:09:41,183 - 4DGaussians_dnerf/bending - INFO - Iteration 3400 - stage: fine, loss: 0.039732325822114944, ema_loss: 0.024065730268735173, psnr: 16.4910888671875, ema_psnr: 20.49501307193045, total_points: 21962, l1_loss: 0.039732325822114944, elapsed_time: 189.90284729003906
2025-07-30 23:10:06,037 - 4DGaussians_dnerf/bending - INFO - Iteration 3500 - stage: fine, loss: 0.011643077246844769, ema_loss: 0.027199464495314327, psnr: 24.198074340820312, ema_psnr: 19.74816940807117, total_points: 22538, l1_loss: 0.011643077246844769, elapsed_time: 190.58790588378906
2025-07-30 23:10:30,941 - 4DGaussians_dnerf/bending - INFO - Iteration 3600 - stage: fine, loss: 0.0326322540640831, ema_loss: 0.02441062571041294, psnr: 17.977487564086914, ema_psnr: 19.783099418407506, total_points: 23149, l1_loss: 0.0326322540640831, elapsed_time: 190.66995239257812
2025-07-30 23:10:55,882 - 4DGaussians_dnerf/bending - INFO - Iteration 3700 - stage: fine, loss: 0.044407568871974945, ema_loss: 0.03286586294375714, psnr: 16.0181884765625, ema_psnr: 18.02115851897207, total_points: 23605, l1_loss: 0.044407568871974945, elapsed_time: 190.90838623046875
2025-07-30 23:11:20,858 - 4DGaussians_dnerf/bending - INFO - Iteration 3800 - stage: fine, loss: 0.028071362525224686, ema_loss: 0.01980440255770101, psnr: 17.999374389648438, ema_psnr: 21.074738198819297, total_points: 23965, l1_loss: 0.028071362525224686, elapsed_time: 191.38047790527344
2025-07-30 23:11:45,848 - 4DGaussians_dnerf/bending - INFO - Iteration 3900 - stage: fine, loss: 0.02827066369354725, ema_loss: 0.02860656710002068, psnr: 18.208520889282227, ema_psnr: 18.50846357523004, total_points: 24326, l1_loss: 0.02827066369354725, elapsed_time: 191.31800842285156
2025-07-30 23:12:10,878 - 4DGaussians_dnerf/bending - INFO - Iteration 4000 - stage: fine, loss: 0.011025335639715195, ema_loss: 0.01760455480130687, psnr: 23.826168060302734, ema_psnr: 21.916010593176033, total_points: 24671, l1_loss: 0.011025335639715195, elapsed_time: 191.5484161376953
2025-07-30 23:12:35,878 - 4DGaussians_dnerf/bending - INFO - Iteration 4100 - stage: fine, loss: 0.047431185841560364, ema_loss: 0.03701648979827797, psnr: 15.995917320251465, ema_psnr: 17.546951690737266, total_points: 24963, l1_loss: 0.047431185841560364, elapsed_time: 190.7025909423828
2025-07-30 23:13:01,037 - 4DGaussians_dnerf/bending - INFO - Iteration 4200 - stage: fine, loss: 0.026210686191916466, ema_loss: 0.033288150190648264, psnr: 19.01191520690918, ema_psnr: 17.835810362394234, total_points: 27384, l1_loss: 0.026210686191916466, elapsed_time: 193.11514282226562
2025-07-30 23:13:26,404 - 4DGaussians_dnerf/bending - INFO - Iteration 4300 - stage: fine, loss: 0.013514770194888115, ema_loss: 0.023848196887232255, psnr: 23.47756576538086, ema_psnr: 20.56472406553131, total_points: 28284, l1_loss: 0.013514770194888115, elapsed_time: 195.4088897705078
2025-07-30 23:13:51,900 - 4DGaussians_dnerf/bending - INFO - Iteration 4400 - stage: fine, loss: 0.01009620912373066, ema_loss: 0.019609186829204286, psnr: 26.18838882446289, ema_psnr: 22.18270498257152, total_points: 29213, l1_loss: 0.01009620912373066, elapsed_time: 196.720703125
2025-07-30 23:14:17,451 - 4DGaussians_dnerf/bending - INFO - Iteration 4500 - stage: fine, loss: 0.034948159009218216, ema_loss: 0.025846958934759072, psnr: 17.432701110839844, ema_psnr: 19.45311060707727, total_points: 30012, l1_loss: 0.034948159009218216, elapsed_time: 195.7632598876953
2025-07-30 23:14:43,071 - 4DGaussians_dnerf/bending - INFO - Iteration 4600 - stage: fine, loss: 0.0361747071146965, ema_loss: 0.027455355729599437, psnr: 16.876605987548828, ema_psnr: 19.0510153184202, total_points: 30755, l1_loss: 0.0361747071146965, elapsed_time: 198.27098083496094
2025-07-30 23:15:08,741 - 4DGaussians_dnerf/bending - INFO - Iteration 4700 - stage: fine, loss: 0.025990454480051994, ema_loss: 0.023140550112303475, psnr: 18.68453598022461, ema_psnr: 19.716116075189923, total_points: 31441, l1_loss: 0.025990454480051994, elapsed_time: 198.044677734375
2025-07-30 23:15:34,470 - 4DGaussians_dnerf/bending - INFO - Iteration 4800 - stage: fine, loss: 0.037469662725925446, ema_loss: 0.03539185168347256, psnr: 17.136350631713867, ema_psnr: 17.442663121201065, total_points: 32119, l1_loss: 0.037469662725925446, elapsed_time: 199.077880859375
2025-07-30 23:16:00,288 - 4DGaussians_dnerf/bending - INFO - Iteration 4900 - stage: fine, loss: 0.03093874454498291, ema_loss: 0.025874256060687675, psnr: 17.835342407226562, ema_psnr: 19.632472326721818, total_points: 32833, l1_loss: 0.03093874454498291, elapsed_time: 200.1203155517578
2025-07-30 23:16:26,143 - 4DGaussians_dnerf/bending - INFO - Iteration 5000 - stage: fine, loss: 0.04492212459445, ema_loss: 0.03269912519294784, psnr: 15.67392349243164, ema_psnr: 18.38537670994496, total_points: 33590, l1_loss: 0.04492212459445, elapsed_time: 200.3189697265625
2025-07-30 23:16:53,298 - 4DGaussians_dnerf/bending - INFO - Iteration 5100 - stage: fine, loss: 0.012788756750524044, ema_loss: 0.023934343108982903, psnr: 23.154924392700195, ema_psnr: 20.33530095098117, total_points: 34201, l1_loss: 0.012788756750524044, elapsed_time: 200.53298950195312
2025-07-30 23:17:19,255 - 4DGaussians_dnerf/bending - INFO - Iteration 5200 - stage: fine, loss: 0.016382213681936264, ema_loss: 0.024922038652120893, psnr: 21.516956329345703, ema_psnr: 19.835481147116383, total_points: 34785, l1_loss: 0.016382213681936264, elapsed_time: 200.44198608398438
2025-07-30 23:17:45,256 - 4DGaussians_dnerf/bending - INFO - Iteration 5300 - stage: fine, loss: 0.037305496633052826, ema_loss: 0.03509677428803301, psnr: 17.408639907836914, ema_psnr: 17.669235888691077, total_points: 35446, l1_loss: 0.037305496633052826, elapsed_time: 201.0398712158203
2025-07-30 23:18:11,280 - 4DGaussians_dnerf/bending - INFO - Iteration 5400 - stage: fine, loss: 0.012507476843893528, ema_loss: 0.023730697624295305, psnr: 23.221961975097656, ema_psnr: 20.24129091325989, total_points: 36143, l1_loss: 0.012507476843893528, elapsed_time: 201.35116577148438
2025-07-30 23:18:37,283 - 4DGaussians_dnerf/bending - INFO - Iteration 5500 - stage: fine, loss: 0.018672943115234375, ema_loss: 0.018621903555760808, psnr: 20.419082641601562, ema_psnr: 21.000072766931915, total_points: 36805, l1_loss: 0.018672943115234375, elapsed_time: 201.2057647705078
2025-07-30 23:19:03,519 - 4DGaussians_dnerf/bending - INFO - Iteration 5600 - stage: fine, loss: 0.029590465128421783, ema_loss: 0.022526471961523693, psnr: 17.89597511291504, ema_psnr: 20.49096522047433, total_points: 37271, l1_loss: 0.029590465128421783, elapsed_time: 204.2030029296875
2025-07-30 23:19:29,826 - 4DGaussians_dnerf/bending - INFO - Iteration 5700 - stage: fine, loss: 0.0187058225274086, ema_loss: 0.024527504863818776, psnr: 20.478626251220703, ema_psnr: 19.417973559429026, total_points: 37835, l1_loss: 0.0187058225274086, elapsed_time: 205.1952667236328
2025-07-30 23:19:56,227 - 4DGaussians_dnerf/bending - INFO - Iteration 5800 - stage: fine, loss: 0.011971570551395416, ema_loss: 0.012409740454471239, psnr: 24.52239227294922, ema_psnr: 23.704925197788683, total_points: 38410, l1_loss: 0.011971570551395416, elapsed_time: 205.54342651367188
2025-07-30 23:20:22,672 - 4DGaussians_dnerf/bending - INFO - Iteration 5900 - stage: fine, loss: 0.03434864059090614, ema_loss: 0.022650228248983797, psnr: 17.6053409576416, ema_psnr: 20.576126764804634, total_points: 38939, l1_loss: 0.03434864059090614, elapsed_time: 205.219970703125
2025-07-30 23:20:49,229 - 4DGaussians_dnerf/bending - INFO - Iteration 6000 - stage: fine, loss: 0.02666483260691166, ema_loss: 0.02506778157259658, psnr: 18.747028350830078, ema_psnr: 19.832028185555487, total_points: 39552, l1_loss: 0.02666483260691166, elapsed_time: 206.88485717773438
2025-07-30 23:21:15,839 - 4DGaussians_dnerf/bending - INFO - Iteration 6100 - stage: fine, loss: 0.008344045840203762, ema_loss: 0.01978878310381855, psnr: 25.465715408325195, ema_psnr: 21.63665600712193, total_points: 39924, l1_loss: 0.008344045840203762, elapsed_time: 207.35897827148438
2025-07-30 23:21:42,518 - 4DGaussians_dnerf/bending - INFO - Iteration 6200 - stage: fine, loss: 0.0434025302529335, ema_loss: 0.027611783324563266, psnr: 16.205318450927734, ema_psnr: 19.434385264632617, total_points: 40014, l1_loss: 0.0434025302529335, elapsed_time: 208.1095733642578
2025-07-30 23:22:09,255 - 4DGaussians_dnerf/bending - INFO - Iteration 6300 - stage: fine, loss: 0.013198797591030598, ema_loss: 0.015594544225961626, psnr: 22.966053009033203, ema_psnr: 22.007085728367283, total_points: 40527, l1_loss: 0.013198797591030598, elapsed_time: 208.67788696289062
2025-07-30 23:22:36,062 - 4DGaussians_dnerf/bending - INFO - Iteration 6400 - stage: fine, loss: 0.023205796256661415, ema_loss: 0.01862096438160788, psnr: 19.366806030273438, ema_psnr: 21.033590982744165, total_points: 41153, l1_loss: 0.023205796256661415, elapsed_time: 210.02854919433594
2025-07-30 23:23:02,946 - 4DGaussians_dnerf/bending - INFO - Iteration 6500 - stage: fine, loss: 0.040086779743433, ema_loss: 0.03227259107309363, psnr: 16.424442291259766, ema_psnr: 18.235223135109372, total_points: 41798, l1_loss: 0.040086779743433, elapsed_time: 210.5313262939453
2025-07-30 23:23:29,845 - 4DGaussians_dnerf/bending - INFO - Iteration 6600 - stage: fine, loss: 0.045170269906520844, ema_loss: 0.0340061703277537, psnr: 16.061992645263672, ema_psnr: 18.32364703560851, total_points: 42089, l1_loss: 0.045170269906520844, elapsed_time: 210.70745849609375
2025-07-30 23:23:56,743 - 4DGaussians_dnerf/bending - INFO - Iteration 6700 - stage: fine, loss: 0.012463301420211792, ema_loss: 0.02223164653147386, psnr: 23.349136352539062, ema_psnr: 20.816701492636724, total_points: 42432, l1_loss: 0.012463301420211792, elapsed_time: 210.5866241455078
2025-07-30 23:24:23,739 - 4DGaussians_dnerf/bending - INFO - Iteration 6800 - stage: fine, loss: 0.009874728508293629, ema_loss: 0.012635021327509596, psnr: 24.40035057067871, ema_psnr: 23.448852976390995, total_points: 42985, l1_loss: 0.009874728508293629, elapsed_time: 210.96243286132812
2025-07-30 23:24:50,786 - 4DGaussians_dnerf/bending - INFO - Iteration 6900 - stage: fine, loss: 0.008747857064008713, ema_loss: 0.022514043487407886, psnr: 24.88861846923828, ema_psnr: 20.881712565219075, total_points: 43590, l1_loss: 0.008747857064008713, elapsed_time: 212.73599243164062
2025-07-30 23:25:17,868 - 4DGaussians_dnerf/bending - INFO - Iteration 7000 - stage: fine, loss: 0.0122195053845644, ema_loss: 0.018051871256195506, psnr: 23.01186752319336, ema_psnr: 21.964932659645385, total_points: 43845, l1_loss: 0.0122195053845644, elapsed_time: 212.11138916015625
2025-07-30 23:25:46,344 - 4DGaussians_dnerf/bending - INFO - Iteration 7100 - stage: fine, loss: 0.011901864781975746, ema_loss: 0.022839273089401303, psnr: 22.966365814208984, ema_psnr: 19.98584406478198, total_points: 44052, l1_loss: 0.011901864781975746, elapsed_time: 212.8209991455078
2025-07-30 23:26:13,433 - 4DGaussians_dnerf/bending - INFO - Iteration 7200 - stage: fine, loss: 0.011373328976333141, ema_loss: 0.019400458773378905, psnr: 23.452960968017578, ema_psnr: 21.112644578922914, total_points: 44247, l1_loss: 0.011373328976333141, elapsed_time: 213.2500457763672
2025-07-30 23:26:40,555 - 4DGaussians_dnerf/bending - INFO - Iteration 7300 - stage: fine, loss: 0.033907316625118256, ema_loss: 0.03179806299650966, psnr: 16.986291885375977, ema_psnr: 17.73945996848088, total_points: 44525, l1_loss: 0.033907316625118256, elapsed_time: 213.39955139160156
2025-07-30 23:27:07,726 - 4DGaussians_dnerf/bending - INFO - Iteration 7400 - stage: fine, loss: 0.0235927514731884, ema_loss: 0.02267546308030259, psnr: 19.18157958984375, ema_psnr: 20.175241030910765, total_points: 44764, l1_loss: 0.0235927514731884, elapsed_time: 213.26950073242188
2025-07-30 23:27:34,957 - 4DGaussians_dnerf/bending - INFO - Iteration 7500 - stage: fine, loss: 0.035125285387039185, ema_loss: 0.027968735103429877, psnr: 17.21377944946289, ema_psnr: 18.873923922843332, total_points: 45162, l1_loss: 0.035125285387039185, elapsed_time: 214.6570281982422
2025-07-30 23:28:02,260 - 4DGaussians_dnerf/bending - INFO - Iteration 7600 - stage: fine, loss: 0.04475895315408707, ema_loss: 0.03334994664022605, psnr: 16.35904312133789, ema_psnr: 18.18433505437092, total_points: 45778, l1_loss: 0.04475895315408707, elapsed_time: 213.6616973876953
2025-07-30 23:28:29,746 - 4DGaussians_dnerf/bending - INFO - Iteration 7700 - stage: fine, loss: 0.013137824833393097, ema_loss: 0.01794773598854963, psnr: 22.06375503540039, ema_psnr: 21.58547945743922, total_points: 46446, l1_loss: 0.013137824833393097, elapsed_time: 216.40806579589844
2025-07-30 23:28:57,254 - 4DGaussians_dnerf/bending - INFO - Iteration 7800 - stage: fine, loss: 0.03508194163441658, ema_loss: 0.03456521969679548, psnr: 16.68429183959961, ema_psnr: 17.270706985843972, total_points: 47034, l1_loss: 0.03508194163441658, elapsed_time: 217.17196655273438
2025-07-30 23:29:24,823 - 4DGaussians_dnerf/bending - INFO - Iteration 7900 - stage: fine, loss: 0.03753276541829109, ema_loss: 0.023817417783900514, psnr: 16.903289794921875, ema_psnr: 20.422511892329705, total_points: 47605, l1_loss: 0.03753276541829109, elapsed_time: 217.38803100585938
2025-07-30 23:29:52,464 - 4DGaussians_dnerf/bending - INFO - Iteration 8000 - stage: fine, loss: 0.010199413634836674, ema_loss: 0.021888759776753065, psnr: 24.163105010986328, ema_psnr: 20.701861681726434, total_points: 47958, l1_loss: 0.010199413634836674, elapsed_time: 217.74642944335938
2025-07-30 23:30:20,073 - 4DGaussians_dnerf/bending - INFO - Iteration 8100 - stage: fine, loss: 0.013796910643577576, ema_loss: 0.015202959373096124, psnr: 21.932498931884766, ema_psnr: 22.33882354956507, total_points: 48168, l1_loss: 0.013796910643577576, elapsed_time: 217.78533935546875
2025-07-30 23:30:47,717 - 4DGaussians_dnerf/bending - INFO - Iteration 8200 - stage: fine, loss: 0.013266950845718384, ema_loss: 0.01819964695459329, psnr: 22.39582061767578, ema_psnr: 21.569475004512, total_points: 48361, l1_loss: 0.013266950845718384, elapsed_time: 218.36904907226562
2025-07-30 23:31:15,377 - 4DGaussians_dnerf/bending - INFO - Iteration 8300 - stage: fine, loss: 0.03565813973546028, ema_loss: 0.021813210037221975, psnr: 17.229400634765625, ema_psnr: 20.76214558402809, total_points: 48536, l1_loss: 0.03565813973546028, elapsed_time: 218.18984985351562
2025-07-30 23:31:43,064 - 4DGaussians_dnerf/bending - INFO - Iteration 8400 - stage: fine, loss: 0.01436092983931303, ema_loss: 0.02046217209852868, psnr: 21.75330352783203, ema_psnr: 20.23268791114471, total_points: 48680, l1_loss: 0.01436092983931303, elapsed_time: 219.53024291992188
2025-07-30 23:32:10,781 - 4DGaussians_dnerf/bending - INFO - Iteration 8500 - stage: fine, loss: 0.046126049011945724, ema_loss: 0.03269713908716104, psnr: 15.855578422546387, ema_psnr: 18.586653661280003, total_points: 48791, l1_loss: 0.046126049011945724, elapsed_time: 217.0030059814453
2025-07-30 23:32:38,502 - 4DGaussians_dnerf/bending - INFO - Iteration 8600 - stage: fine, loss: 0.032966870814561844, ema_loss: 0.025892711993720473, psnr: 17.20452880859375, ema_psnr: 19.186659109317226, total_points: 49074, l1_loss: 0.032966870814561844, elapsed_time: 219.07763671875
2025-07-30 23:33:06,263 - 4DGaussians_dnerf/bending - INFO - Iteration 8700 - stage: fine, loss: 0.021508311852812767, ema_loss: 0.027681955673847104, psnr: 19.964506149291992, ema_psnr: 18.851454178622774, total_points: 49280, l1_loss: 0.021508311852812767, elapsed_time: 218.63424682617188
2025-07-30 23:33:34,063 - 4DGaussians_dnerf/bending - INFO - Iteration 8800 - stage: fine, loss: 0.05040162801742554, ema_loss: 0.03182678545064527, psnr: 15.288887023925781, ema_psnr: 18.72259648430485, total_points: 49468, l1_loss: 0.05040162801742554, elapsed_time: 218.85757446289062
2025-07-30 23:34:01,927 - 4DGaussians_dnerf/bending - INFO - Iteration 8900 - stage: fine, loss: 0.011650841683149338, ema_loss: 0.016235974886964644, psnr: 24.239795684814453, ema_psnr: 22.454286969660217, total_points: 49633, l1_loss: 0.011650841683149338, elapsed_time: 219.8497314453125
2025-07-30 23:34:29,711 - 4DGaussians_dnerf/bending - INFO - Iteration 9000 - stage: fine, loss: 0.008667265996336937, ema_loss: 0.011036590626191181, psnr: 25.343236923217773, ema_psnr: 24.466978808461985, total_points: 49800, l1_loss: 0.008667265996336937, elapsed_time: 219.3817596435547
2025-07-30 23:34:57,557 - 4DGaussians_dnerf/bending - INFO - Iteration 9100 - stage: fine, loss: 0.05352306365966797, ema_loss: 0.03789682843923891, psnr: 14.955033302307129, ema_psnr: 17.40492116275772, total_points: 49878, l1_loss: 0.05352306365966797, elapsed_time: 219.4534454345703
2025-07-30 23:35:25,431 - 4DGaussians_dnerf/bending - INFO - Iteration 9200 - stage: fine, loss: 0.009552505798637867, ema_loss: 0.020003643147428442, psnr: 25.541227340698242, ema_psnr: 21.502519439889717, total_points: 50077, l1_loss: 0.009552505798637867, elapsed_time: 219.89990234375
2025-07-30 23:35:53,316 - 4DGaussians_dnerf/bending - INFO - Iteration 9300 - stage: fine, loss: 0.03571512550115585, ema_loss: 0.02838888373274795, psnr: 17.385732650756836, ema_psnr: 18.76737735178655, total_points: 50702, l1_loss: 0.03571512550115585, elapsed_time: 219.91322326660156
2025-07-30 23:36:21,230 - 4DGaussians_dnerf/bending - INFO - Iteration 9400 - stage: fine, loss: 0.051578741520643234, ema_loss: 0.034397180094772294, psnr: 15.285356521606445, ema_psnr: 18.48443094878849, total_points: 51319, l1_loss: 0.051578741520643234, elapsed_time: 220.02182006835938
2025-07-30 23:36:49,192 - 4DGaussians_dnerf/bending - INFO - Iteration 9500 - stage: fine, loss: 0.012711376883089542, ema_loss: 0.013464234262800972, psnr: 24.46926498413086, ema_psnr: 23.653465536597643, total_points: 51711, l1_loss: 0.012711376883089542, elapsed_time: 220.40576171875
2025-07-30 23:37:17,218 - 4DGaussians_dnerf/bending - INFO - Iteration 9600 - stage: fine, loss: 0.04520614072680473, ema_loss: 0.030320654637857297, psnr: 15.857529640197754, ema_psnr: 19.36639785040613, total_points: 52275, l1_loss: 0.04520614072680473, elapsed_time: 222.3585205078125
2025-07-30 23:37:45,224 - 4DGaussians_dnerf/bending - INFO - Iteration 9700 - stage: fine, loss: 0.03091426193714142, ema_loss: 0.023621352616279085, psnr: 17.096542358398438, ema_psnr: 19.95276064456249, total_points: 52972, l1_loss: 0.03091426193714142, elapsed_time: 221.16351318359375
2025-07-30 23:38:13,291 - 4DGaussians_dnerf/bending - INFO - Iteration 9800 - stage: fine, loss: 0.010569442994892597, ema_loss: 0.015710041301156146, psnr: 23.510236740112305, ema_psnr: 22.286733740948016, total_points: 53236, l1_loss: 0.010569442994892597, elapsed_time: 223.0548553466797
2025-07-30 23:38:41,366 - 4DGaussians_dnerf/bending - INFO - Iteration 9900 - stage: fine, loss: 0.027461936697363853, ema_loss: 0.02422753225869523, psnr: 18.31068229675293, ema_psnr: 19.36508765286117, total_points: 53717, l1_loss: 0.027461936697363853, elapsed_time: 221.37139892578125
2025-07-30 23:39:09,413 - 4DGaussians_dnerf/bending - INFO - Iteration 10000 - stage: fine, loss: 0.00995495356619358, ema_loss: 0.015272570411710165, psnr: 24.865768432617188, ema_psnr: 22.593934561679962, total_points: 54044, l1_loss: 0.00995495356619358, elapsed_time: 222.9698486328125
2025-07-30 23:39:38,884 - 4DGaussians_dnerf/bending - INFO - Iteration 10100 - stage: fine, loss: 0.04765797406435013, ema_loss: 0.03460657425068492, psnr: 15.345688819885254, ema_psnr: 17.832591536249772, total_points: 54283, l1_loss: 0.04765797406435013, elapsed_time: 221.9806671142578
2025-07-30 23:40:06,949 - 4DGaussians_dnerf/bending - INFO - Iteration 10200 - stage: fine, loss: 0.05089142173528671, ema_loss: 0.034413774700387575, psnr: 15.590834617614746, ema_psnr: 18.18685399334442, total_points: 54550, l1_loss: 0.05089142173528671, elapsed_time: 221.74310302734375
2025-07-30 23:40:35,085 - 4DGaussians_dnerf/bending - INFO - Iteration 10300 - stage: fine, loss: 0.011178765445947647, ema_loss: 0.014620300291212335, psnr: 23.93182373046875, ema_psnr: 22.74758608932208, total_points: 54902, l1_loss: 0.011178765445947647, elapsed_time: 223.0609893798828
2025-07-30 23:41:03,406 - 4DGaussians_dnerf/bending - INFO - Iteration 10400 - stage: fine, loss: 0.01245467085391283, ema_loss: 0.014785778949156107, psnr: 22.920623779296875, ema_psnr: 22.71660857020958, total_points: 55465, l1_loss: 0.01245467085391283, elapsed_time: 224.39833068847656
2025-07-30 23:41:31,798 - 4DGaussians_dnerf/bending - INFO - Iteration 10500 - stage: fine, loss: 0.019969221204519272, ema_loss: 0.022308656969766055, psnr: 20.51693344116211, ema_psnr: 20.128425742167302, total_points: 56122, l1_loss: 0.019969221204519272, elapsed_time: 224.1648712158203
2025-07-30 23:42:00,236 - 4DGaussians_dnerf/bending - INFO - Iteration 10600 - stage: fine, loss: 0.028209753334522247, ema_loss: 0.02775746423794149, psnr: 18.304340362548828, ema_psnr: 19.207400859443652, total_points: 56378, l1_loss: 0.028209753334522247, elapsed_time: 224.83865356445312
2025-07-30 23:42:28,793 - 4DGaussians_dnerf/bending - INFO - Iteration 10700 - stage: fine, loss: 0.014782518148422241, ema_loss: 0.021292354262503806, psnr: 22.65354347229004, ema_psnr: 20.492979051157782, total_points: 56902, l1_loss: 0.014782518148422241, elapsed_time: 226.779296875
2025-07-30 23:42:57,404 - 4DGaussians_dnerf/bending - INFO - Iteration 10800 - stage: fine, loss: 0.020300978794693947, ema_loss: 0.02382440226154857, psnr: 19.745670318603516, ema_psnr: 20.139801859472055, total_points: 57183, l1_loss: 0.020300978794693947, elapsed_time: 227.3495635986328
2025-07-30 23:43:26,033 - 4DGaussians_dnerf/bending - INFO - Iteration 10900 - stage: fine, loss: 0.014028978534042835, ema_loss: 0.014964099267945546, psnr: 22.41403579711914, ema_psnr: 22.69901637162451, total_points: 57708, l1_loss: 0.014028978534042835, elapsed_time: 227.8289031982422
2025-07-30 23:43:54,681 - 4DGaussians_dnerf/bending - INFO - Iteration 11000 - stage: fine, loss: 0.02610885538160801, ema_loss: 0.01894213210056816, psnr: 18.26806640625, ema_psnr: 21.323287505224258, total_points: 57919, l1_loss: 0.02610885538160801, elapsed_time: 227.4582061767578
2025-07-30 23:44:23,414 - 4DGaussians_dnerf/bending - INFO - Iteration 11100 - stage: fine, loss: 0.010162589140236378, ema_loss: 0.01587159741568532, psnr: 23.516460418701172, ema_psnr: 21.899042172372436, total_points: 58249, l1_loss: 0.010162589140236378, elapsed_time: 228.56396484375
2025-07-30 23:44:52,177 - 4DGaussians_dnerf/bending - INFO - Iteration 11200 - stage: fine, loss: 0.011616299860179424, ema_loss: 0.0215054431232111, psnr: 23.63504409790039, ema_psnr: 20.751453081152896, total_points: 58569, l1_loss: 0.011616299860179424, elapsed_time: 229.5900421142578
2025-07-30 23:45:20,954 - 4DGaussians_dnerf/bending - INFO - Iteration 11300 - stage: fine, loss: 0.023131735622882843, ema_loss: 0.020250742081868223, psnr: 19.364858627319336, ema_psnr: 20.14298164787218, total_points: 58800, l1_loss: 0.023131735622882843, elapsed_time: 227.41094970703125
2025-07-30 23:45:49,795 - 4DGaussians_dnerf/bending - INFO - Iteration 11400 - stage: fine, loss: 0.011057686991989613, ema_loss: 0.015862340869555007, psnr: 24.98554229736328, ema_psnr: 23.333171027235764, total_points: 58921, l1_loss: 0.011057686991989613, elapsed_time: 229.54920959472656
2025-07-30 23:46:18,657 - 4DGaussians_dnerf/bending - INFO - Iteration 11500 - stage: fine, loss: 0.02734101563692093, ema_loss: 0.024993964823794186, psnr: 18.42284393310547, ema_psnr: 19.092512155755642, total_points: 59412, l1_loss: 0.02734101563692093, elapsed_time: 229.75692749023438
2025-07-30 23:46:47,542 - 4DGaussians_dnerf/bending - INFO - Iteration 11600 - stage: fine, loss: 0.020322054624557495, ema_loss: 0.022478195473589695, psnr: 19.803634643554688, ema_psnr: 20.289765812649044, total_points: 59537, l1_loss: 0.020322054624557495, elapsed_time: 230.33241271972656
2025-07-30 23:47:16,432 - 4DGaussians_dnerf/bending - INFO - Iteration 11700 - stage: fine, loss: 0.009507126174867153, ema_loss: 0.013554137562220568, psnr: 24.72538948059082, ema_psnr: 22.721842226794287, total_points: 59651, l1_loss: 0.009507126174867153, elapsed_time: 229.69241333007812
2025-07-30 23:47:45,350 - 4DGaussians_dnerf/bending - INFO - Iteration 11800 - stage: fine, loss: 0.014377694576978683, ema_loss: 0.015590122956959987, psnr: 23.255146026611328, ema_psnr: 22.38524191444268, total_points: 59772, l1_loss: 0.014377694576978683, elapsed_time: 229.85125732421875
2025-07-30 23:48:14,292 - 4DGaussians_dnerf/bending - INFO - Iteration 11900 - stage: fine, loss: 0.010337211191654205, ema_loss: 0.016197836491075354, psnr: 23.971803665161133, ema_psnr: 22.096682491825018, total_points: 59855, l1_loss: 0.010337211191654205, elapsed_time: 230.41229248046875
2025-07-30 23:48:43,267 - 4DGaussians_dnerf/bending - INFO - Iteration 12000 - stage: fine, loss: 0.015182603150606155, ema_loss: 0.023599492609931418, psnr: 22.156667709350586, ema_psnr: 20.372242690922235, total_points: 59921, l1_loss: 0.015182603150606155, elapsed_time: 230.5638427734375
2025-07-30 23:49:12,231 - 4DGaussians_dnerf/bending - INFO - Iteration 12100 - stage: fine, loss: 0.00985946599394083, ema_loss: 0.01635458407627566, psnr: 24.105127334594727, ema_psnr: 21.921788282591752, total_points: 59996, l1_loss: 0.00985946599394083, elapsed_time: 230.4849853515625
2025-07-30 23:49:41,231 - 4DGaussians_dnerf/bending - INFO - Iteration 12200 - stage: fine, loss: 0.009542684070765972, ema_loss: 0.022705142874847636, psnr: 24.063302993774414, ema_psnr: 20.425148594251375, total_points: 60030, l1_loss: 0.009542684070765972, elapsed_time: 231.85101318359375
2025-07-30 23:50:10,180 - 4DGaussians_dnerf/bending - INFO - Iteration 12300 - stage: fine, loss: 0.009884807281196117, ema_loss: 0.016098336432587044, psnr: 24.394224166870117, ema_psnr: 22.078280307841517, total_points: 60152, l1_loss: 0.009884807281196117, elapsed_time: 230.4901123046875
2025-07-30 23:50:39,185 - 4DGaussians_dnerf/bending - INFO - Iteration 12400 - stage: fine, loss: 0.010521124117076397, ema_loss: 0.012210232656268256, psnr: 25.316383361816406, ema_psnr: 23.98704188146182, total_points: 60279, l1_loss: 0.010521124117076397, elapsed_time: 232.01795959472656
2025-07-30 23:51:08,206 - 4DGaussians_dnerf/bending - INFO - Iteration 12500 - stage: fine, loss: 0.023824745789170265, ema_loss: 0.028344817564845103, psnr: 19.476125717163086, ema_psnr: 18.64339910080756, total_points: 60397, l1_loss: 0.023824745789170265, elapsed_time: 231.4035186767578
2025-07-30 23:51:37,202 - 4DGaussians_dnerf/bending - INFO - Iteration 12600 - stage: fine, loss: 0.03237863630056381, ema_loss: 0.028366016141257527, psnr: 17.716655731201172, ema_psnr: 19.256952217035327, total_points: 60479, l1_loss: 0.03237863630056381, elapsed_time: 231.78445434570312
2025-07-30 23:52:06,222 - 4DGaussians_dnerf/bending - INFO - Iteration 12700 - stage: fine, loss: 0.012389294803142548, ema_loss: 0.015849880209848087, psnr: 23.261404037475586, ema_psnr: 22.471854442804467, total_points: 60542, l1_loss: 0.012389294803142548, elapsed_time: 230.94374084472656
2025-07-30 23:52:35,233 - 4DGaussians_dnerf/bending - INFO - Iteration 12800 - stage: fine, loss: 0.03856990113854408, ema_loss: 0.02819153652934296, psnr: 16.751487731933594, ema_psnr: 19.01208556577207, total_points: 60612, l1_loss: 0.03856990113854408, elapsed_time: 231.267333984375
2025-07-30 23:53:04,268 - 4DGaussians_dnerf/bending - INFO - Iteration 12900 - stage: fine, loss: 0.010563054122030735, ema_loss: 0.019332188811479332, psnr: 25.593463897705078, ema_psnr: 22.10064263938805, total_points: 60674, l1_loss: 0.010563054122030735, elapsed_time: 231.53868103027344
2025-07-30 23:53:33,278 - 4DGaussians_dnerf/bending - INFO - Iteration 13000 - stage: fine, loss: 0.03197890892624855, ema_loss: 0.02492153178199916, psnr: 18.126605987548828, ema_psnr: 19.744883782509678, total_points: 60732, l1_loss: 0.03197890892624855, elapsed_time: 230.54336547851562
2025-07-30 23:54:02,372 - 4DGaussians_dnerf/bending - INFO - Iteration 13100 - stage: fine, loss: 0.03308957442641258, ema_loss: 0.026713369201917796, psnr: 18.119638442993164, ema_psnr: 19.58403482620949, total_points: 60813, l1_loss: 0.03308957442641258, elapsed_time: 231.79263305664062
2025-07-30 23:54:31,462 - 4DGaussians_dnerf/bending - INFO - Iteration 13200 - stage: fine, loss: 0.011762285605072975, ema_loss: 0.021651416590567102, psnr: 24.063186645507812, ema_psnr: 21.329835483520046, total_points: 61099, l1_loss: 0.011762285605072975, elapsed_time: 232.42239379882812
2025-07-30 23:55:00,550 - 4DGaussians_dnerf/bending - INFO - Iteration 13300 - stage: fine, loss: 0.009657722897827625, ema_loss: 0.022996410540354555, psnr: 23.968469619750977, ema_psnr: 20.330252602413545, total_points: 61246, l1_loss: 0.009657722897827625, elapsed_time: 232.22886657714844
2025-07-30 23:55:29,663 - 4DGaussians_dnerf/bending - INFO - Iteration 13400 - stage: fine, loss: 0.02935706451535225, ema_loss: 0.022374844242033315, psnr: 18.267648696899414, ema_psnr: 20.12591303650601, total_points: 61381, l1_loss: 0.02935706451535225, elapsed_time: 231.9093780517578
2025-07-30 23:55:58,759 - 4DGaussians_dnerf/bending - INFO - Iteration 13500 - stage: fine, loss: 0.018634749576449394, ema_loss: 0.022298919969596966, psnr: 20.967208862304688, ema_psnr: 20.131221313398996, total_points: 61488, l1_loss: 0.018634749576449394, elapsed_time: 233.01426696777344
2025-07-30 23:56:27,923 - 4DGaussians_dnerf/bending - INFO - Iteration 13600 - stage: fine, loss: 0.010367853567004204, ema_loss: 0.012701858226347208, psnr: 24.060041427612305, ema_psnr: 23.387930499472738, total_points: 61564, l1_loss: 0.010367853567004204, elapsed_time: 232.72767639160156
2025-07-30 23:56:57,056 - 4DGaussians_dnerf/bending - INFO - Iteration 13700 - stage: fine, loss: 0.011837891303002834, ema_loss: 0.017460865059475944, psnr: 23.07172393798828, ema_psnr: 21.292918463558728, total_points: 61620, l1_loss: 0.011837891303002834, elapsed_time: 232.9712677001953
2025-07-30 23:57:26,213 - 4DGaussians_dnerf/bending - INFO - Iteration 13800 - stage: fine, loss: 0.01266242004930973, ema_loss: 0.02346393816554131, psnr: 22.369182586669922, ema_psnr: 19.782553057064852, total_points: 61675, l1_loss: 0.01266242004930973, elapsed_time: 234.00857543945312
2025-07-30 23:57:55,398 - 4DGaussians_dnerf/bending - INFO - Iteration 13900 - stage: fine, loss: 0.009298411197960377, ema_loss: 0.016257006637702933, psnr: 27.213775634765625, ema_psnr: 23.583655037195086, total_points: 61730, l1_loss: 0.009298411197960377, elapsed_time: 233.02450561523438
2025-07-30 23:58:24,600 - 4DGaussians_dnerf/bending - INFO - Iteration 14000 - stage: fine, loss: 0.012722644954919815, ema_loss: 0.026489320832196434, psnr: 23.984817504882812, ema_psnr: 20.50745645854413, total_points: 61773, l1_loss: 0.012722644954919815, elapsed_time: 233.87750244140625
2025-07-30 23:58:53,769 - 4DGaussians_dnerf/bending - INFO - Iteration 14100 - stage: fine, loss: 0.011914457194507122, ema_loss: 0.014071703636701124, psnr: 22.820646286010742, ema_psnr: 23.19071924983102, total_points: 61814, l1_loss: 0.011914457194507122, elapsed_time: 232.9180145263672
2025-07-30 23:59:22,958 - 4DGaussians_dnerf/bending - INFO - Iteration 14200 - stage: fine, loss: 0.022602029144763947, ema_loss: 0.02307870534908758, psnr: 19.016117095947266, ema_psnr: 20.409969379943885, total_points: 61853, l1_loss: 0.022602029144763947, elapsed_time: 233.35423278808594
2025-07-30 23:59:52,162 - 4DGaussians_dnerf/bending - INFO - Iteration 14300 - stage: fine, loss: 0.008709798566997051, ema_loss: 0.019690229599950256, psnr: 24.470951080322266, ema_psnr: 21.804600748622732, total_points: 61890, l1_loss: 0.008709798566997051, elapsed_time: 233.62969970703125
2025-07-31 00:00:21,336 - 4DGaussians_dnerf/bending - INFO - Iteration 14400 - stage: fine, loss: 0.010255545377731323, ema_loss: 0.013163325169197462, psnr: 23.854063034057617, ema_psnr: 23.091728523098055, total_points: 61916, l1_loss: 0.010255545377731323, elapsed_time: 233.1135711669922
2025-07-31 00:00:50,497 - 4DGaussians_dnerf/bending - INFO - Iteration 14500 - stage: fine, loss: 0.034404296427965164, ema_loss: 0.02442188171757664, psnr: 17.62321662902832, ema_psnr: 20.270943806511, total_points: 61951, l1_loss: 0.034404296427965164, elapsed_time: 232.33135986328125
2025-07-31 00:01:19,722 - 4DGaussians_dnerf/bending - INFO - Iteration 14600 - stage: fine, loss: 0.016364241018891335, ema_loss: 0.019782188920300398, psnr: 21.484928131103516, ema_psnr: 20.833530303528903, total_points: 61991, l1_loss: 0.016364241018891335, elapsed_time: 233.2579803466797
2025-07-31 00:01:48,991 - 4DGaussians_dnerf/bending - INFO - Iteration 14700 - stage: fine, loss: 0.039413318037986755, ema_loss: 0.029418470269641644, psnr: 16.72661590576172, ema_psnr: 18.51239100300189, total_points: 62405, l1_loss: 0.039413318037986755, elapsed_time: 234.74380493164062
2025-07-31 00:02:18,218 - 4DGaussians_dnerf/bending - INFO - Iteration 14800 - stage: fine, loss: 0.02856701985001564, ema_loss: 0.0279304255566597, psnr: 18.296043395996094, ema_psnr: 18.77279318394116, total_points: 62536, l1_loss: 0.02856701985001564, elapsed_time: 234.0515899658203
2025-07-31 00:02:47,546 - 4DGaussians_dnerf/bending - INFO - Iteration 14900 - stage: fine, loss: 0.01353086344897747, ema_loss: 0.014590766585349219, psnr: 22.555866241455078, ema_psnr: 22.6003917995694, total_points: 62633, l1_loss: 0.01353086344897747, elapsed_time: 234.14271545410156
2025-07-31 00:03:16,890 - 4DGaussians_dnerf/bending - INFO - Iteration 15000 - stage: fine, loss: 0.011205831542611122, ema_loss: 0.014872786351895465, psnr: 22.46587562561035, ema_psnr: 22.390871678951697, total_points: 63016, l1_loss: 0.011205831542611122, elapsed_time: 235.03648376464844
2025-07-31 00:03:47,839 - 4DGaussians_dnerf/bending - INFO - Iteration 15100 - stage: fine, loss: 0.01670895516872406, ema_loss: 0.016723627916187957, psnr: 21.032451629638672, ema_psnr: 21.599846478432305, total_points: 63016, l1_loss: 0.01670895516872406, elapsed_time: 235.0786590576172
2025-07-31 00:04:17,162 - 4DGaussians_dnerf/bending - INFO - Iteration 15200 - stage: fine, loss: 0.011162713170051575, ema_loss: 0.01549511133743638, psnr: 24.268230438232422, ema_psnr: 22.550492918028333, total_points: 63016, l1_loss: 0.011162713170051575, elapsed_time: 236.16207885742188
2025-07-31 00:04:46,476 - 4DGaussians_dnerf/bending - INFO - Iteration 15300 - stage: fine, loss: 0.031657762825489044, ema_loss: 0.023804962062969996, psnr: 17.805370330810547, ema_psnr: 20.07948261371051, total_points: 63016, l1_loss: 0.031657762825489044, elapsed_time: 235.0028839111328
2025-07-31 00:05:15,784 - 4DGaussians_dnerf/bending - INFO - Iteration 15400 - stage: fine, loss: 0.012391353026032448, ema_loss: 0.018351043851228703, psnr: 24.97924041748047, ema_psnr: 21.73557387036122, total_points: 63016, l1_loss: 0.012391353026032448, elapsed_time: 234.42739868164062
2025-07-31 00:05:45,102 - 4DGaussians_dnerf/bending - INFO - Iteration 15500 - stage: fine, loss: 0.00894907210022211, ema_loss: 0.015253794442056441, psnr: 24.500581741333008, ema_psnr: 22.825227156029634, total_points: 63016, l1_loss: 0.00894907210022211, elapsed_time: 235.251708984375
2025-07-31 00:06:14,411 - 4DGaussians_dnerf/bending - INFO - Iteration 15600 - stage: fine, loss: 0.009221784770488739, ema_loss: 0.011816130175304784, psnr: 24.83912467956543, ema_psnr: 23.985188071188716, total_points: 63016, l1_loss: 0.009221784770488739, elapsed_time: 234.8206024169922
2025-07-31 00:06:43,726 - 4DGaussians_dnerf/bending - INFO - Iteration 15700 - stage: fine, loss: 0.015284299850463867, ema_loss: 0.021838593971373273, psnr: 21.422321319580078, ema_psnr: 20.122173168448754, total_points: 63016, l1_loss: 0.015284299850463867, elapsed_time: 234.5410614013672
2025-07-31 00:07:13,049 - 4DGaussians_dnerf/bending - INFO - Iteration 15800 - stage: fine, loss: 0.017568159848451614, ema_loss: 0.019338683213500192, psnr: 20.527095794677734, ema_psnr: 20.49828796628551, total_points: 63016, l1_loss: 0.017568159848451614, elapsed_time: 235.7268524169922
2025-07-31 00:07:42,371 - 4DGaussians_dnerf/bending - INFO - Iteration 15900 - stage: fine, loss: 0.011965334415435791, ema_loss: 0.02260556342579165, psnr: 23.230512619018555, ema_psnr: 20.199487381333945, total_points: 63016, l1_loss: 0.011965334415435791, elapsed_time: 235.24671936035156
2025-07-31 00:08:11,682 - 4DGaussians_dnerf/bending - INFO - Iteration 16000 - stage: fine, loss: 0.0168662890791893, ema_loss: 0.016825023057674252, psnr: 20.82668685913086, ema_psnr: 21.35976616018297, total_points: 63016, l1_loss: 0.0168662890791893, elapsed_time: 235.18310546875
2025-07-31 00:08:40,993 - 4DGaussians_dnerf/bending - INFO - Iteration 16100 - stage: fine, loss: 0.031596358865499496, ema_loss: 0.028517360468809518, psnr: 17.133817672729492, ema_psnr: 18.637873418188043, total_points: 63016, l1_loss: 0.031596358865499496, elapsed_time: 234.82867431640625
2025-07-31 00:09:10,300 - 4DGaussians_dnerf/bending - INFO - Iteration 16200 - stage: fine, loss: 0.012482194229960442, ema_loss: 0.016464866168548854, psnr: 22.868593215942383, ema_psnr: 21.591100945101367, total_points: 63016, l1_loss: 0.012482194229960442, elapsed_time: 234.56051635742188
2025-07-31 00:09:39,623 - 4DGaussians_dnerf/bending - INFO - Iteration 16300 - stage: fine, loss: 0.03565969690680504, ema_loss: 0.030870005058169177, psnr: 17.048660278320312, ema_psnr: 18.526831866771126, total_points: 63016, l1_loss: 0.03565969690680504, elapsed_time: 235.58143615722656
2025-07-31 00:10:09,989 - 4DGaussians_dnerf/bending - INFO - Iteration 16400 - stage: fine, loss: 0.010359087027609348, ema_loss: 0.020777879310783655, psnr: 24.183549880981445, ema_psnr: 20.781261163661085, total_points: 63016, l1_loss: 0.010359087027609348, elapsed_time: 235.96237182617188
2025-07-31 00:10:39,295 - 4DGaussians_dnerf/bending - INFO - Iteration 16500 - stage: fine, loss: 0.00732068344950676, ema_loss: 0.01514310448395012, psnr: 26.790571212768555, ema_psnr: 23.126752217370793, total_points: 63016, l1_loss: 0.00732068344950676, elapsed_time: 234.9477081298828
2025-07-31 00:11:08,612 - 4DGaussians_dnerf/bending - INFO - Iteration 16600 - stage: fine, loss: 0.012713389471173286, ema_loss: 0.016822793464812903, psnr: 22.903268814086914, ema_psnr: 22.234251499188204, total_points: 63016, l1_loss: 0.012713389471173286, elapsed_time: 235.39097595214844
2025-07-31 00:11:37,929 - 4DGaussians_dnerf/bending - INFO - Iteration 16700 - stage: fine, loss: 0.011802141554653645, ema_loss: 0.02058459670614088, psnr: 23.741233825683594, ema_psnr: 20.839949003936162, total_points: 63016, l1_loss: 0.011802141554653645, elapsed_time: 235.22201538085938
2025-07-31 00:12:07,243 - 4DGaussians_dnerf/bending - INFO - Iteration 16800 - stage: fine, loss: 0.024820396676659584, ema_loss: 0.018199377991491628, psnr: 18.70561408996582, ema_psnr: 21.838108746839485, total_points: 63016, l1_loss: 0.024820396676659584, elapsed_time: 234.7130889892578
2025-07-31 00:12:36,545 - 4DGaussians_dnerf/bending - INFO - Iteration 16900 - stage: fine, loss: 0.024304378777742386, ema_loss: 0.018915842025293568, psnr: 19.209081649780273, ema_psnr: 21.32687888138563, total_points: 63016, l1_loss: 0.024304378777742386, elapsed_time: 233.32864379882812
2025-07-31 00:13:05,854 - 4DGaussians_dnerf/bending - INFO - Iteration 17000 - stage: fine, loss: 0.013994904235005379, ema_loss: 0.023464650246598464, psnr: 21.966333389282227, ema_psnr: 19.69333698910952, total_points: 63016, l1_loss: 0.013994904235005379, elapsed_time: 235.1472625732422
2025-07-31 00:13:35,175 - 4DGaussians_dnerf/bending - INFO - Iteration 17100 - stage: fine, loss: 0.01869882084429264, ema_loss: 0.019181695872750842, psnr: 20.20427894592285, ema_psnr: 21.19644952765759, total_points: 63016, l1_loss: 0.01869882084429264, elapsed_time: 235.46470642089844
2025-07-31 00:14:04,478 - 4DGaussians_dnerf/bending - INFO - Iteration 17200 - stage: fine, loss: 0.011544217355549335, ema_loss: 0.012954836853064953, psnr: 24.68729019165039, ema_psnr: 23.596257667499895, total_points: 63016, l1_loss: 0.011544217355549335, elapsed_time: 235.1288299560547
2025-07-31 00:14:33,785 - 4DGaussians_dnerf/bending - INFO - Iteration 17300 - stage: fine, loss: 0.008449519984424114, ema_loss: 0.013330200204344528, psnr: 25.26068878173828, ema_psnr: 23.80512294607957, total_points: 63016, l1_loss: 0.008449519984424114, elapsed_time: 235.17286682128906
2025-07-31 00:15:03,096 - 4DGaussians_dnerf/bending - INFO - Iteration 17400 - stage: fine, loss: 0.015743378549814224, ema_loss: 0.021752299516121065, psnr: 21.152694702148438, ema_psnr: 20.554781518484923, total_points: 63016, l1_loss: 0.015743378549814224, elapsed_time: 235.78924560546875
2025-07-31 00:15:32,414 - 4DGaussians_dnerf/bending - INFO - Iteration 17500 - stage: fine, loss: 0.028073754161596298, ema_loss: 0.019260926114346252, psnr: 17.963577270507812, ema_psnr: 21.167768129104154, total_points: 63016, l1_loss: 0.028073754161596298, elapsed_time: 235.98284912109375
2025-07-31 00:16:01,723 - 4DGaussians_dnerf/bending - INFO - Iteration 17600 - stage: fine, loss: 0.009277185425162315, ema_loss: 0.013787212583647812, psnr: 26.283649444580078, ema_psnr: 23.20461730920291, total_points: 63016, l1_loss: 0.009277185425162315, elapsed_time: 234.7386932373047
2025-07-31 00:16:31,018 - 4DGaussians_dnerf/bending - INFO - Iteration 17700 - stage: fine, loss: 0.009750147350132465, ema_loss: 0.011573253765552204, psnr: 24.409162521362305, ema_psnr: 23.918010803056553, total_points: 63016, l1_loss: 0.009750147350132465, elapsed_time: 235.60397338867188
2025-07-31 00:17:00,338 - 4DGaussians_dnerf/bending - INFO - Iteration 17800 - stage: fine, loss: 0.01706690341234207, ema_loss: 0.016494506881590876, psnr: 21.188840866088867, ema_psnr: 21.715707359471956, total_points: 63016, l1_loss: 0.01706690341234207, elapsed_time: 235.8323211669922
2025-07-31 00:17:29,651 - 4DGaussians_dnerf/bending - INFO - Iteration 17900 - stage: fine, loss: 0.039531391113996506, ema_loss: 0.02930494743438325, psnr: 17.00029754638672, ema_psnr: 19.096003748275958, total_points: 63016, l1_loss: 0.039531391113996506, elapsed_time: 235.02540588378906
2025-07-31 00:17:58,961 - 4DGaussians_dnerf/bending - INFO - Iteration 18000 - stage: fine, loss: 0.007185711991041899, ema_loss: 0.02032525042574421, psnr: 26.952308654785156, ema_psnr: 22.17917974748844, total_points: 63016, l1_loss: 0.007185711991041899, elapsed_time: 235.46572875976562
2025-07-31 00:18:28,276 - 4DGaussians_dnerf/bending - INFO - Iteration 18100 - stage: fine, loss: 0.007813076488673687, ema_loss: 0.02114746734491981, psnr: 26.19877815246582, ema_psnr: 21.591664405281612, total_points: 63016, l1_loss: 0.007813076488673687, elapsed_time: 235.2527313232422
2025-07-31 00:18:57,586 - 4DGaussians_dnerf/bending - INFO - Iteration 18200 - stage: fine, loss: 0.037048034369945526, ema_loss: 0.029117292403159478, psnr: 17.36281967163086, ema_psnr: 18.830273833107857, total_points: 63016, l1_loss: 0.037048034369945526, elapsed_time: 234.48268127441406
2025-07-31 00:19:26,906 - 4DGaussians_dnerf/bending - INFO - Iteration 18300 - stage: fine, loss: 0.019952576607465744, ema_loss: 0.020470610001684098, psnr: 19.760461807250977, ema_psnr: 20.604433553305704, total_points: 63016, l1_loss: 0.019952576607465744, elapsed_time: 234.82981872558594
2025-07-31 00:19:56,226 - 4DGaussians_dnerf/bending - INFO - Iteration 18400 - stage: fine, loss: 0.00790949072688818, ema_loss: 0.016154784188527973, psnr: 26.69166374206543, ema_psnr: 23.137501460621905, total_points: 63016, l1_loss: 0.00790949072688818, elapsed_time: 234.0384063720703
2025-07-31 00:20:25,542 - 4DGaussians_dnerf/bending - INFO - Iteration 18500 - stage: fine, loss: 0.009739547967910767, ema_loss: 0.016399226311353536, psnr: 24.150554656982422, ema_psnr: 21.807084581915333, total_points: 63016, l1_loss: 0.009739547967910767, elapsed_time: 235.08787536621094
2025-07-31 00:20:54,853 - 4DGaussians_dnerf/bending - INFO - Iteration 18600 - stage: fine, loss: 0.03340157866477966, ema_loss: 0.027084853368902418, psnr: 16.7366943359375, ema_psnr: 19.232315515581426, total_points: 63016, l1_loss: 0.03340157866477966, elapsed_time: 234.19903564453125
2025-07-31 00:21:24,162 - 4DGaussians_dnerf/bending - INFO - Iteration 18700 - stage: fine, loss: 0.029266927391290665, ema_loss: 0.02305381890975195, psnr: 18.570138931274414, ema_psnr: 20.358362341557907, total_points: 63016, l1_loss: 0.029266927391290665, elapsed_time: 233.99935913085938
2025-07-31 00:21:53,477 - 4DGaussians_dnerf/bending - INFO - Iteration 18800 - stage: fine, loss: 0.0071539003401994705, ema_loss: 0.014620442990681258, psnr: 26.241748809814453, ema_psnr: 23.202927393265373, total_points: 63016, l1_loss: 0.0071539003401994705, elapsed_time: 235.52012634277344
2025-07-31 00:22:22,785 - 4DGaussians_dnerf/bending - INFO - Iteration 18900 - stage: fine, loss: 0.010906671173870564, ema_loss: 0.016710458496009165, psnr: 25.112773895263672, ema_psnr: 22.181809554834356, total_points: 63016, l1_loss: 0.010906671173870564, elapsed_time: 234.88511657714844
2025-07-31 00:22:52,097 - 4DGaussians_dnerf/bending - INFO - Iteration 19000 - stage: fine, loss: 0.027215100824832916, ema_loss: 0.020878172063446127, psnr: 18.14585304260254, ema_psnr: 20.62876934699711, total_points: 63016, l1_loss: 0.027215100824832916, elapsed_time: 235.12576293945312
2025-07-31 00:23:21,411 - 4DGaussians_dnerf/bending - INFO - Iteration 19100 - stage: fine, loss: 0.03165840357542038, ema_loss: 0.028946539675965534, psnr: 17.186874389648438, ema_psnr: 18.15458311453, total_points: 63016, l1_loss: 0.03165840357542038, elapsed_time: 231.8796844482422
2025-07-31 00:23:50,713 - 4DGaussians_dnerf/bending - INFO - Iteration 19200 - stage: fine, loss: 0.023147214204072952, ema_loss: 0.01709303157684352, psnr: 19.20047950744629, ema_psnr: 21.3957152955053, total_points: 63016, l1_loss: 0.023147214204072952, elapsed_time: 234.27389526367188
2025-07-31 00:24:20,031 - 4DGaussians_dnerf/bending - INFO - Iteration 19300 - stage: fine, loss: 0.021020734682679176, ema_loss: 0.021424759192469008, psnr: 19.475101470947266, ema_psnr: 20.09294446756964, total_points: 63016, l1_loss: 0.021020734682679176, elapsed_time: 234.5963592529297
2025-07-31 00:24:49,343 - 4DGaussians_dnerf/bending - INFO - Iteration 19400 - stage: fine, loss: 0.01518177054822445, ema_loss: 0.01324888734845523, psnr: 21.922889709472656, ema_psnr: 22.938897402817666, total_points: 63016, l1_loss: 0.01518177054822445, elapsed_time: 235.17184448242188
2025-07-31 00:25:18,654 - 4DGaussians_dnerf/bending - INFO - Iteration 19500 - stage: fine, loss: 0.008654586970806122, ema_loss: 0.013063562110581564, psnr: 26.589988708496094, ema_psnr: 23.984052352968803, total_points: 63016, l1_loss: 0.008654586970806122, elapsed_time: 234.8166046142578
2025-07-31 00:25:47,956 - 4DGaussians_dnerf/bending - INFO - Iteration 19600 - stage: fine, loss: 0.019630949944257736, ema_loss: 0.02668572995548271, psnr: 19.95389175415039, ema_psnr: 18.731673255621157, total_points: 63016, l1_loss: 0.019630949944257736, elapsed_time: 234.64755249023438
2025-07-31 00:26:17,263 - 4DGaussians_dnerf/bending - INFO - Iteration 19700 - stage: fine, loss: 0.0091457674279809, ema_loss: 0.011980417007744153, psnr: 24.46416473388672, ema_psnr: 23.607618444297373, total_points: 63016, l1_loss: 0.0091457674279809, elapsed_time: 234.6045379638672
2025-07-31 00:26:46,576 - 4DGaussians_dnerf/bending - INFO - Iteration 19800 - stage: fine, loss: 0.029847046360373497, ema_loss: 0.02832646090763451, psnr: 17.734655380249023, ema_psnr: 18.58434570759524, total_points: 63016, l1_loss: 0.029847046360373497, elapsed_time: 235.55072021484375
2025-07-31 00:27:15,889 - 4DGaussians_dnerf/bending - INFO - Iteration 19900 - stage: fine, loss: 0.015493188053369522, ema_loss: 0.01738804921027245, psnr: 21.061229705810547, ema_psnr: 21.329147207538988, total_points: 63016, l1_loss: 0.015493188053369522, elapsed_time: 235.3082275390625
2025-07-31 00:27:45,201 - 4DGaussians_dnerf/bending - INFO - Iteration 20000 - stage: fine, loss: 0.011925396509468555, ema_loss: 0.016605440327864464, psnr: 24.732378005981445, ema_psnr: 22.065339216862498, total_points: 63016, l1_loss: 0.011925396509468555, elapsed_time: 235.55392456054688
2025-07-31 00:27:50,268 - 4DGaussians_dnerf/bending - INFO - ✅ 4DGaussians 训练完成
2025-07-31 00:27:50,269 - 4DGaussians_dnerf/bending - INFO - final_point_count: 63016
2025-07-31 00:27:50,269 - 4DGaussians_dnerf/bending - INFO - model_path: ./output/dnerf/bending
2025-07-31 00:27:50,406 - 4DGaussians_dnerf/bending - INFO - 性能指标已保存到: logs/4DGaussians/dnerf/bending/metrics_20250730_224915.json
