2025-07-30 03:50:25,689 - 4DGaussians_dnerf/bending - INFO - 配置已保存到: logs/4DGaussians/dnerf/bending/config_20250730_035025.json
2025-07-30 03:50:25,689 - 4DGaussians_dnerf/bending - INFO - 🚀 4DGaussians 训练开始
2025-07-30 03:50:25,689 - 4DGaussians_dnerf/bending - INFO - 实验名称: dnerf/bending
2025-07-30 03:50:25,689 - 4DGaussians_dnerf/bending - INFO - expname: dnerf/bending
2025-07-30 03:50:25,689 - 4DGaussians_dnerf/bending - INFO - model_path: ./output/dnerf/bending
2025-07-30 03:50:25,689 - 4DGaussians_dnerf/bending - INFO - coarse_iterations: 3000
2025-07-30 03:50:25,689 - 4DGaussians_dnerf/bending - INFO - fine_iterations: 20000
2025-07-30 03:57:49,166 - 4DGaussians_dnerf/bending - INFO - 🔄 开始粗糙训练阶段
2025-07-30 03:58:07,600 - 4DGaussians_dnerf/bending - INFO - Iteration 100 - stage: coarse, loss: 0.050705134868621826, ema_loss: 0.05552106082855873, psnr: 19.840213775634766, ema_psnr: 19.09381654766303, total_points: 2000, l1_loss: 0.050705134868621826, elapsed_time: 4.258815765380859
2025-07-30 03:58:10,332 - 4DGaussians_dnerf/bending - INFO - Iteration 200 - stage: coarse, loss: 0.030522553250193596, ema_loss: 0.02848575946966939, psnr: 18.90793800354004, ema_psnr: 19.74421771122813, total_points: 2000, l1_loss: 0.030522553250193596, elapsed_time: 3.2767999172210693
2025-07-30 03:58:13,905 - 4DGaussians_dnerf/bending - INFO - Iteration 300 - stage: coarse, loss: 0.03465484827756882, ema_loss: 0.03038127273590678, psnr: 17.154220581054688, ema_psnr: 18.65147528195378, total_points: 2000, l1_loss: 0.03465484827756882, elapsed_time: 3.0861759185791016
2025-07-30 03:58:16,989 - 4DGaussians_dnerf/bending - INFO - Iteration 400 - stage: coarse, loss: 0.02039715275168419, ema_loss: 0.021947048342635375, psnr: 20.6199951171875, ema_psnr: 20.61490357628623, total_points: 2000, l1_loss: 0.02039715275168419, elapsed_time: 2.9511680603027344
2025-07-30 03:58:20,786 - 4DGaussians_dnerf/bending - INFO - Iteration 500 - stage: coarse, loss: 0.02020440623164177, ema_loss: 0.02869266993768136, psnr: 20.512252807617188, ema_psnr: 19.562279540439174, total_points: 2000, l1_loss: 0.02020440623164177, elapsed_time: 2.932800054550171
2025-07-30 03:58:23,795 - 4DGaussians_dnerf/bending - INFO - Iteration 600 - stage: coarse, loss: 0.01760442927479744, ema_loss: 0.02278562165795532, psnr: 21.418792724609375, ema_psnr: 20.312249142010756, total_points: 2000, l1_loss: 0.01760442927479744, elapsed_time: 2.9451839923858643
2025-07-30 03:58:28,049 - 4DGaussians_dnerf/bending - INFO - Iteration 700 - stage: coarse, loss: 0.018041325733065605, ema_loss: 0.02032451596217271, psnr: 20.62381362915039, ema_psnr: 20.679116776685806, total_points: 2059, l1_loss: 0.018041325733065605, elapsed_time: 3.176448106765747
2025-07-30 03:58:31,788 - 4DGaussians_dnerf/bending - INFO - Iteration 800 - stage: coarse, loss: 0.01667167618870735, ema_loss: 0.027649465959107153, psnr: 21.625228881835938, ema_psnr: 19.19843169947999, total_points: 2164, l1_loss: 0.01667167618870735, elapsed_time: 3.455872058868408
2025-07-30 03:58:34,744 - 4DGaussians_dnerf/bending - INFO - Iteration 900 - stage: coarse, loss: 0.02142164669930935, ema_loss: 0.024774441664984007, psnr: 19.61391258239746, ema_psnr: 19.082383542173798, total_points: 2345, l1_loss: 0.02142164669930935, elapsed_time: 3.0444159507751465
2025-07-30 03:58:38,284 - 4DGaussians_dnerf/bending - INFO - Iteration 1000 - stage: coarse, loss: 0.03565031662583351, ema_loss: 0.03020607442448086, psnr: 16.857149124145508, ema_psnr: 18.07888277222593, total_points: 2672, l1_loss: 0.03565031662583351, elapsed_time: 2.9757440090179443
2025-07-30 03:58:42,605 - 4DGaussians_dnerf/bending - INFO - Iteration 1100 - stage: coarse, loss: 0.041287362575531006, ema_loss: 0.04052519868931148, psnr: 16.184574127197266, ema_psnr: 16.742859810506033, total_points: 3223, l1_loss: 0.041287362575531006, elapsed_time: 2.9112319946289062
2025-07-30 03:58:46,554 - 4DGaussians_dnerf/bending - INFO - Iteration 1200 - stage: coarse, loss: 0.023727217689156532, ema_loss: 0.02765726156113721, psnr: 19.045602798461914, ema_psnr: 18.518081247901883, total_points: 3971, l1_loss: 0.023727217689156532, elapsed_time: 2.9327359199523926
2025-07-30 03:58:50,431 - 4DGaussians_dnerf/bending - INFO - Iteration 1300 - stage: coarse, loss: 0.05695429444313049, ema_loss: 0.03918672987287211, psnr: 14.209930419921875, ema_psnr: 16.803074505891182, total_points: 4741, l1_loss: 0.05695429444313049, elapsed_time: 3.1827199459075928
2025-07-30 03:58:53,498 - 4DGaussians_dnerf/bending - INFO - Iteration 1400 - stage: coarse, loss: 0.04264450818300247, ema_loss: 0.028147777072638103, psnr: 16.609155654907227, ema_psnr: 19.254653567326983, total_points: 5421, l1_loss: 0.04264450818300247, elapsed_time: 3.0545918941497803
2025-07-30 03:58:57,512 - 4DGaussians_dnerf/bending - INFO - Iteration 1500 - stage: coarse, loss: 0.03192193806171417, ema_loss: 0.03274284111186188, psnr: 17.279016494750977, ema_psnr: 17.49024652230358, total_points: 6069, l1_loss: 0.03192193806171417, elapsed_time: 3.117055892944336
2025-07-30 03:59:02,464 - 4DGaussians_dnerf/bending - INFO - Iteration 1600 - stage: coarse, loss: 0.018112828955054283, ema_loss: 0.021558384932456914, psnr: 21.459386825561523, ema_psnr: 20.153443863644398, total_points: 6668, l1_loss: 0.018112828955054283, elapsed_time: 3.4938879013061523
2025-07-30 03:59:05,917 - 4DGaussians_dnerf/bending - INFO - Iteration 1700 - stage: coarse, loss: 0.018692882731556892, ema_loss: 0.025323958767069745, psnr: 19.860824584960938, ema_psnr: 18.932439934083572, total_points: 7247, l1_loss: 0.018692882731556892, elapsed_time: 3.5328640937805176
2025-07-30 03:59:08,904 - 4DGaussians_dnerf/bending - INFO - Iteration 1800 - stage: coarse, loss: 0.01205811183899641, ema_loss: 0.019218876994704207, psnr: 23.66347312927246, ema_psnr: 21.237176720689536, total_points: 7797, l1_loss: 0.01205811183899641, elapsed_time: 3.694591999053955
2025-07-30 03:59:12,550 - 4DGaussians_dnerf/bending - INFO - Iteration 1900 - stage: coarse, loss: 0.0426921620965004, ema_loss: 0.04069235415156211, psnr: 15.898578643798828, ema_psnr: 16.29322883480053, total_points: 8284, l1_loss: 0.0426921620965004, elapsed_time: 3.6956160068511963
2025-07-30 03:59:16,426 - 4DGaussians_dnerf/bending - INFO - Iteration 2000 - stage: coarse, loss: 0.019065430387854576, ema_loss: 0.023123088230501826, psnr: 20.711624145507812, ema_psnr: 19.45681170231022, total_points: 8791, l1_loss: 0.019065430387854576, elapsed_time: 3.555327892303467
2025-07-30 03:59:19,521 - 4DGaussians_dnerf/bending - INFO - Iteration 2100 - stage: coarse, loss: 0.02787674218416214, ema_loss: 0.02895466402426395, psnr: 17.688322067260742, ema_psnr: 17.76437173452169, total_points: 9273, l1_loss: 0.02787674218416214, elapsed_time: 4.204671859741211
2025-07-30 03:59:22,452 - 4DGaussians_dnerf/bending - INFO - Iteration 2200 - stage: coarse, loss: 0.012180534191429615, ema_loss: 0.019668699660898466, psnr: 22.64866065979004, ema_psnr: 20.485766098279427, total_points: 9710, l1_loss: 0.012180534191429615, elapsed_time: 3.615744113922119
2025-07-30 03:59:27,374 - 4DGaussians_dnerf/bending - INFO - Iteration 2300 - stage: coarse, loss: 0.017716849222779274, ema_loss: 0.02592948328934062, psnr: 20.27283477783203, ema_psnr: 18.77053494489844, total_points: 10141, l1_loss: 0.017716849222779274, elapsed_time: 3.848191976547241
2025-07-30 03:59:30,866 - 4DGaussians_dnerf/bending - INFO - Iteration 2400 - stage: coarse, loss: 0.050709884613752365, ema_loss: 0.03435109207837012, psnr: 15.031244277954102, ema_psnr: 18.060598208172664, total_points: 10598, l1_loss: 0.050709884613752365, elapsed_time: 3.5
2025-07-30 03:59:34,840 - 4DGaussians_dnerf/bending - INFO - Iteration 2500 - stage: coarse, loss: 0.045976199209690094, ema_loss: 0.037849102274017256, psnr: 15.461559295654297, ema_psnr: 17.08974717403764, total_points: 11042, l1_loss: 0.045976199209690094, elapsed_time: 3.6229119300842285
2025-07-30 03:59:37,765 - 4DGaussians_dnerf/bending - INFO - Iteration 2600 - stage: coarse, loss: 0.022483276203274727, ema_loss: 0.023512473027857285, psnr: 19.531646728515625, ema_psnr: 19.13228244794534, total_points: 11415, l1_loss: 0.022483276203274727, elapsed_time: 3.8246400356292725
2025-07-30 03:59:41,739 - 4DGaussians_dnerf/bending - INFO - Iteration 2700 - stage: coarse, loss: 0.030734842643141747, ema_loss: 0.02531185768461943, psnr: 17.656600952148438, ema_psnr: 19.344059727909794, total_points: 11773, l1_loss: 0.030734842643141747, elapsed_time: 3.9381120204925537
2025-07-30 03:59:45,341 - 4DGaussians_dnerf/bending - INFO - Iteration 2800 - stage: coarse, loss: 0.028142575174570084, ema_loss: 0.027173492955917564, psnr: 18.49401092529297, ema_psnr: 18.84281094089635, total_points: 12177, l1_loss: 0.028142575174570084, elapsed_time: 3.7038400173187256
2025-07-30 03:59:49,162 - 4DGaussians_dnerf/bending - INFO - Iteration 2900 - stage: coarse, loss: 0.014973555691540241, ema_loss: 0.02969133479403157, psnr: 23.51142692565918, ema_psnr: 19.457054645234322, total_points: 12727, l1_loss: 0.014973555691540241, elapsed_time: 3.752959966659546
2025-07-30 03:59:52,233 - 4DGaussians_dnerf/bending - INFO - Iteration 3000 - stage: coarse, loss: 0.017626013606786728, ema_loss: 0.01905495100817915, psnr: 20.275270462036133, ema_psnr: 20.344446078125202, total_points: 13018, l1_loss: 0.017626013606786728, elapsed_time: 4.040863990783691
2025-07-30 03:59:52,953 - 4DGaussians_dnerf/bending - INFO - 🔄 开始精细训练阶段
2025-07-30 04:00:30,082 - 4DGaussians_dnerf/bending - INFO - Iteration 100 - stage: fine, loss: 0.026976177468895912, ema_loss: 0.027707041854445485, psnr: 18.569515228271484, ema_psnr: 18.416760874597536, total_points: 13265, l1_loss: 0.026976177468895912, elapsed_time: 181.99142456054688
2025-07-30 04:00:54,151 - 4DGaussians_dnerf/bending - INFO - Iteration 200 - stage: fine, loss: 0.012771529145538807, ema_loss: 0.02178247986916515, psnr: 22.655153274536133, ema_psnr: 20.247648718928247, total_points: 13265, l1_loss: 0.012771529145538807, elapsed_time: 182.52102661132812
2025-07-30 04:01:18,206 - 4DGaussians_dnerf/bending - INFO - Iteration 300 - stage: fine, loss: 0.015885431319475174, ema_loss: 0.019908252182656662, psnr: 21.846391677856445, ema_psnr: 20.479613630511167, total_points: 13265, l1_loss: 0.015885431319475174, elapsed_time: 182.614013671875
2025-07-30 04:01:42,248 - 4DGaussians_dnerf/bending - INFO - Iteration 400 - stage: fine, loss: 0.017712095752358437, ema_loss: 0.02224712655779896, psnr: 19.94755744934082, ema_psnr: 19.416352346574705, total_points: 13265, l1_loss: 0.017712095752358437, elapsed_time: 182.2801971435547
2025-07-30 04:02:06,289 - 4DGaussians_dnerf/bending - INFO - Iteration 500 - stage: fine, loss: 0.032068341970443726, ema_loss: 0.025972630961904088, psnr: 17.247304916381836, ema_psnr: 18.7024072541057, total_points: 13265, l1_loss: 0.032068341970443726, elapsed_time: 182.2373046875
2025-07-30 04:02:30,325 - 4DGaussians_dnerf/bending - INFO - Iteration 600 - stage: fine, loss: 0.03146367520093918, ema_loss: 0.03411215183614327, psnr: 17.652999877929688, ema_psnr: 17.68718855044469, total_points: 13265, l1_loss: 0.03146367520093918, elapsed_time: 181.78866577148438
2025-07-30 04:02:54,348 - 4DGaussians_dnerf/bending - INFO - Iteration 700 - stage: fine, loss: 0.03552169352769852, ema_loss: 0.03218057379904207, psnr: 16.98484992980957, ema_psnr: 18.135974023475256, total_points: 13265, l1_loss: 0.03552169352769852, elapsed_time: 182.13270568847656
2025-07-30 04:03:18,367 - 4DGaussians_dnerf/bending - INFO - Iteration 800 - stage: fine, loss: 0.012004947289824486, ema_loss: 0.017123196738173235, psnr: 22.861568450927734, ema_psnr: 21.073121257691614, total_points: 13282, l1_loss: 0.012004947289824486, elapsed_time: 181.6299591064453
2025-07-30 04:03:42,378 - 4DGaussians_dnerf/bending - INFO - Iteration 900 - stage: fine, loss: 0.02064557932317257, ema_loss: 0.02217337110596465, psnr: 20.098371505737305, ema_psnr: 20.011924736534148, total_points: 13300, l1_loss: 0.02064557932317257, elapsed_time: 181.9893798828125
2025-07-30 04:04:06,383 - 4DGaussians_dnerf/bending - INFO - Iteration 1000 - stage: fine, loss: 0.015625379979610443, ema_loss: 0.017428069641027454, psnr: 20.445873260498047, ema_psnr: 20.573469922631798, total_points: 13316, l1_loss: 0.015625379979610443, elapsed_time: 181.84498596191406
2025-07-30 04:04:32,172 - 4DGaussians_dnerf/bending - INFO - Iteration 1100 - stage: fine, loss: 0.03567066788673401, ema_loss: 0.026330995526079877, psnr: 16.612274169921875, ema_psnr: 18.912183356379465, total_points: 13341, l1_loss: 0.03567066788673401, elapsed_time: 182.99392700195312
2025-07-30 04:04:56,182 - 4DGaussians_dnerf/bending - INFO - Iteration 1200 - stage: fine, loss: 0.04131382331252098, ema_loss: 0.028021102990178536, psnr: 16.284252166748047, ema_psnr: 19.256131838776422, total_points: 13615, l1_loss: 0.04131382331252098, elapsed_time: 182.3416290283203
2025-07-30 04:05:20,179 - 4DGaussians_dnerf/bending - INFO - Iteration 1300 - stage: fine, loss: 0.014636422507464886, ema_loss: 0.01943703094448435, psnr: 22.651081085205078, ema_psnr: 20.98692357952912, total_points: 13699, l1_loss: 0.014636422507464886, elapsed_time: 181.7139129638672
2025-07-30 04:05:44,180 - 4DGaussians_dnerf/bending - INFO - Iteration 1400 - stage: fine, loss: 0.03232128545641899, ema_loss: 0.02398907080960666, psnr: 17.51869773864746, ema_psnr: 19.899956457929477, total_points: 13797, l1_loss: 0.03232128545641899, elapsed_time: 182.43685913085938
2025-07-30 04:06:08,201 - 4DGaussians_dnerf/bending - INFO - Iteration 1500 - stage: fine, loss: 0.03513865917921066, ema_loss: 0.027853316556216548, psnr: 17.465980529785156, ema_psnr: 18.782090462938513, total_points: 13895, l1_loss: 0.03513865917921066, elapsed_time: 181.7559051513672
2025-07-30 04:06:32,298 - 4DGaussians_dnerf/bending - INFO - Iteration 1600 - stage: fine, loss: 0.02222825028002262, ema_loss: 0.025622631156523537, psnr: 19.997787475585938, ema_psnr: 19.93044302942714, total_points: 14046, l1_loss: 0.02222825028002262, elapsed_time: 183.28883361816406
2025-07-30 04:06:56,440 - 4DGaussians_dnerf/bending - INFO - Iteration 1700 - stage: fine, loss: 0.010989685542881489, ema_loss: 0.020885383511979026, psnr: 24.265663146972656, ema_psnr: 20.933618297436475, total_points: 14415, l1_loss: 0.010989685542881489, elapsed_time: 183.0893096923828
2025-07-30 04:07:20,620 - 4DGaussians_dnerf/bending - INFO - Iteration 1800 - stage: fine, loss: 0.023112207651138306, ema_loss: 0.027958996725900208, psnr: 19.817964553833008, ema_psnr: 18.846908807812696, total_points: 14842, l1_loss: 0.023112207651138306, elapsed_time: 183.69126892089844
2025-07-30 04:07:44,730 - 4DGaussians_dnerf/bending - INFO - Iteration 1900 - stage: fine, loss: 0.03620075061917305, ema_loss: 0.037396636826519974, psnr: 17.077133178710938, ema_psnr: 17.302169650813028, total_points: 15324, l1_loss: 0.03620075061917305, elapsed_time: 182.61605834960938
2025-07-30 04:08:08,937 - 4DGaussians_dnerf/bending - INFO - Iteration 2000 - stage: fine, loss: 0.02549303136765957, ema_loss: 0.020711754489321502, psnr: 18.64580535888672, ema_psnr: 20.448931274523908, total_points: 15773, l1_loss: 0.02549303136765957, elapsed_time: 183.9279327392578
2025-07-30 04:08:33,215 - 4DGaussians_dnerf/bending - INFO - Iteration 2100 - stage: fine, loss: 0.010681490413844585, ema_loss: 0.019910189971142356, psnr: 24.292516708374023, ema_psnr: 21.792750884018922, total_points: 16302, l1_loss: 0.010681490413844585, elapsed_time: 184.80860900878906
2025-07-30 04:08:57,513 - 4DGaussians_dnerf/bending - INFO - Iteration 2200 - stage: fine, loss: 0.03815077245235443, ema_loss: 0.025384487787331968, psnr: 16.880281448364258, ema_psnr: 20.261318082575787, total_points: 16853, l1_loss: 0.03815077245235443, elapsed_time: 184.85757446289062
2025-07-30 04:09:21,838 - 4DGaussians_dnerf/bending - INFO - Iteration 2300 - stage: fine, loss: 0.01932709291577339, ema_loss: 0.020301188450642677, psnr: 20.620824813842773, ema_psnr: 20.582007780305986, total_points: 17434, l1_loss: 0.01932709291577339, elapsed_time: 184.45925903320312
2025-07-30 04:09:46,164 - 4DGaussians_dnerf/bending - INFO - Iteration 2400 - stage: fine, loss: 0.0382077656686306, ema_loss: 0.02409484622351676, psnr: 15.202909469604492, ema_psnr: 19.786801684507004, total_points: 17945, l1_loss: 0.0382077656686306, elapsed_time: 184.83212280273438
2025-07-30 04:10:10,532 - 4DGaussians_dnerf/bending - INFO - Iteration 2500 - stage: fine, loss: 0.013015752658247948, ema_loss: 0.018915652873145325, psnr: 22.349258422851562, ema_psnr: 20.82011248228989, total_points: 18456, l1_loss: 0.013015752658247948, elapsed_time: 185.46585083007812
2025-07-30 04:10:35,096 - 4DGaussians_dnerf/bending - INFO - Iteration 2600 - stage: fine, loss: 0.012107142247259617, ema_loss: 0.01579993562213542, psnr: 23.57544708251953, ema_psnr: 22.38744840847471, total_points: 19003, l1_loss: 0.012107142247259617, elapsed_time: 187.5118408203125
2025-07-30 04:10:59,729 - 4DGaussians_dnerf/bending - INFO - Iteration 2700 - stage: fine, loss: 0.020783549174666405, ema_loss: 0.021264863011889287, psnr: 19.8378963470459, ema_psnr: 20.411058716125076, total_points: 19571, l1_loss: 0.020783549174666405, elapsed_time: 188.2961883544922
2025-07-30 04:11:24,306 - 4DGaussians_dnerf/bending - INFO - Iteration 2800 - stage: fine, loss: 0.017596937716007233, ema_loss: 0.015027863495729547, psnr: 21.176986694335938, ema_psnr: 22.176609433420914, total_points: 20205, l1_loss: 0.017596937716007233, elapsed_time: 187.2762908935547
2025-07-30 04:11:48,950 - 4DGaussians_dnerf/bending - INFO - Iteration 2900 - stage: fine, loss: 0.0140906423330307, ema_loss: 0.02530380222064647, psnr: 22.220029830932617, ema_psnr: 19.80127304725366, total_points: 20493, l1_loss: 0.0140906423330307, elapsed_time: 187.82310485839844
2025-07-30 04:12:13,656 - 4DGaussians_dnerf/bending - INFO - Iteration 3000 - stage: fine, loss: 0.04654219374060631, ema_loss: 0.03065480709719169, psnr: 15.551920890808105, ema_psnr: 19.529433964370416, total_points: 20933, l1_loss: 0.04654219374060631, elapsed_time: 188.65664672851562
2025-07-30 04:12:39,563 - 4DGaussians_dnerf/bending - INFO - Iteration 3100 - stage: fine, loss: 0.01850198581814766, ema_loss: 0.020028878209550363, psnr: 20.545204162597656, ema_psnr: 20.665852723205546, total_points: 21445, l1_loss: 0.01850198581814766, elapsed_time: 188.68634033203125
2025-07-30 04:13:04,303 - 4DGaussians_dnerf/bending - INFO - Iteration 3200 - stage: fine, loss: 0.04032434523105621, ema_loss: 0.032754723354555926, psnr: 16.48554801940918, ema_psnr: 17.999811244450385, total_points: 21668, l1_loss: 0.04032434523105621, elapsed_time: 190.0595245361328
2025-07-30 04:13:29,100 - 4DGaussians_dnerf/bending - INFO - Iteration 3300 - stage: fine, loss: 0.03495218604803085, ema_loss: 0.024055132909663296, psnr: 17.167877197265625, ema_psnr: 20.478830099956557, total_points: 22345, l1_loss: 0.03495218604803085, elapsed_time: 189.8209228515625
2025-07-30 04:13:53,862 - 4DGaussians_dnerf/bending - INFO - Iteration 3400 - stage: fine, loss: 0.03779754787683487, ema_loss: 0.023511188240854637, psnr: 16.71685791015625, ema_psnr: 20.381631584938596, total_points: 22988, l1_loss: 0.03779754787683487, elapsed_time: 188.9649658203125
2025-07-30 04:14:18,674 - 4DGaussians_dnerf/bending - INFO - Iteration 3500 - stage: fine, loss: 0.011650980450212955, ema_loss: 0.027594750296425788, psnr: 24.32394790649414, ema_psnr: 19.722361192331746, total_points: 23335, l1_loss: 0.011650980450212955, elapsed_time: 189.44921875
2025-07-30 04:14:43,531 - 4DGaussians_dnerf/bending - INFO - Iteration 3600 - stage: fine, loss: 0.03181996941566467, ema_loss: 0.02394219933600006, psnr: 18.09288215637207, ema_psnr: 19.87229686807683, total_points: 23678, l1_loss: 0.03181996941566467, elapsed_time: 189.78201293945312
2025-07-30 04:15:08,449 - 4DGaussians_dnerf/bending - INFO - Iteration 3700 - stage: fine, loss: 0.044509515166282654, ema_loss: 0.03452935994174913, psnr: 15.974739074707031, ema_psnr: 17.523537146642447, total_points: 24073, l1_loss: 0.044509515166282654, elapsed_time: 191.30674743652344
2025-07-30 04:15:33,394 - 4DGaussians_dnerf/bending - INFO - Iteration 3800 - stage: fine, loss: 0.02838969975709915, ema_loss: 0.020088104956516223, psnr: 17.939115524291992, ema_psnr: 20.84806383103198, total_points: 24669, l1_loss: 0.02838969975709915, elapsed_time: 191.48902893066406
2025-07-30 04:15:58,374 - 4DGaussians_dnerf/bending - INFO - Iteration 3900 - stage: fine, loss: 0.02775476686656475, ema_loss: 0.02843343027662005, psnr: 18.28194808959961, ema_psnr: 18.53673372118148, total_points: 25030, l1_loss: 0.02775476686656475, elapsed_time: 191.26988220214844
2025-07-30 04:16:23,417 - 4DGaussians_dnerf/bending - INFO - Iteration 4000 - stage: fine, loss: 0.012589304707944393, ema_loss: 0.01803812019575703, psnr: 23.205638885498047, ema_psnr: 21.751820228911942, total_points: 25367, l1_loss: 0.012589304707944393, elapsed_time: 191.75628662109375
2025-07-30 04:16:48,520 - 4DGaussians_dnerf/bending - INFO - Iteration 4100 - stage: fine, loss: 0.04370270296931267, ema_loss: 0.03424809644176989, psnr: 16.401540756225586, ema_psnr: 18.0569939075601, total_points: 25892, l1_loss: 0.04370270296931267, elapsed_time: 193.18272399902344
2025-07-30 04:17:13,674 - 4DGaussians_dnerf/bending - INFO - Iteration 4200 - stage: fine, loss: 0.02429497055709362, ema_loss: 0.03247392761255283, psnr: 19.36475944519043, ema_psnr: 18.021412536495045, total_points: 26546, l1_loss: 0.02429497055709362, elapsed_time: 193.0260467529297
2025-07-30 04:17:38,811 - 4DGaussians_dnerf/bending - INFO - Iteration 4300 - stage: fine, loss: 0.013510067947208881, ema_loss: 0.023036271257009307, psnr: 23.093271255493164, ema_psnr: 20.66576655033966, total_points: 27182, l1_loss: 0.013510067947208881, elapsed_time: 192.7342071533203
2025-07-30 04:18:03,992 - 4DGaussians_dnerf/bending - INFO - Iteration 4400 - stage: fine, loss: 0.009312820620834827, ema_loss: 0.018813462346270265, psnr: 26.48855209350586, ema_psnr: 22.425909129033748, total_points: 27669, l1_loss: 0.009312820620834827, elapsed_time: 193.31686401367188
2025-07-30 04:18:29,310 - 4DGaussians_dnerf/bending - INFO - Iteration 4500 - stage: fine, loss: 0.03380932658910751, ema_loss: 0.025051481206450274, psnr: 17.57693099975586, ema_psnr: 19.556741723468022, total_points: 28160, l1_loss: 0.03380932658910751, elapsed_time: 195.1171875
2025-07-30 04:18:54,760 - 4DGaussians_dnerf/bending - INFO - Iteration 4600 - stage: fine, loss: 0.035634610801935196, ema_loss: 0.026332802579382995, psnr: 17.007312774658203, ema_psnr: 19.238045813949775, total_points: 28550, l1_loss: 0.035634610801935196, elapsed_time: 196.39193725585938
2025-07-30 04:19:20,205 - 4DGaussians_dnerf/bending - INFO - Iteration 4700 - stage: fine, loss: 0.025512559339404106, ema_loss: 0.02258871669941385, psnr: 18.916622161865234, ema_psnr: 19.926738028047694, total_points: 29108, l1_loss: 0.025512559339404106, elapsed_time: 195.68435668945312
2025-07-30 04:19:45,701 - 4DGaussians_dnerf/bending - INFO - Iteration 4800 - stage: fine, loss: 0.036357223987579346, ema_loss: 0.03442638295572723, psnr: 17.195602416992188, ema_psnr: 17.535933766181532, total_points: 29634, l1_loss: 0.036357223987579346, elapsed_time: 196.83226013183594
2025-07-30 04:20:11,235 - 4DGaussians_dnerf/bending - INFO - Iteration 4900 - stage: fine, loss: 0.03685728833079338, ema_loss: 0.02909322073762814, psnr: 17.27075958251953, ema_psnr: 19.421638938259296, total_points: 30180, l1_loss: 0.03685728833079338, elapsed_time: 196.8006134033203
2025-07-30 04:20:36,809 - 4DGaussians_dnerf/bending - INFO - Iteration 5000 - stage: fine, loss: 0.045883405953645706, ema_loss: 0.03313433981108735, psnr: 15.562514305114746, ema_psnr: 18.41715017360371, total_points: 30720, l1_loss: 0.045883405953645706, elapsed_time: 197.54495239257812
2025-07-30 04:21:03,611 - 4DGaussians_dnerf/bending - INFO - Iteration 5100 - stage: fine, loss: 0.012630120851099491, ema_loss: 0.022836446222519482, psnr: 22.941434860229492, ema_psnr: 20.485230319910027, total_points: 31063, l1_loss: 0.012630120851099491, elapsed_time: 198.614013671875
2025-07-30 04:21:29,309 - 4DGaussians_dnerf/bending - INFO - Iteration 5200 - stage: fine, loss: 0.014934477396309376, ema_loss: 0.024258679688216045, psnr: 21.577747344970703, ema_psnr: 19.83054145699971, total_points: 31601, l1_loss: 0.014934477396309376, elapsed_time: 198.70208740234375
2025-07-30 04:21:55,049 - 4DGaussians_dnerf/bending - INFO - Iteration 5300 - stage: fine, loss: 0.03680592030286789, ema_loss: 0.034649746239207045, psnr: 17.421546936035156, ema_psnr: 17.66989905662988, total_points: 31830, l1_loss: 0.03680592030286789, elapsed_time: 198.4901123046875
2025-07-30 04:22:20,836 - 4DGaussians_dnerf/bending - INFO - Iteration 5400 - stage: fine, loss: 0.01248226873576641, ema_loss: 0.023970612582985083, psnr: 23.38038444519043, ema_psnr: 20.31257546792766, total_points: 32333, l1_loss: 0.01248226873576641, elapsed_time: 199.8407745361328
2025-07-30 04:22:46,633 - 4DGaussians_dnerf/bending - INFO - Iteration 5500 - stage: fine, loss: 0.0184155385941267, ema_loss: 0.018402386396833274, psnr: 20.558509826660156, ema_psnr: 21.06547583250518, total_points: 32847, l1_loss: 0.0184155385941267, elapsed_time: 199.6451873779297
2025-07-30 04:23:12,439 - 4DGaussians_dnerf/bending - INFO - Iteration 5600 - stage: fine, loss: 0.029269030317664146, ema_loss: 0.021703296639866622, psnr: 18.060516357421875, ema_psnr: 20.637002326068014, total_points: 33046, l1_loss: 0.029269030317664146, elapsed_time: 200.1694793701172
2025-07-30 04:23:38,231 - 4DGaussians_dnerf/bending - INFO - Iteration 5700 - stage: fine, loss: 0.018165262416005135, ema_loss: 0.023715782665684894, psnr: 20.616477966308594, ema_psnr: 19.604941881790523, total_points: 33208, l1_loss: 0.018165262416005135, elapsed_time: 200.03021240234375
2025-07-30 04:24:04,056 - 4DGaussians_dnerf/bending - INFO - Iteration 5800 - stage: fine, loss: 0.011667261831462383, ema_loss: 0.011757096007001408, psnr: 24.883060455322266, ema_psnr: 24.090278467098862, total_points: 33343, l1_loss: 0.011667261831462383, elapsed_time: 199.23455810546875
2025-07-30 04:24:29,881 - 4DGaussians_dnerf/bending - INFO - Iteration 5900 - stage: fine, loss: 0.03284129872918129, ema_loss: 0.021917504948508484, psnr: 17.669179916381836, ema_psnr: 20.60506481700275, total_points: 33489, l1_loss: 0.03284129872918129, elapsed_time: 199.77113342285156
2025-07-30 04:24:55,761 - 4DGaussians_dnerf/bending - INFO - Iteration 6000 - stage: fine, loss: 0.029440006241202354, ema_loss: 0.027306549921396694, psnr: 18.442392349243164, ema_psnr: 19.453691282213363, total_points: 33614, l1_loss: 0.029440006241202354, elapsed_time: 200.5524444580078
2025-07-30 04:25:21,632 - 4DGaussians_dnerf/bending - INFO - Iteration 6100 - stage: fine, loss: 0.009073426946997643, ema_loss: 0.02006290870789392, psnr: 24.81151580810547, ema_psnr: 21.381231199177854, total_points: 33964, l1_loss: 0.009073426946997643, elapsed_time: 200.3230743408203
2025-07-30 04:25:47,498 - 4DGaussians_dnerf/bending - INFO - Iteration 6200 - stage: fine, loss: 0.04404478520154953, ema_loss: 0.02847379399414151, psnr: 16.194168090820312, ema_psnr: 19.42484025034235, total_points: 34195, l1_loss: 0.04404478520154953, elapsed_time: 200.40908813476562
2025-07-30 04:26:13,382 - 4DGaussians_dnerf/bending - INFO - Iteration 6300 - stage: fine, loss: 0.012878618203103542, ema_loss: 0.01542148202392723, psnr: 23.092979431152344, ema_psnr: 22.049553403324992, total_points: 34856, l1_loss: 0.012878618203103542, elapsed_time: 200.77072143554688
2025-07-30 04:26:39,315 - 4DGaussians_dnerf/bending - INFO - Iteration 6400 - stage: fine, loss: 0.022514354437589645, ema_loss: 0.01782832037700435, psnr: 19.678478240966797, ema_psnr: 21.21161545352928, total_points: 35359, l1_loss: 0.022514354437589645, elapsed_time: 201.4187469482422
2025-07-30 04:27:05,288 - 4DGaussians_dnerf/bending - INFO - Iteration 6500 - stage: fine, loss: 0.03799544647336006, ema_loss: 0.03140921165023104, psnr: 16.677661895751953, ema_psnr: 18.33360951177963, total_points: 35725, l1_loss: 0.03799544647336006, elapsed_time: 201.2395477294922
2025-07-30 04:27:31,288 - 4DGaussians_dnerf/bending - INFO - Iteration 6600 - stage: fine, loss: 0.04357713460922241, ema_loss: 0.0321096172360699, psnr: 16.0959415435791, ema_psnr: 18.511742269585056, total_points: 36012, l1_loss: 0.04357713460922241, elapsed_time: 201.7423095703125
2025-07-30 04:27:57,295 - 4DGaussians_dnerf/bending - INFO - Iteration 6700 - stage: fine, loss: 0.013219584710896015, ema_loss: 0.022715270822723697, psnr: 23.315521240234375, ema_psnr: 20.790950500852595, total_points: 36513, l1_loss: 0.013219584710896015, elapsed_time: 200.68453979492188
2025-07-30 04:28:23,344 - 4DGaussians_dnerf/bending - INFO - Iteration 6800 - stage: fine, loss: 0.01048219297081232, ema_loss: 0.01303167953304472, psnr: 24.64065170288086, ema_psnr: 23.713513264608054, total_points: 37008, l1_loss: 0.01048219297081232, elapsed_time: 202.93228149414062
2025-07-30 04:28:49,572 - 4DGaussians_dnerf/bending - INFO - Iteration 6900 - stage: fine, loss: 0.00915798544883728, ema_loss: 0.022525229183222337, psnr: 24.647937774658203, ema_psnr: 20.800167966191225, total_points: 37562, l1_loss: 0.00915798544883728, elapsed_time: 204.4058837890625
2025-07-30 04:29:15,884 - 4DGaussians_dnerf/bending - INFO - Iteration 7000 - stage: fine, loss: 0.012586761265993118, ema_loss: 0.01888660466709914, psnr: 22.814207077026367, ema_psnr: 21.736883264969922, total_points: 38218, l1_loss: 0.012586761265993118, elapsed_time: 205.5556182861328
2025-07-30 04:29:43,569 - 4DGaussians_dnerf/bending - INFO - Iteration 7100 - stage: fine, loss: 0.009713138453662395, ema_loss: 0.02271074471103898, psnr: 24.68871307373047, ema_psnr: 20.579422293826095, total_points: 38796, l1_loss: 0.009713138453662395, elapsed_time: 206.6227264404297
2025-07-30 04:30:10,085 - 4DGaussians_dnerf/bending - INFO - Iteration 7200 - stage: fine, loss: 0.01208165381103754, ema_loss: 0.0197751562771872, psnr: 23.91971206665039, ema_psnr: 21.385599029041696, total_points: 39389, l1_loss: 0.01208165381103754, elapsed_time: 206.4159393310547
2025-07-30 04:30:36,707 - 4DGaussians_dnerf/bending - INFO - Iteration 7300 - stage: fine, loss: 0.037262242287397385, ema_loss: 0.034505315160754176, psnr: 16.734365463256836, ema_psnr: 17.522260119262494, total_points: 40058, l1_loss: 0.037262242287397385, elapsed_time: 208.40960693359375
2025-07-30 04:31:03,372 - 4DGaussians_dnerf/bending - INFO - Iteration 7400 - stage: fine, loss: 0.024112673476338387, ema_loss: 0.022326197177577528, psnr: 19.3770751953125, ema_psnr: 20.46310834231963, total_points: 40659, l1_loss: 0.024112673476338387, elapsed_time: 208.1464385986328
2025-07-30 04:31:30,100 - 4DGaussians_dnerf/bending - INFO - Iteration 7500 - stage: fine, loss: 0.03376317024230957, ema_loss: 0.02724255847188045, psnr: 17.256961822509766, ema_psnr: 18.91043050549365, total_points: 41270, l1_loss: 0.03376317024230957, elapsed_time: 209.21359252929688
2025-07-30 04:31:56,927 - 4DGaussians_dnerf/bending - INFO - Iteration 7600 - stage: fine, loss: 0.04165983200073242, ema_loss: 0.032330968233244356, psnr: 16.684926986694336, ema_psnr: 18.303146272341536, total_points: 41603, l1_loss: 0.04165983200073242, elapsed_time: 209.50527954101562
2025-07-30 04:32:23,780 - 4DGaussians_dnerf/bending - INFO - Iteration 7700 - stage: fine, loss: 0.011942361481487751, ema_loss: 0.016776480512373237, psnr: 22.66160774230957, ema_psnr: 21.90711163013963, total_points: 41826, l1_loss: 0.011942361481487751, elapsed_time: 210.57740783691406
2025-07-30 04:32:50,598 - 4DGaussians_dnerf/bending - INFO - Iteration 7800 - stage: fine, loss: 0.0351143553853035, ema_loss: 0.03510393642058345, psnr: 16.668994903564453, ema_psnr: 17.195618863480746, total_points: 42080, l1_loss: 0.0351143553853035, elapsed_time: 209.78175354003906
2025-07-30 04:33:17,484 - 4DGaussians_dnerf/bending - INFO - Iteration 7900 - stage: fine, loss: 0.03877866268157959, ema_loss: 0.024770843086368795, psnr: 17.005287170410156, ema_psnr: 20.252188560629783, total_points: 42414, l1_loss: 0.03877866268157959, elapsed_time: 209.80531311035156
2025-07-30 04:33:44,434 - 4DGaussians_dnerf/bending - INFO - Iteration 8000 - stage: fine, loss: 0.00989457406103611, ema_loss: 0.022502245871854537, psnr: 24.21033477783203, ema_psnr: 20.645133076991918, total_points: 42919, l1_loss: 0.00989457406103611, elapsed_time: 212.103271484375
2025-07-30 04:34:11,469 - 4DGaussians_dnerf/bending - INFO - Iteration 8100 - stage: fine, loss: 0.01282536517828703, ema_loss: 0.01497854792492082, psnr: 22.490036010742188, ema_psnr: 22.867622528693012, total_points: 43445, l1_loss: 0.01282536517828703, elapsed_time: 212.39109802246094
2025-07-30 04:34:38,543 - 4DGaussians_dnerf/bending - INFO - Iteration 8200 - stage: fine, loss: 0.013063241727650166, ema_loss: 0.018262959694381152, psnr: 22.447593688964844, ema_psnr: 21.523107815199438, total_points: 44030, l1_loss: 0.013063241727650166, elapsed_time: 212.495361328125
2025-07-30 04:35:05,666 - 4DGaussians_dnerf/bending - INFO - Iteration 8300 - stage: fine, loss: 0.03943281248211861, ema_loss: 0.023560658596998296, psnr: 16.830530166625977, ema_psnr: 20.521365237672907, total_points: 44418, l1_loss: 0.03943281248211861, elapsed_time: 212.8291778564453
2025-07-30 04:35:32,861 - 4DGaussians_dnerf/bending - INFO - Iteration 8400 - stage: fine, loss: 0.015955381095409393, ema_loss: 0.0213938726859249, psnr: 21.54071044921875, ema_psnr: 20.110167400106448, total_points: 44900, l1_loss: 0.015955381095409393, elapsed_time: 214.51263427734375
2025-07-30 04:36:00,083 - 4DGaussians_dnerf/bending - INFO - Iteration 8500 - stage: fine, loss: 0.04447484388947487, ema_loss: 0.03259139838516942, psnr: 15.9573974609375, ema_psnr: 18.63448894063677, total_points: 45519, l1_loss: 0.04447484388947487, elapsed_time: 213.712890625
2025-07-30 04:36:27,336 - 4DGaussians_dnerf/bending - INFO - Iteration 8600 - stage: fine, loss: 0.032360199838876724, ema_loss: 0.025586760114591746, psnr: 17.339691162109375, ema_psnr: 19.235138076581016, total_points: 45793, l1_loss: 0.032360199838876724, elapsed_time: 213.9095001220703
2025-07-30 04:36:54,598 - 4DGaussians_dnerf/bending - INFO - Iteration 8700 - stage: fine, loss: 0.021932953968644142, ema_loss: 0.027341174922640845, psnr: 19.90943145751953, ema_psnr: 18.925167960972537, total_points: 45968, l1_loss: 0.021932953968644142, elapsed_time: 213.89503479003906
2025-07-30 04:37:22,083 - 4DGaussians_dnerf/bending - INFO - Iteration 8800 - stage: fine, loss: 0.05033965781331062, ema_loss: 0.032819732139304225, psnr: 15.332798957824707, ema_psnr: 18.447096722737918, total_points: 46462, l1_loss: 0.05033965781331062, elapsed_time: 216.92825317382812
2025-07-30 04:37:49,585 - 4DGaussians_dnerf/bending - INFO - Iteration 8900 - stage: fine, loss: 0.012641215696930885, ema_loss: 0.017007765332016984, psnr: 23.60246467590332, ema_psnr: 22.117444153097026, total_points: 46924, l1_loss: 0.012641215696930885, elapsed_time: 216.2513885498047
2025-07-30 04:38:17,190 - 4DGaussians_dnerf/bending - INFO - Iteration 9000 - stage: fine, loss: 0.008568435907363892, ema_loss: 0.011102594560048543, psnr: 26.147624969482422, ema_psnr: 24.712223591132787, total_points: 47534, l1_loss: 0.008568435907363892, elapsed_time: 217.5641632080078
2025-07-30 04:38:44,841 - 4DGaussians_dnerf/bending - INFO - Iteration 9100 - stage: fine, loss: 0.051768943667411804, ema_loss: 0.036197040146232845, psnr: 15.07895278930664, ema_psnr: 17.505604255509148, total_points: 48158, l1_loss: 0.051768943667411804, elapsed_time: 218.63833618164062
2025-07-30 04:39:12,523 - 4DGaussians_dnerf/bending - INFO - Iteration 9200 - stage: fine, loss: 0.009783742018043995, ema_loss: 0.02012687769910238, psnr: 25.255739212036133, ema_psnr: 21.360278005240176, total_points: 48361, l1_loss: 0.009783742018043995, elapsed_time: 217.62867736816406
2025-07-30 04:39:40,282 - 4DGaussians_dnerf/bending - INFO - Iteration 9300 - stage: fine, loss: 0.03172674402594566, ema_loss: 0.026299096962715693, psnr: 17.884323120117188, ema_psnr: 19.07601449416423, total_points: 49113, l1_loss: 0.03172674402594566, elapsed_time: 219.27833557128906
2025-07-30 04:40:08,148 - 4DGaussians_dnerf/bending - INFO - Iteration 9400 - stage: fine, loss: 0.05336032807826996, ema_loss: 0.035101200756854654, psnr: 15.081899642944336, ema_psnr: 18.31721712747797, total_points: 49877, l1_loss: 0.05336032807826996, elapsed_time: 220.3381805419922
2025-07-30 04:40:36,040 - 4DGaussians_dnerf/bending - INFO - Iteration 9500 - stage: fine, loss: 0.01387310866266489, ema_loss: 0.014177016598242847, psnr: 23.588869094848633, ema_psnr: 23.181502476757732, total_points: 50579, l1_loss: 0.01387310866266489, elapsed_time: 219.83436584472656
2025-07-30 04:41:04,010 - 4DGaussians_dnerf/bending - INFO - Iteration 9600 - stage: fine, loss: 0.045377738773822784, ema_loss: 0.030497721430323203, psnr: 15.809812545776367, ema_psnr: 19.22207615474728, total_points: 51306, l1_loss: 0.045377738773822784, elapsed_time: 221.84652709960938
2025-07-30 04:41:32,012 - 4DGaussians_dnerf/bending - INFO - Iteration 9700 - stage: fine, loss: 0.030021164566278458, ema_loss: 0.023325632803096817, psnr: 17.296669006347656, ema_psnr: 20.090268027930264, total_points: 52075, l1_loss: 0.030021164566278458, elapsed_time: 220.97203063964844
2025-07-30 04:41:59,984 - 4DGaussians_dnerf/bending - INFO - Iteration 9800 - stage: fine, loss: 0.010364132933318615, ema_loss: 0.01570868802456618, psnr: 23.650108337402344, ema_psnr: 22.369383026056486, total_points: 52792, l1_loss: 0.010364132933318615, elapsed_time: 221.36831665039062
2025-07-30 04:42:27,996 - 4DGaussians_dnerf/bending - INFO - Iteration 9900 - stage: fine, loss: 0.02731562964618206, ema_loss: 0.023741172927944455, psnr: 18.321962356567383, ema_psnr: 19.45023247107278, total_points: 53032, l1_loss: 0.02731562964618206, elapsed_time: 221.1807098388672
2025-07-30 04:42:56,003 - 4DGaussians_dnerf/bending - INFO - Iteration 10000 - stage: fine, loss: 0.00919247791171074, ema_loss: 0.015246917349198377, psnr: 25.33413314819336, ema_psnr: 22.61220935236158, total_points: 53247, l1_loss: 0.00919247791171074, elapsed_time: 222.28480529785156
2025-07-30 04:43:25,488 - 4DGaussians_dnerf/bending - INFO - Iteration 10100 - stage: fine, loss: 0.04952745884656906, ema_loss: 0.036071786163408504, psnr: 15.2750883102417, ema_psnr: 17.831150680041915, total_points: 53645, l1_loss: 0.04952745884656906, elapsed_time: 221.7481231689453
2025-07-30 04:43:53,562 - 4DGaussians_dnerf/bending - INFO - Iteration 10200 - stage: fine, loss: 0.0502144917845726, ema_loss: 0.03529249961644994, psnr: 15.651755332946777, ema_psnr: 17.98837661659039, total_points: 54120, l1_loss: 0.0502144917845726, elapsed_time: 222.28274536132812
2025-07-30 04:44:21,623 - 4DGaussians_dnerf/bending - INFO - Iteration 10300 - stage: fine, loss: 0.009890835732221603, ema_loss: 0.014686436473967515, psnr: 24.24969482421875, ema_psnr: 22.628151106029954, total_points: 54700, l1_loss: 0.009890835732221603, elapsed_time: 222.382080078125
2025-07-30 04:44:49,674 - 4DGaussians_dnerf/bending - INFO - Iteration 10400 - stage: fine, loss: 0.013260697945952415, ema_loss: 0.014919572772594461, psnr: 22.941509246826172, ema_psnr: 22.727144646155995, total_points: 55020, l1_loss: 0.013260697945952415, elapsed_time: 222.42630004882812
2025-07-30 04:45:17,738 - 4DGaussians_dnerf/bending - INFO - Iteration 10500 - stage: fine, loss: 0.02072654850780964, ema_loss: 0.02252489134277802, psnr: 20.529102325439453, ema_psnr: 20.17306674448473, total_points: 55273, l1_loss: 0.02072654850780964, elapsed_time: 221.7021484375
2025-07-30 04:45:46,020 - 4DGaussians_dnerf/bending - INFO - Iteration 10600 - stage: fine, loss: 0.028676947578787804, ema_loss: 0.02781076626837612, psnr: 18.214040756225586, ema_psnr: 19.135954319488235, total_points: 55475, l1_loss: 0.028676947578787804, elapsed_time: 223.80953979492188
2025-07-30 04:46:14,364 - 4DGaussians_dnerf/bending - INFO - Iteration 10700 - stage: fine, loss: 0.014758793637156487, ema_loss: 0.020952821095038272, psnr: 22.60196304321289, ema_psnr: 20.53667665439115, total_points: 55980, l1_loss: 0.014758793637156487, elapsed_time: 224.1688690185547
2025-07-30 04:46:42,778 - 4DGaussians_dnerf/bending - INFO - Iteration 10800 - stage: fine, loss: 0.019623298197984695, ema_loss: 0.023893850433618448, psnr: 20.183401107788086, ema_psnr: 20.2623369001028, total_points: 56171, l1_loss: 0.019623298197984695, elapsed_time: 225.9640350341797
2025-07-30 04:47:11,219 - 4DGaussians_dnerf/bending - INFO - Iteration 10900 - stage: fine, loss: 0.013006395660340786, ema_loss: 0.014448384298083986, psnr: 22.972288131713867, ema_psnr: 22.993043597597186, total_points: 56319, l1_loss: 0.013006395660340786, elapsed_time: 227.0689239501953
2025-07-30 04:47:39,753 - 4DGaussians_dnerf/bending - INFO - Iteration 11000 - stage: fine, loss: 0.02634946070611477, ema_loss: 0.019137109623982723, psnr: 18.458887100219727, ema_psnr: 21.307238833101593, total_points: 56767, l1_loss: 0.02634946070611477, elapsed_time: 226.7895050048828
2025-07-30 04:48:08,398 - 4DGaussians_dnerf/bending - INFO - Iteration 11100 - stage: fine, loss: 0.010257859714329243, ema_loss: 0.01565533044894693, psnr: 23.729663848876953, ema_psnr: 22.06418516627074, total_points: 57326, l1_loss: 0.010257859714329243, elapsed_time: 228.27317810058594
2025-07-30 04:48:37,096 - 4DGaussians_dnerf/bending - INFO - Iteration 11200 - stage: fine, loss: 0.011848917230963707, ema_loss: 0.021400482938831296, psnr: 23.40083885192871, ema_psnr: 20.615696104830732, total_points: 57911, l1_loss: 0.011848917230963707, elapsed_time: 228.4073028564453
2025-07-30 04:49:05,939 - 4DGaussians_dnerf/bending - INFO - Iteration 11300 - stage: fine, loss: 0.02282007411122322, ema_loss: 0.020174034337376204, psnr: 19.41118812561035, ema_psnr: 20.265245329852334, total_points: 58561, l1_loss: 0.02282007411122322, elapsed_time: 229.37088012695312
2025-07-30 04:49:34,774 - 4DGaussians_dnerf/bending - INFO - Iteration 11400 - stage: fine, loss: 0.012449058704078197, ema_loss: 0.016383310034090277, psnr: 23.990877151489258, ema_psnr: 22.898445409089057, total_points: 59192, l1_loss: 0.012449058704078197, elapsed_time: 229.49484252929688
2025-07-30 04:50:03,713 - 4DGaussians_dnerf/bending - INFO - Iteration 11500 - stage: fine, loss: 0.02801104262471199, ema_loss: 0.025931301650113998, psnr: 18.303302764892578, ema_psnr: 18.945152704399245, total_points: 59377, l1_loss: 0.02801104262471199, elapsed_time: 230.4072265625
2025-07-30 04:50:32,662 - 4DGaussians_dnerf/bending - INFO - Iteration 11600 - stage: fine, loss: 0.02035771682858467, ema_loss: 0.022838234928688916, psnr: 19.824687957763672, ema_psnr: 20.25534165786855, total_points: 59769, l1_loss: 0.02035771682858467, elapsed_time: 230.55462646484375
2025-07-30 04:51:01,661 - 4DGaussians_dnerf/bending - INFO - Iteration 11700 - stage: fine, loss: 0.00999385304749012, ema_loss: 0.013671357417484167, psnr: 24.088075637817383, ema_psnr: 22.637980878061825, total_points: 59933, l1_loss: 0.00999385304749012, elapsed_time: 230.7123260498047
2025-07-30 04:51:30,704 - 4DGaussians_dnerf/bending - INFO - Iteration 11800 - stage: fine, loss: 0.014787577092647552, ema_loss: 0.015940599324325514, psnr: 23.41522216796875, ema_psnr: 22.33452997340328, total_points: 60254, l1_loss: 0.014787577092647552, elapsed_time: 231.12498474121094
2025-07-30 04:51:59,747 - 4DGaussians_dnerf/bending - INFO - Iteration 11900 - stage: fine, loss: 0.0105496346950531, ema_loss: 0.016072999173037023, psnr: 23.77014923095703, ema_psnr: 22.048575806662726, total_points: 60478, l1_loss: 0.0105496346950531, elapsed_time: 232.21145629882812
2025-07-30 04:52:28,782 - 4DGaussians_dnerf/bending - INFO - Iteration 12000 - stage: fine, loss: 0.01560590136796236, ema_loss: 0.0238330782303818, psnr: 22.134801864624023, ema_psnr: 20.36092269410579, total_points: 60610, l1_loss: 0.01560590136796236, elapsed_time: 231.0338592529297
2025-07-30 04:52:57,883 - 4DGaussians_dnerf/bending - INFO - Iteration 12100 - stage: fine, loss: 0.010179931297898293, ema_loss: 0.016906340358956305, psnr: 23.856380462646484, ema_psnr: 21.70537949702477, total_points: 60741, l1_loss: 0.010179931297898293, elapsed_time: 232.5155792236328
2025-07-30 04:53:26,976 - 4DGaussians_dnerf/bending - INFO - Iteration 12200 - stage: fine, loss: 0.00950272660702467, ema_loss: 0.023117128301864003, psnr: 24.221614837646484, ema_psnr: 20.431079748727498, total_points: 60775, l1_loss: 0.00950272660702467, elapsed_time: 233.32345581054688
2025-07-30 04:53:56,083 - 4DGaussians_dnerf/bending - INFO - Iteration 12300 - stage: fine, loss: 0.010836361907422543, ema_loss: 0.016360576305626977, psnr: 24.35114860534668, ema_psnr: 22.088677905455484, total_points: 60897, l1_loss: 0.010836361907422543, elapsed_time: 232.52992248535156
2025-07-30 04:54:25,239 - 4DGaussians_dnerf/bending - INFO - Iteration 12400 - stage: fine, loss: 0.010181901976466179, ema_loss: 0.011806862007834136, psnr: 25.30703353881836, ema_psnr: 23.948293147008584, total_points: 61324, l1_loss: 0.010181901976466179, elapsed_time: 233.25900268554688
2025-07-30 04:54:54,495 - 4DGaussians_dnerf/bending - INFO - Iteration 12500 - stage: fine, loss: 0.025364669039845467, ema_loss: 0.028915554424549295, psnr: 19.1523380279541, ema_psnr: 18.549759813805643, total_points: 61913, l1_loss: 0.025364669039845467, elapsed_time: 234.2993927001953
2025-07-30 04:55:23,840 - 4DGaussians_dnerf/bending - INFO - Iteration 12600 - stage: fine, loss: 0.03447272628545761, ema_loss: 0.02957141712473927, psnr: 17.473007202148438, ema_psnr: 19.16508872483118, total_points: 62578, l1_loss: 0.03447272628545761, elapsed_time: 234.418212890625
2025-07-30 04:55:53,188 - 4DGaussians_dnerf/bending - INFO - Iteration 12700 - stage: fine, loss: 0.013234082609415054, ema_loss: 0.016375614565943, psnr: 23.03841781616211, ema_psnr: 22.249756339872487, total_points: 63214, l1_loss: 0.013234082609415054, elapsed_time: 235.31826782226562
2025-07-30 04:56:22,599 - 4DGaussians_dnerf/bending - INFO - Iteration 12800 - stage: fine, loss: 0.040185365825891495, ema_loss: 0.028785129932898574, psnr: 16.533357620239258, ema_psnr: 18.956905393417344, total_points: 63415, l1_loss: 0.040185365825891495, elapsed_time: 234.69056701660156
2025-07-30 04:56:52,011 - 4DGaussians_dnerf/bending - INFO - Iteration 12900 - stage: fine, loss: 0.010588360950350761, ema_loss: 0.019348107305437987, psnr: 25.489295959472656, ema_psnr: 22.051343049195683, total_points: 63530, l1_loss: 0.010588360950350761, elapsed_time: 235.1595458984375
2025-07-30 04:57:21,404 - 4DGaussians_dnerf/bending - INFO - Iteration 13000 - stage: fine, loss: 0.03275516256690025, ema_loss: 0.025348892990476993, psnr: 17.91470718383789, ema_psnr: 19.625843525579757, total_points: 63612, l1_loss: 0.03275516256690025, elapsed_time: 234.25433349609375
2025-07-30 04:57:50,850 - 4DGaussians_dnerf/bending - INFO - Iteration 13100 - stage: fine, loss: 0.03234216198325157, ema_loss: 0.02621865209399507, psnr: 18.123130798339844, ema_psnr: 19.657289672184994, total_points: 63725, l1_loss: 0.03234216198325157, elapsed_time: 235.13906860351562
2025-07-30 04:58:20,335 - 4DGaussians_dnerf/bending - INFO - Iteration 13200 - stage: fine, loss: 0.011366753838956356, ema_loss: 0.02183533749788295, psnr: 24.374284744262695, ema_psnr: 21.41346230534276, total_points: 64127, l1_loss: 0.011366753838956356, elapsed_time: 237.9622344970703
2025-07-30 04:58:49,781 - 4DGaussians_dnerf/bending - INFO - Iteration 13300 - stage: fine, loss: 0.009795069694519043, ema_loss: 0.022722376235551088, psnr: 23.789405822753906, ema_psnr: 20.3070220028584, total_points: 64222, l1_loss: 0.009795069694519043, elapsed_time: 236.46823120117188
2025-07-30 04:59:19,303 - 4DGaussians_dnerf/bending - INFO - Iteration 13400 - stage: fine, loss: 0.03004038892686367, ema_loss: 0.0229167090595086, psnr: 18.11860466003418, ema_psnr: 20.094954439456757, total_points: 64307, l1_loss: 0.03004038892686367, elapsed_time: 236.01971435546875
2025-07-30 04:59:49,000 - 4DGaussians_dnerf/bending - INFO - Iteration 13500 - stage: fine, loss: 0.019313720986247063, ema_loss: 0.022547426471890862, psnr: 20.462963104248047, ema_psnr: 19.995980338098114, total_points: 64725, l1_loss: 0.019313720986247063, elapsed_time: 238.097412109375
2025-07-30 05:00:18,767 - 4DGaussians_dnerf/bending - INFO - Iteration 13600 - stage: fine, loss: 0.010823315009474754, ema_loss: 0.013079452805099019, psnr: 23.99315643310547, ema_psnr: 23.270833576987442, total_points: 65321, l1_loss: 0.010823315009474754, elapsed_time: 238.74876403808594
2025-07-30 05:00:48,644 - 4DGaussians_dnerf/bending - INFO - Iteration 13700 - stage: fine, loss: 0.01376870647072792, ema_loss: 0.018279864552138238, psnr: 22.494504928588867, ema_psnr: 21.052831756760128, total_points: 65890, l1_loss: 0.01376870647072792, elapsed_time: 240.00408935546875
2025-07-30 05:01:18,560 - 4DGaussians_dnerf/bending - INFO - Iteration 13800 - stage: fine, loss: 0.011843092739582062, ema_loss: 0.023105691108549, psnr: 22.73486328125, ema_psnr: 19.95522339454626, total_points: 66466, l1_loss: 0.011843092739582062, elapsed_time: 241.80018615722656
2025-07-30 05:01:48,503 - 4DGaussians_dnerf/bending - INFO - Iteration 13900 - stage: fine, loss: 0.010278613306581974, ema_loss: 0.017004873665329972, psnr: 26.398109436035156, ema_psnr: 23.11407766474874, total_points: 67108, l1_loss: 0.010278613306581974, elapsed_time: 240.95834350585938
2025-07-30 05:02:18,506 - 4DGaussians_dnerf/bending - INFO - Iteration 14000 - stage: fine, loss: 0.014069085009396076, ema_loss: 0.027679490866136285, psnr: 23.31035804748535, ema_psnr: 20.117403520814733, total_points: 67738, l1_loss: 0.014069085009396076, elapsed_time: 240.8028106689453
2025-07-30 05:02:48,517 - 4DGaussians_dnerf/bending - INFO - Iteration 14100 - stage: fine, loss: 0.011907614767551422, ema_loss: 0.014407026932849298, psnr: 22.79360580444336, ema_psnr: 23.042994706080517, total_points: 68347, l1_loss: 0.011907614767551422, elapsed_time: 241.2842254638672
2025-07-30 05:03:18,586 - 4DGaussians_dnerf/bending - INFO - Iteration 14200 - stage: fine, loss: 0.023144351318478584, ema_loss: 0.023567418149841365, psnr: 18.93833351135254, ema_psnr: 20.19847389580437, total_points: 68489, l1_loss: 0.023144351318478584, elapsed_time: 241.82681274414062
2025-07-30 05:03:48,672 - 4DGaussians_dnerf/bending - INFO - Iteration 14300 - stage: fine, loss: 0.008547035045921803, ema_loss: 0.02005706812214676, psnr: 24.776473999023438, ema_psnr: 21.88928545691156, total_points: 68901, l1_loss: 0.008547035045921803, elapsed_time: 242.334716796875
2025-07-30 05:04:18,711 - 4DGaussians_dnerf/bending - INFO - Iteration 14400 - stage: fine, loss: 0.011916358955204487, ema_loss: 0.014233433655053453, psnr: 23.181020736694336, ema_psnr: 22.65625626460271, total_points: 69409, l1_loss: 0.011916358955204487, elapsed_time: 241.46226501464844
2025-07-30 05:04:48,746 - 4DGaussians_dnerf/bending - INFO - Iteration 14500 - stage: fine, loss: 0.0368252769112587, ema_loss: 0.025304397375155864, psnr: 17.353273391723633, ema_psnr: 20.209206336816788, total_points: 69744, l1_loss: 0.0368252769112587, elapsed_time: 241.46841430664062
2025-07-30 05:05:18,862 - 4DGaussians_dnerf/bending - INFO - Iteration 14600 - stage: fine, loss: 0.016268929466605186, ema_loss: 0.019660251565139508, psnr: 21.42241668701172, ema_psnr: 20.784521328023047, total_points: 70267, l1_loss: 0.016268929466605186, elapsed_time: 241.86988830566406
2025-07-30 05:05:48,884 - 4DGaussians_dnerf/bending - INFO - Iteration 14700 - stage: fine, loss: 0.04086962342262268, ema_loss: 0.030190920623067774, psnr: 16.536195755004883, ema_psnr: 18.42232174446595, total_points: 70848, l1_loss: 0.04086962342262268, elapsed_time: 242.01113891601562
2025-07-30 05:06:18,947 - 4DGaussians_dnerf/bending - INFO - Iteration 14800 - stage: fine, loss: 0.02939246967434883, ema_loss: 0.028471037619854644, psnr: 18.158973693847656, ema_psnr: 18.668425927104202, total_points: 71056, l1_loss: 0.02939246967434883, elapsed_time: 242.26304626464844
2025-07-30 05:06:49,063 - 4DGaussians_dnerf/bending - INFO - Iteration 14900 - stage: fine, loss: 0.012041871435940266, ema_loss: 0.014018549879169803, psnr: 23.044628143310547, ema_psnr: 22.76956548746825, total_points: 71196, l1_loss: 0.012041871435940266, elapsed_time: 242.050048828125
2025-07-30 05:07:19,227 - 4DGaussians_dnerf/bending - INFO - Iteration 15000 - stage: fine, loss: 0.009942743927240372, ema_loss: 0.0148821369734869, psnr: 23.077133178710938, ema_psnr: 22.586944630553162, total_points: 71305, l1_loss: 0.009942743927240372, elapsed_time: 244.12261962890625
2025-07-30 05:07:50,926 - 4DGaussians_dnerf/bending - INFO - Iteration 15100 - stage: fine, loss: 0.016711823642253876, ema_loss: 0.017380371766168995, psnr: 20.965625762939453, ema_psnr: 21.39192499346832, total_points: 71305, l1_loss: 0.016711823642253876, elapsed_time: 242.6992645263672
2025-07-30 05:08:21,027 - 4DGaussians_dnerf/bending - INFO - Iteration 15200 - stage: fine, loss: 0.010976060293614864, ema_loss: 0.015753889157272674, psnr: 24.35419273376465, ema_psnr: 22.52038058923381, total_points: 71305, l1_loss: 0.010976060293614864, elapsed_time: 243.23178100585938
2025-07-30 05:08:51,127 - 4DGaussians_dnerf/bending - INFO - Iteration 15300 - stage: fine, loss: 0.033554062247276306, ema_loss: 0.024961424520348538, psnr: 17.55678939819336, ema_psnr: 19.85358684240852, total_points: 71305, l1_loss: 0.033554062247276306, elapsed_time: 241.828857421875
2025-07-30 05:09:21,215 - 4DGaussians_dnerf/bending - INFO - Iteration 15400 - stage: fine, loss: 0.014408535324037075, ema_loss: 0.019390400950624567, psnr: 24.099367141723633, ema_psnr: 21.3790851698057, total_points: 71305, l1_loss: 0.014408535324037075, elapsed_time: 241.93641662597656
2025-07-30 05:09:51,309 - 4DGaussians_dnerf/bending - INFO - Iteration 15500 - stage: fine, loss: 0.008387671783566475, ema_loss: 0.015797962880976138, psnr: 24.97014808654785, ema_psnr: 22.905722053353337, total_points: 71305, l1_loss: 0.008387671783566475, elapsed_time: 243.21434020996094
2025-07-30 05:10:21,403 - 4DGaussians_dnerf/bending - INFO - Iteration 15600 - stage: fine, loss: 0.009440185502171516, ema_loss: 0.012178751459027568, psnr: 25.005207061767578, ema_psnr: 23.891470171776795, total_points: 71305, l1_loss: 0.009440185502171516, elapsed_time: 243.04844665527344
2025-07-30 05:10:51,503 - 4DGaussians_dnerf/bending - INFO - Iteration 15700 - stage: fine, loss: 0.015526646748185158, ema_loss: 0.022072010451171187, psnr: 21.41238021850586, ema_psnr: 20.061838330003585, total_points: 71305, l1_loss: 0.015526646748185158, elapsed_time: 243.46726989746094
2025-07-30 05:11:21,603 - 4DGaussians_dnerf/bending - INFO - Iteration 15800 - stage: fine, loss: 0.018197834491729736, ema_loss: 0.020454797590150654, psnr: 20.37105369567871, ema_psnr: 20.16559910104112, total_points: 71305, l1_loss: 0.018197834491729736, elapsed_time: 242.68492126464844
2025-07-30 05:11:51,712 - 4DGaussians_dnerf/bending - INFO - Iteration 15900 - stage: fine, loss: 0.01198254618793726, ema_loss: 0.023936083492259577, psnr: 23.2990665435791, ema_psnr: 20.082477920555853, total_points: 71305, l1_loss: 0.01198254618793726, elapsed_time: 242.73202514648438
2025-07-30 05:12:21,808 - 4DGaussians_dnerf/bending - INFO - Iteration 16000 - stage: fine, loss: 0.017440078780055046, ema_loss: 0.017912099374967804, psnr: 20.765933990478516, ema_psnr: 21.187956823081606, total_points: 71305, l1_loss: 0.017440078780055046, elapsed_time: 242.9870147705078
2025-07-30 05:12:51,882 - 4DGaussians_dnerf/bending - INFO - Iteration 16100 - stage: fine, loss: 0.03137921914458275, ema_loss: 0.029088567414267873, psnr: 17.25404930114746, ema_psnr: 18.55545310356665, total_points: 71305, l1_loss: 0.03137921914458275, elapsed_time: 242.68800354003906
2025-07-30 05:13:21,960 - 4DGaussians_dnerf/bending - INFO - Iteration 16200 - stage: fine, loss: 0.01256927102804184, ema_loss: 0.01686105149353849, psnr: 22.97948455810547, ema_psnr: 21.586948021020987, total_points: 71305, l1_loss: 0.01256927102804184, elapsed_time: 242.66554260253906
2025-07-30 05:13:52,049 - 4DGaussians_dnerf/bending - INFO - Iteration 16300 - stage: fine, loss: 0.03787717968225479, ema_loss: 0.03167175034223642, psnr: 16.802776336669922, ema_psnr: 18.474516697920276, total_points: 71305, l1_loss: 0.03787717968225479, elapsed_time: 243.0023651123047
2025-07-30 05:14:22,137 - 4DGaussians_dnerf/bending - INFO - Iteration 16400 - stage: fine, loss: 0.010829735547304153, ema_loss: 0.021288738037115878, psnr: 23.849002838134766, ema_psnr: 20.625303730192712, total_points: 71305, l1_loss: 0.010829735547304153, elapsed_time: 243.8923797607422
2025-07-30 05:14:52,227 - 4DGaussians_dnerf/bending - INFO - Iteration 16500 - stage: fine, loss: 0.007411157712340355, ema_loss: 0.015490364506882919, psnr: 26.830184936523438, ema_psnr: 23.048128534340414, total_points: 71305, l1_loss: 0.007411157712340355, elapsed_time: 241.71519470214844
2025-07-30 05:15:22,323 - 4DGaussians_dnerf/bending - INFO - Iteration 16600 - stage: fine, loss: 0.012618171982467175, ema_loss: 0.017053700965399526, psnr: 22.82302474975586, ema_psnr: 22.04009271534984, total_points: 71305, l1_loss: 0.012618171982467175, elapsed_time: 244.05810546875
2025-07-30 05:15:52,414 - 4DGaussians_dnerf/bending - INFO - Iteration 16700 - stage: fine, loss: 0.012126912362873554, ema_loss: 0.02170354421329528, psnr: 23.596378326416016, ema_psnr: 20.66713178805206, total_points: 71305, l1_loss: 0.012126912362873554, elapsed_time: 244.0806427001953
2025-07-30 05:16:22,499 - 4DGaussians_dnerf/bending - INFO - Iteration 16800 - stage: fine, loss: 0.026004906743764877, ema_loss: 0.019101663996112787, psnr: 18.446945190429688, ema_psnr: 21.583468871982653, total_points: 71305, l1_loss: 0.026004906743764877, elapsed_time: 243.10272216796875
2025-07-30 05:16:52,587 - 4DGaussians_dnerf/bending - INFO - Iteration 16900 - stage: fine, loss: 0.0260483305901289, ema_loss: 0.02012628886361514, psnr: 18.987428665161133, ema_psnr: 20.976473367131916, total_points: 71305, l1_loss: 0.0260483305901289, elapsed_time: 242.65318298339844
2025-07-30 05:17:22,661 - 4DGaussians_dnerf/bending - INFO - Iteration 17000 - stage: fine, loss: 0.014958174899220467, ema_loss: 0.02410539930426752, psnr: 21.751602172851562, ema_psnr: 19.598220101183756, total_points: 71305, l1_loss: 0.014958174899220467, elapsed_time: 241.2779541015625
2025-07-30 05:17:52,747 - 4DGaussians_dnerf/bending - INFO - Iteration 17100 - stage: fine, loss: 0.01935969479382038, ema_loss: 0.020213820853996752, psnr: 20.144657135009766, ema_psnr: 21.093613839045897, total_points: 71305, l1_loss: 0.01935969479382038, elapsed_time: 242.9718017578125
2025-07-30 05:18:22,825 - 4DGaussians_dnerf/bending - INFO - Iteration 17200 - stage: fine, loss: 0.011639317497611046, ema_loss: 0.012927383957516685, psnr: 24.916492462158203, ema_psnr: 23.752511316251045, total_points: 71305, l1_loss: 0.011639317497611046, elapsed_time: 242.6746826171875
2025-07-30 05:18:52,912 - 4DGaussians_dnerf/bending - INFO - Iteration 17300 - stage: fine, loss: 0.008650101721286774, ema_loss: 0.013938753391049788, psnr: 25.014251708984375, ema_psnr: 23.524433183431967, total_points: 71305, l1_loss: 0.008650101721286774, elapsed_time: 243.47955322265625
2025-07-30 05:19:23,004 - 4DGaussians_dnerf/bending - INFO - Iteration 17400 - stage: fine, loss: 0.01678626984357834, ema_loss: 0.023158381643165075, psnr: 20.935375213623047, ema_psnr: 20.301894388619793, total_points: 71305, l1_loss: 0.01678626984357834, elapsed_time: 242.38592529296875
2025-07-30 05:19:53,093 - 4DGaussians_dnerf/bending - INFO - Iteration 17500 - stage: fine, loss: 0.030589634552598, ema_loss: 0.020795384997871584, psnr: 17.701074600219727, ema_psnr: 20.843168889667723, total_points: 71305, l1_loss: 0.030589634552598, elapsed_time: 242.05516052246094
2025-07-30 05:20:23,169 - 4DGaussians_dnerf/bending - INFO - Iteration 17600 - stage: fine, loss: 0.010477274656295776, ema_loss: 0.015131784057035094, psnr: 25.44356346130371, ema_psnr: 22.625201365700182, total_points: 71305, l1_loss: 0.010477274656295776, elapsed_time: 242.5181427001953
2025-07-30 05:20:53,238 - 4DGaussians_dnerf/bending - INFO - Iteration 17700 - stage: fine, loss: 0.00983955804258585, ema_loss: 0.012053060834722943, psnr: 24.375511169433594, ema_psnr: 23.74206857695058, total_points: 71305, l1_loss: 0.00983955804258585, elapsed_time: 243.061767578125
2025-07-30 05:21:23,326 - 4DGaussians_dnerf/bending - INFO - Iteration 17800 - stage: fine, loss: 0.017809994518756866, ema_loss: 0.01743477520123632, psnr: 21.151996612548828, ema_psnr: 21.501460996693996, total_points: 71305, l1_loss: 0.017809994518756866, elapsed_time: 242.52517700195312
2025-07-30 05:21:53,412 - 4DGaussians_dnerf/bending - INFO - Iteration 17900 - stage: fine, loss: 0.04156685248017311, ema_loss: 0.03102656106051694, psnr: 16.728952407836914, ema_psnr: 18.680330677034565, total_points: 71305, l1_loss: 0.04156685248017311, elapsed_time: 242.84979248046875
2025-07-30 05:22:23,497 - 4DGaussians_dnerf/bending - INFO - Iteration 18000 - stage: fine, loss: 0.007755517493933439, ema_loss: 0.02143424704767094, psnr: 26.714155197143555, ema_psnr: 21.97882399903456, total_points: 71305, l1_loss: 0.007755517493933439, elapsed_time: 242.914306640625
2025-07-30 05:22:53,587 - 4DGaussians_dnerf/bending - INFO - Iteration 18100 - stage: fine, loss: 0.007973188534379005, ema_loss: 0.022299463069391408, psnr: 26.30485725402832, ema_psnr: 21.498380514028483, total_points: 71305, l1_loss: 0.007973188534379005, elapsed_time: 242.78118896484375
2025-07-30 05:23:23,658 - 4DGaussians_dnerf/bending - INFO - Iteration 18200 - stage: fine, loss: 0.038237810134887695, ema_loss: 0.029957903993461033, psnr: 17.217453002929688, ema_psnr: 18.71212036016667, total_points: 71305, l1_loss: 0.038237810134887695, elapsed_time: 243.08018493652344
2025-07-30 05:23:53,726 - 4DGaussians_dnerf/bending - INFO - Iteration 18300 - stage: fine, loss: 0.021424131467938423, ema_loss: 0.021773590644525144, psnr: 19.430320739746094, ema_psnr: 20.335594010644954, total_points: 71305, l1_loss: 0.021424131467938423, elapsed_time: 242.70233154296875
2025-07-30 05:24:23,812 - 4DGaussians_dnerf/bending - INFO - Iteration 18400 - stage: fine, loss: 0.008630486205220222, ema_loss: 0.016775765190117836, psnr: 26.416767120361328, ema_psnr: 23.048390828360827, total_points: 71305, l1_loss: 0.008630486205220222, elapsed_time: 241.89645385742188
2025-07-30 05:24:53,878 - 4DGaussians_dnerf/bending - INFO - Iteration 18500 - stage: fine, loss: 0.008946605026721954, ema_loss: 0.016320345755446435, psnr: 24.6824951171875, ema_psnr: 21.954595815860962, total_points: 71305, l1_loss: 0.008946605026721954, elapsed_time: 243.44895935058594
2025-07-30 05:25:23,954 - 4DGaussians_dnerf/bending - INFO - Iteration 18600 - stage: fine, loss: 0.03427448123693466, ema_loss: 0.02798581431791142, psnr: 16.647533416748047, ema_psnr: 18.866341781877303, total_points: 71305, l1_loss: 0.03427448123693466, elapsed_time: 242.4258575439453
2025-07-30 05:25:54,034 - 4DGaussians_dnerf/bending - INFO - Iteration 18700 - stage: fine, loss: 0.030567526817321777, ema_loss: 0.024215840934430147, psnr: 18.36949348449707, ema_psnr: 19.93452949598502, total_points: 71305, l1_loss: 0.030567526817321777, elapsed_time: 242.22618103027344
2025-07-30 05:26:24,116 - 4DGaussians_dnerf/bending - INFO - Iteration 18800 - stage: fine, loss: 0.006471188273280859, ema_loss: 0.014891666592906729, psnr: 26.931781768798828, ema_psnr: 23.29978430538891, total_points: 71305, l1_loss: 0.006471188273280859, elapsed_time: 243.48570251464844
2025-07-30 05:26:54,204 - 4DGaussians_dnerf/bending - INFO - Iteration 18900 - stage: fine, loss: 0.011556700803339481, ema_loss: 0.01761305423197161, psnr: 24.803939819335938, ema_psnr: 21.903819072235027, total_points: 71305, l1_loss: 0.011556700803339481, elapsed_time: 241.98556518554688
2025-07-30 05:27:24,281 - 4DGaussians_dnerf/bending - INFO - Iteration 19000 - stage: fine, loss: 0.028076553717255592, ema_loss: 0.0218457271943251, psnr: 18.063737869262695, ema_psnr: 20.21022541796222, total_points: 71305, l1_loss: 0.028076553717255592, elapsed_time: 243.0504913330078
2025-07-30 05:27:54,351 - 4DGaussians_dnerf/bending - INFO - Iteration 19100 - stage: fine, loss: 0.03318590298295021, ema_loss: 0.030148094469859884, psnr: 17.00741195678711, ema_psnr: 17.998778592528744, total_points: 71305, l1_loss: 0.03318590298295021, elapsed_time: 239.4767303466797
2025-07-30 05:28:24,403 - 4DGaussians_dnerf/bending - INFO - Iteration 19200 - stage: fine, loss: 0.024804117158055305, ema_loss: 0.01821391651648458, psnr: 18.79465103149414, ema_psnr: 21.07490111249838, total_points: 71305, l1_loss: 0.024804117158055305, elapsed_time: 242.56410217285156
2025-07-30 05:28:54,469 - 4DGaussians_dnerf/bending - INFO - Iteration 19300 - stage: fine, loss: 0.02188125252723694, ema_loss: 0.022567739656115946, psnr: 19.145179748535156, ema_psnr: 19.57649565647445, total_points: 71305, l1_loss: 0.02188125252723694, elapsed_time: 242.93580627441406
2025-07-30 05:29:24,549 - 4DGaussians_dnerf/bending - INFO - Iteration 19400 - stage: fine, loss: 0.015585882589221, ema_loss: 0.01418094299058498, psnr: 21.78470802307129, ema_psnr: 22.403183758599795, total_points: 71305, l1_loss: 0.015585882589221, elapsed_time: 242.2159423828125
2025-07-30 05:29:54,621 - 4DGaussians_dnerf/bending - INFO - Iteration 19500 - stage: fine, loss: 0.009367149323225021, ema_loss: 0.013987947822231929, psnr: 26.047657012939453, ema_psnr: 23.616665665054885, total_points: 71305, l1_loss: 0.009367149323225021, elapsed_time: 241.7664031982422
2025-07-30 05:30:24,687 - 4DGaussians_dnerf/bending - INFO - Iteration 19600 - stage: fine, loss: 0.021234901621937752, ema_loss: 0.028093609807137456, psnr: 19.58402442932129, ema_psnr: 18.49434857019512, total_points: 71305, l1_loss: 0.021234901621937752, elapsed_time: 242.92250061035156
2025-07-30 05:30:54,761 - 4DGaussians_dnerf/bending - INFO - Iteration 19700 - stage: fine, loss: 0.008900720626115799, ema_loss: 0.012812551761778644, psnr: 24.46672821044922, ema_psnr: 23.211734883736877, total_points: 71305, l1_loss: 0.008900720626115799, elapsed_time: 243.1743927001953
2025-07-30 05:31:24,828 - 4DGaussians_dnerf/bending - INFO - Iteration 19800 - stage: fine, loss: 0.03349800407886505, ema_loss: 0.02993096947300064, psnr: 17.300437927246094, ema_psnr: 18.393805042576847, total_points: 71305, l1_loss: 0.03349800407886505, elapsed_time: 242.68202209472656
2025-07-30 05:31:54,911 - 4DGaussians_dnerf/bending - INFO - Iteration 19900 - stage: fine, loss: 0.016017304733395576, ema_loss: 0.017968134188263617, psnr: 21.026456832885742, ema_psnr: 21.277944276927773, total_points: 71305, l1_loss: 0.016017304733395576, elapsed_time: 242.4995880126953
2025-07-30 05:32:24,993 - 4DGaussians_dnerf/bending - INFO - Iteration 20000 - stage: fine, loss: 0.01382104679942131, ema_loss: 0.017774273916741738, psnr: 23.614652633666992, ema_psnr: 21.521087382430718, total_points: 71305, l1_loss: 0.01382104679942131, elapsed_time: 243.27593994140625
2025-07-30 05:32:31,531 - 4DGaussians_dnerf/bending - INFO - ✅ 4DGaussians 训练完成
2025-07-30 05:32:31,532 - 4DGaussians_dnerf/bending - INFO - final_point_count: 71305
2025-07-30 05:32:31,532 - 4DGaussians_dnerf/bending - INFO - model_path: ./output/dnerf/bending
